2025-04-24 16:28:29,563 - numexpr.utils - INFO - NumExpr defaulting to 8 threads.
2025-04-24 16:29:00,031 - telethon.crypto.aes - INFO - libssl detected, it will be used for encryption
2025-04-24 16:29:52,648 - FundamentalPipeline - INFO - Processing tickers: ['SBER', 'GAZP', 'LKOH', 'GMKN', 'ROSN', 'TATN', 'MTSS', 'ALRS', 'SNGS', 'NVTK', 'MVID', 'PHOR', 'SIBN', 'AFKS', 'MAGN', 'RUAL']
2025-04-24 16:29:52,653 - FundamentalPipeline - INFO - Fetching data for SBER
2025-04-24 16:29:53,435 - FundamentalPipeline - INFO - Successfully processed SBER
2025-04-24 16:29:53,436 - FundamentalPipeline - INFO - Fetching data for GAZP
2025-04-24 16:29:53,815 - FundamentalPipeline - INFO - Successfully processed GAZP
2025-04-24 16:29:53,816 - FundamentalPipeline - INFO - Fetching data for LKOH
2025-04-24 16:29:54,082 - FundamentalPipeline - INFO - Successfully processed LKOH
2025-04-24 16:29:54,083 - FundamentalPipeline - INFO - Fetching data for GMKN
2025-04-24 16:29:54,484 - FundamentalPipeline - INFO - Successfully processed GMKN
2025-04-24 16:29:54,485 - FundamentalPipeline - INFO - Fetching data for ROSN
2025-04-24 16:29:54,846 - FundamentalPipeline - INFO - Successfully processed ROSN
2025-04-24 16:29:54,847 - FundamentalPipeline - INFO - Fetching data for TATN
2025-04-24 16:29:55,251 - FundamentalPipeline - INFO - Successfully processed TATN
2025-04-24 16:29:55,252 - FundamentalPipeline - INFO - Fetching data for MTSS
2025-04-24 16:30:36,673 - FundamentalPipeline - INFO - Processing tickers: ['SBER', 'GAZP', 'LKOH', 'GMKN', 'ROSN', 'TATN', 'MTSS', 'ALRS', 'SNGS', 'NVTK', 'MVID', 'PHOR', 'SIBN', 'AFKS', 'MAGN', 'RUAL']
2025-04-24 16:30:36,674 - FundamentalPipeline - INFO - Fetching data for SBER
2025-04-24 16:30:36,954 - FundamentalPipeline - INFO - Successfully processed SBER
2025-04-24 16:30:36,955 - FundamentalPipeline - INFO - Fetching data for GAZP
2025-04-24 16:30:37,243 - FundamentalPipeline - INFO - Successfully processed GAZP
2025-04-24 16:30:37,244 - FundamentalPipeline - INFO - Fetching data for LKOH
2025-04-24 16:30:37,686 - FundamentalPipeline - INFO - Successfully processed LKOH
2025-04-24 16:30:37,687 - FundamentalPipeline - INFO - Fetching data for GMKN
2025-04-24 16:30:38,001 - FundamentalPipeline - INFO - Successfully processed GMKN
2025-04-24 16:30:38,002 - FundamentalPipeline - INFO - Fetching data for ROSN
2025-04-24 16:30:38,264 - FundamentalPipeline - INFO - Successfully processed ROSN
2025-04-24 16:30:38,265 - FundamentalPipeline - INFO - Fetching data for TATN
2025-04-24 16:30:38,550 - FundamentalPipeline - INFO - Successfully processed TATN
2025-04-24 16:30:38,551 - FundamentalPipeline - INFO - Fetching data for MTSS
2025-04-24 16:30:38,942 - FundamentalPipeline - INFO - Successfully processed MTSS
2025-04-24 16:30:38,943 - FundamentalPipeline - INFO - Fetching data for ALRS
2025-04-24 16:30:39,231 - FundamentalPipeline - INFO - Successfully processed ALRS
2025-04-24 16:30:39,232 - FundamentalPipeline - INFO - Fetching data for SNGS
2025-04-24 16:30:39,608 - FundamentalPipeline - INFO - Successfully processed SNGS
2025-04-24 16:30:39,609 - FundamentalPipeline - INFO - Fetching data for NVTK
2025-04-24 16:30:39,993 - FundamentalPipeline - INFO - Successfully processed NVTK
2025-04-24 16:30:39,994 - FundamentalPipeline - INFO - Fetching data for MVID
2025-04-24 16:30:40,686 - FundamentalPipeline - INFO - Successfully processed MVID
2025-04-24 16:30:40,686 - FundamentalPipeline - INFO - Fetching data for PHOR
2025-04-24 16:30:41,113 - FundamentalPipeline - INFO - Successfully processed PHOR
2025-04-24 16:30:41,114 - FundamentalPipeline - INFO - Fetching data for SIBN
2025-04-24 16:30:41,460 - FundamentalPipeline - INFO - Successfully processed SIBN
2025-04-24 16:30:41,461 - FundamentalPipeline - INFO - Fetching data for AFKS
2025-04-24 16:30:41,843 - FundamentalPipeline - INFO - Successfully processed AFKS
2025-04-24 16:30:41,844 - FundamentalPipeline - INFO - Fetching data for MAGN
