2025-04-25 21:52:22 - BondsKBDReport - INFO - Комбинированный отчет сохранен в /Users/aeshef/Documents/GitHub/kursach/data/processed_data/BONDS/results/bonds_kbd_report_20250425.html
2025-04-25 22:43:00 - BondsKBDReport - INFO - Комбинированный отчет сохранен в /Users/aeshef/Documents/GitHub/kursach/data/processed_data/BONDS/results/bonds_kbd_report_20250425.html
2025-04-25 22:44:51 - BondsKBDReport - INFO - Комбинированный отчет сохранен в /Users/aeshef/Documents/GitHub/kursach/data/processed_data/BONDS/kbd/bonds_kbd_report_20250425.html
2025-04-25 22:45:53 - BondsKBDReport - INFO - Комбинированный отчет сохранен в /Users/aeshef/Documents/GitHub/kursach/data/processed_data/BONDS/kbd/bonds_kbd_report_20250425.html
2025-04-25 23:36:50 - BondsKBDReport - INFO - Комбинированный отчет сохранен в /Users/aeshef/Documents/GitHub/kursach/data/processed_data/BONDS/kbd/bonds_kbd_report_20250425.html
2025-04-25 23:37:31 - BondsKBDReport - INFO - Комбинированный отчет сохранен в /Users/aeshef/Documents/GitHub/kursach/data/processed_data/BONDS/results/bonds_kbd_report_20250425.html
2025-04-25 23:37:49 - BondsKBDReport - INFO - Комбинированный отчет сохранен в /Users/aeshef/Documents/GitHub/kursach/data/processed_data/BONDS/results/bonds_kbd_report_20250425.html
2025-04-26 00:00:06 - BondsKBDReport - INFO - Комбинированный отчет сохранен в /Users/aeshef/Documents/GitHub/kursach/data/processed_data/BONDS/results/bonds_kbd_report_20250426.html
2025-04-26 00:20:48 - BondsKBDReport - INFO - Комбинированный отчет сохранен в /Users/aeshef/Documents/GitHub/kursach/data/processed_data/BONDS/results/bonds_kbd_report_20250426.html
2025-04-26 00:25:26 - BondsKBDReport - INFO - Комбинированный отчет сохранен в /Users/aeshef/Documents/GitHub/kursach/data/processed_data/BONDS/results/bonds_kbd_report_20250426.html
2025-04-26 00:30:59 - BondsKBDReport - INFO - Комбинированный отчет сохранен в /Users/aeshef/Documents/GitHub/kursach/data/processed_data/BONDS/results/bonds_kbd_report_20250426.html
2025-04-26 00:47:15 - BondsKBDReport - INFO - Комбинированный отчет сохранен в /Users/aeshef/Documents/GitHub/kursach/data/processed_data/BONDS/kbd/reports/bonds_kbd_report_20250426.html
2025-04-26 01:03:40 - BondsKBDReport - INFO - Комбинированный отчет сохранен в /Users/aeshef/Documents/GitHub/kursach/data/processed_data/BONDS/kbd/reports/bonds_kbd_report_20250426.html
2025-04-26 01:23:31 - BondsKBDReport - INFO - Комбинированный отчет сохранен в /Users/aeshef/Documents/GitHub/kursach/data/processed_data/BONDS/kbd/reports/bonds_kbd_report_20250426_012330.html
2025-04-26 01:25:26 - BondsKBDReport - INFO - Комбинированный отчет сохранен в /Users/aeshef/Documents/GitHub/kursach/data/processed_data/BONDS/kbd/reports/bonds_kbd_report_20250426_012525.html
2025-04-26 15:26:52 - BondsKBDReport - INFO - Комбинированный отчет сохранен в /Users/aeshef/Documents/GitHub/kursach/data/processed_data/BONDS/kbd/reports/bonds_kbd_report_20250426_152651.html
2025-04-26 16:27:26 - BondsKBDReport - INFO - Комбинированный отчет сохранен в /Users/aeshef/Documents/GitHub/kursach/data/processed_data/BONDS/kbd/reports/bonds_kbd_report_20250426_162725.html
2025-04-26 16:34:03 - BondsKBDReport - INFO - Комбинированный отчет сохранен в /Users/aeshef/Documents/GitHub/kursach/data/processed_data/BONDS/kbd/reports/bonds_kbd_report_20250426_163402.html
2025-04-26 16:34:13 - BondsKBDReport - INFO - Комбинированный отчет сохранен в /Users/aeshef/Documents/GitHub/kursach/data/processed_data/BONDS/kbd/reports/bonds_kbd_report_20250426_163412.html
2025-04-26 16:35:37 - BondsKBDReport - INFO - Комбинированный отчет сохранен в /Users/aeshef/Documents/GitHub/kursach/data/processed_data/BONDS/kbd/reports/bonds_kbd_report_20250426_163536.html
2025-04-26 18:58:08 - BondsKBDReport - INFO - Комбинированный отчет сохранен в /Users/aeshef/Documents/GitHub/kursach/data/processed_data/BONDS/kbd/reports/bonds_kbd_report_20250426_185807.html
2025-04-26 19:21:30 - BondsKBDReport - INFO - Комбинированный отчет сохранен в /Users/aeshef/Documents/GitHub/kursach/data/processed_data/BONDS/kbd/reports/bonds_kbd_report_20250426_192129.html
2025-04-26 19:43:20 - BondsKBDReport - INFO - Комбинированный отчет сохранен в /Users/aeshef/Documents/GitHub/kursach/data/processed_data/BONDS/kbd/reports/bonds_kbd_report_20250426_194318.html
2025-04-26 19:44:55 - BondsKBDReport - INFO - Комбинированный отчет сохранен в /Users/aeshef/Documents/GitHub/kursach/data/processed_data/BONDS/kbd/reports/bonds_kbd_report_20250426_194454.html
2025-04-27 15:54:53 - BondsKBDReport - INFO - Комбинированный отчет сохранен в /Users/aeshef/Documents/GitHub/kursach/data/processed_data/BONDS/kbd/reports/bonds_kbd_report_20250427_155451.html
2025-04-27 15:55:24 - BondsKBDReport - INFO - Комбинированный отчет сохранен в /Users/aeshef/Documents/GitHub/kursach/data/processed_data/BONDS/kbd/reports/bonds_kbd_report_20250427_155522.html
2025-04-27 16:09:07 - BondsKBDReport - INFO - Комбинированный отчет сохранен в /Users/aeshef/Documents/GitHub/kursach/data/processed_data/BONDS/kbd/reports/bonds_kbd_report_20250427_160905.html
2025-04-27 16:09:21 - BondsKBDReport - INFO - Комбинированный отчет сохранен в /Users/aeshef/Documents/GitHub/kursach/data/processed_data/BONDS/kbd/reports/bonds_kbd_report_20250427_160919.html
2025-04-27 16:11:04 - BondsKBDReport - INFO - Комбинированный отчет сохранен в /Users/aeshef/Documents/GitHub/kursach/data/processed_data/BONDS/kbd/reports/bonds_kbd_report_20250427_161103.html
2025-04-27 16:11:42 - BondsKBDReport - INFO - Комбинированный отчет сохранен в /Users/aeshef/Documents/GitHub/kursach/data/pipeline_runs/run_20250427_161138_balanced_portfolio_0427_1611/bonds/reports/bonds_kbd_report_20250427_161140.html
2025-04-27 16:12:27 - BondsKBDReport - INFO - Комбинированный отчет сохранен в /Users/aeshef/Documents/GitHub/kursach/data/pipeline_runs/run_20250427_161225_balanced_portfolio_0427_1612/bonds/reports/bonds_kbd_report_20250427_161225.html
2025-04-27 16:41:06 - BondsKBDReport - INFO - Комбинированный отчет сохранен в /Users/aeshef/Documents/GitHub/kursach/data/pipeline_runs/run_20250427_164104_balanced_portfolio_0427_1641/bonds/reports/bonds_kbd_report_20250427_164105.html
2025-04-27 16:50:48 - BondsKBDReport - INFO - Комбинированный отчет сохранен в /Users/aeshef/Documents/GitHub/kursach/data/pipeline_runs/run_20250427_165046_balanced_portfolio_0427_1650/bonds/reports/bonds_kbd_report_20250427_165046.html
2025-04-27 17:47:08 - BondsKBDReport - INFO - Комбинированный отчет сохранен в /Users/aeshef/Documents/GitHub/kursach/data/pipeline_runs/run_20250427_174651_balanced_portfolio_0427_1746/bonds/reports/bonds_kbd_report_20250427_174705.html
2025-04-27 18:13:50 - BondsKBDReport - INFO - Комбинированный отчет сохранен в /Users/aeshef/Documents/GitHub/kursach/data/pipeline_runs/run_20250427_181346_balanced_portfolio_0427_1813/bonds/reports/bonds_kbd_report_20250427_181348.html
2025-04-27 18:20:14 - BondsKBDReport - INFO - Комбинированный отчет сохранен в /Users/aeshef/Documents/GitHub/kursach/data/pipeline_runs/run_20250427_182012_balanced_portfolio_0427_1820/bonds/reports/bonds_kbd_report_20250427_182012.html
