2025-04-26 13:12:21 - DataIntegrator - INFO - Обработка тикера SBER...
2025-04-26 13:12:21 - DataIntegrator - INFO - Данные для SBER загружены за период: 2024-01-02 - 2025-04-14
2025-04-26 13:12:21 - DataIntegrator - INFO -   - Обнаружено 5480 пропущенных значений для SBER
2025-04-26 13:12:21 - DataIntegrator - INFO -   - Пропущенные значения заполнены методом zero
2025-04-26 13:12:21 - DataIntegrator - INFO - Обработка тикера GAZP...
2025-04-26 13:12:21 - DataIntegrator - INFO - Данные для GAZP загружены за период: 2024-01-02 - 2025-04-14
2025-04-26 13:12:21 - DataIntegrator - INFO -   - Обнаружено 5423 пропущенных значений для GAZP
2025-04-26 13:12:22 - DataIntegrator - INFO -   - Пропущенные значения заполнены методом zero
2025-04-26 13:12:22 - DataIntegrator - INFO - Обработка тикера LKOH...
2025-04-26 13:12:22 - DataIntegrator - INFO - Данные для LKOH загружены за период: 2024-01-02 - 2025-04-14
2025-04-26 13:12:22 - DataIntegrator - INFO -   - Обнаружено 5427 пропущенных значений для LKOH
2025-04-26 13:12:22 - DataIntegrator - INFO -   - Пропущенные значения заполнены методом zero
2025-04-26 13:12:22 - DataIntegrator - INFO - Обработка тикера GMKN...
2025-04-26 13:12:22 - DataIntegrator - INFO - Данные для GMKN загружены за период: 2024-01-02 - 2025-04-14
2025-04-26 13:12:22 - DataIntegrator - INFO -   - Обнаружено 5642 пропущенных значений для GMKN
2025-04-26 13:12:22 - DataIntegrator - INFO -   - Пропущенные значения заполнены методом zero
2025-04-26 13:12:22 - DataIntegrator - INFO - Обработка тикера ROSN...
2025-04-26 13:12:22 - DataIntegrator - INFO - Данные для ROSN загружены за период: 2024-01-02 - 2025-04-14
2025-04-26 13:12:22 - DataIntegrator - INFO -   - Обнаружено 5424 пропущенных значений для ROSN
2025-04-26 13:12:22 - DataIntegrator - INFO -   - Пропущенные значения заполнены методом zero
2025-04-26 13:12:22 - DataIntegrator - INFO - Обработка тикера TATN...
2025-04-26 13:12:22 - DataIntegrator - INFO - Данные для TATN загружены за период: 2024-01-02 - 2025-04-14
2025-04-26 13:12:22 - DataIntegrator - INFO -   - Обнаружено 5342 пропущенных значений для TATN
2025-04-26 13:12:22 - DataIntegrator - INFO -   - Пропущенные значения заполнены методом zero
2025-04-26 13:12:22 - DataIntegrator - INFO - Обработка тикера MTSS...
2025-04-26 13:12:22 - DataIntegrator - INFO - Данные для MTSS загружены за период: 2024-01-02 - 2025-04-14
2025-04-26 13:12:22 - DataIntegrator - INFO -   - Обнаружено 5638 пропущенных значений для MTSS
2025-04-26 13:12:22 - DataIntegrator - INFO -   - Пропущенные значения заполнены методом zero
2025-04-26 13:12:22 - DataIntegrator - INFO - Обработка тикера ALRS...
2025-04-26 13:12:22 - DataIntegrator - INFO - Данные для ALRS загружены за период: 2024-01-02 - 2025-04-14
2025-04-26 13:12:22 - DataIntegrator - INFO -   - Обнаружено 5733 пропущенных значений для ALRS
2025-04-26 13:12:22 - DataIntegrator - INFO -   - Пропущенные значения заполнены методом zero
2025-04-26 13:12:22 - DataIntegrator - INFO - Обработка тикера SNGS...
2025-04-26 13:12:22 - DataIntegrator - INFO - Данные для SNGS загружены за период: 2024-01-02 - 2025-04-14
2025-04-26 13:12:22 - DataIntegrator - INFO -   - Обнаружено 5425 пропущенных значений для SNGS
2025-04-26 13:12:22 - DataIntegrator - INFO -   - Пропущенные значения заполнены методом zero
2025-04-26 13:12:22 - DataIntegrator - INFO - Обработка тикера NVTK...
2025-04-26 13:12:22 - DataIntegrator - INFO - Данные для NVTK загружены за период: 2024-01-02 - 2025-04-14
2025-04-26 13:12:22 - DataIntegrator - INFO -   - Обнаружено 5423 пропущенных значений для NVTK
2025-04-26 13:12:22 - DataIntegrator - INFO -   - Пропущенные значения заполнены методом zero
2025-04-26 13:12:22 - DataIntegrator - INFO - Обработка тикера MVID...
2025-04-26 13:12:22 - DataIntegrator - INFO - Данные для MVID загружены за период: 2024-01-02 - 2025-04-14
2025-04-26 13:12:22 - DataIntegrator - INFO -   - Обнаружено 6154 пропущенных значений для MVID
2025-04-26 13:12:22 - DataIntegrator - INFO -   - Пропущенные значения заполнены методом zero
2025-04-26 13:12:22 - DataIntegrator - INFO - Обработка тикера PHOR...
2025-04-26 13:12:22 - DataIntegrator - INFO - Данные для PHOR загружены за период: 2024-01-02 - 2025-04-14
2025-04-26 13:12:22 - DataIntegrator - INFO -   - Обнаружено 5602 пропущенных значений для PHOR
2025-04-26 13:12:23 - DataIntegrator - INFO -   - Пропущенные значения заполнены методом zero
2025-04-26 13:12:23 - DataIntegrator - INFO - Обработка тикера SIBN...
2025-04-26 13:12:23 - DataIntegrator - INFO - Данные для SIBN загружены за период: 2024-01-02 - 2025-04-14
2025-04-26 13:12:23 - DataIntegrator - INFO -   - Обнаружено 5424 пропущенных значений для SIBN
2025-04-26 13:12:23 - DataIntegrator - INFO -   - Пропущенные значения заполнены методом zero
2025-04-26 13:12:23 - DataIntegrator - INFO - Обработка тикера AFKS...
2025-04-26 13:12:23 - DataIntegrator - INFO - Данные для AFKS загружены за период: 2024-01-02 - 2025-04-14
2025-04-26 13:12:23 - DataIntegrator - INFO -   - Обнаружено 5811 пропущенных значений для AFKS
2025-04-26 13:12:23 - DataIntegrator - INFO -   - Пропущенные значения заполнены методом zero
2025-04-26 13:12:23 - DataIntegrator - INFO - Обработка тикера MAGN...
2025-04-26 13:12:23 - DataIntegrator - INFO - Данные для MAGN загружены за период: 2024-01-02 - 2025-04-14
2025-04-26 13:12:23 - DataIntegrator - INFO -   - Обнаружено 5994 пропущенных значений для MAGN
2025-04-26 13:12:23 - DataIntegrator - INFO -   - Пропущенные значения заполнены методом zero
2025-04-26 13:12:23 - DataIntegrator - INFO - Обработка тикера RUAL...
2025-04-26 13:12:23 - DataIntegrator - INFO - Данные для RUAL загружены за период: 2024-01-02 - 2025-04-14
2025-04-26 13:12:23 - DataIntegrator - INFO -   - Обнаружено 5670 пропущенных значений для RUAL
2025-04-26 13:12:23 - DataIntegrator - INFO -   - Пропущенные значения заполнены методом zero
2025-04-26 13:12:24 - DataIntegrator - INFO - Данные успешно объединены и сохранены в /Users/aeshef/Documents/GitHub/kursach/data/df.csv
2025-04-26 13:12:24 - DataIntegrator - INFO - Форма объединенного датасета: (7471, 384)
2025-04-26 13:12:24 - DataIntegrator - INFO - Количество уникальных тикеров: 16
2025-04-26 13:46:38 - DataIntegrator - INFO - Обработка тикера SBER...
2025-04-26 13:46:38 - DataIntegrator - INFO - Данные для SBER загружены за период: 2024-01-02 - 2025-04-14
2025-04-26 13:46:38 - DataIntegrator - INFO -   - Обнаружено 5480 пропущенных значений для SBER
2025-04-26 13:46:38 - DataIntegrator - INFO -   - Пропущенные значения заполнены методом zero
2025-04-26 13:46:38 - DataIntegrator - INFO - Обработка тикера GAZP...
2025-04-26 13:46:38 - DataIntegrator - INFO - Данные для GAZP загружены за период: 2024-01-02 - 2025-04-14
2025-04-26 13:46:38 - DataIntegrator - INFO -   - Обнаружено 5423 пропущенных значений для GAZP
2025-04-26 13:46:38 - DataIntegrator - INFO -   - Пропущенные значения заполнены методом zero
2025-04-26 13:46:38 - DataIntegrator - INFO - Обработка тикера LKOH...
2025-04-26 13:46:38 - DataIntegrator - INFO - Данные для LKOH загружены за период: 2024-01-02 - 2025-04-14
2025-04-26 13:46:38 - DataIntegrator - INFO -   - Обнаружено 5427 пропущенных значений для LKOH
2025-04-26 13:46:39 - DataIntegrator - INFO -   - Пропущенные значения заполнены методом zero
2025-04-26 13:46:39 - DataIntegrator - INFO - Обработка тикера GMKN...
2025-04-26 13:46:39 - DataIntegrator - INFO - Данные для GMKN загружены за период: 2024-01-02 - 2025-04-14
2025-04-26 13:46:39 - DataIntegrator - INFO -   - Обнаружено 5642 пропущенных значений для GMKN
2025-04-26 13:46:39 - DataIntegrator - INFO -   - Пропущенные значения заполнены методом zero
2025-04-26 13:46:39 - DataIntegrator - INFO - Обработка тикера ROSN...
2025-04-26 13:46:39 - DataIntegrator - INFO - Данные для ROSN загружены за период: 2024-01-02 - 2025-04-14
2025-04-26 13:46:39 - DataIntegrator - INFO -   - Обнаружено 5424 пропущенных значений для ROSN
2025-04-26 13:46:39 - DataIntegrator - INFO -   - Пропущенные значения заполнены методом zero
2025-04-26 13:46:39 - DataIntegrator - INFO - Обработка тикера TATN...
2025-04-26 13:46:39 - DataIntegrator - INFO - Данные для TATN загружены за период: 2024-01-02 - 2025-04-14
2025-04-26 13:46:39 - DataIntegrator - INFO -   - Обнаружено 5342 пропущенных значений для TATN
2025-04-26 13:46:39 - DataIntegrator - INFO -   - Пропущенные значения заполнены методом zero
2025-04-26 13:46:39 - DataIntegrator - INFO - Обработка тикера MTSS...
2025-04-26 13:46:39 - DataIntegrator - INFO - Данные для MTSS загружены за период: 2024-01-02 - 2025-04-14
2025-04-26 13:46:39 - DataIntegrator - INFO -   - Обнаружено 5638 пропущенных значений для MTSS
2025-04-26 13:46:39 - DataIntegrator - INFO -   - Пропущенные значения заполнены методом zero
2025-04-26 13:46:39 - DataIntegrator - INFO - Обработка тикера ALRS...
2025-04-26 13:46:39 - DataIntegrator - INFO - Данные для ALRS загружены за период: 2024-01-02 - 2025-04-14
2025-04-26 13:46:39 - DataIntegrator - INFO -   - Обнаружено 5733 пропущенных значений для ALRS
2025-04-26 13:46:39 - DataIntegrator - INFO -   - Пропущенные значения заполнены методом zero
2025-04-26 13:46:39 - DataIntegrator - INFO - Обработка тикера SNGS...
2025-04-26 13:46:39 - DataIntegrator - INFO - Данные для SNGS загружены за период: 2024-01-02 - 2025-04-14
2025-04-26 13:46:39 - DataIntegrator - INFO -   - Обнаружено 5425 пропущенных значений для SNGS
2025-04-26 13:46:39 - DataIntegrator - INFO -   - Пропущенные значения заполнены методом zero
2025-04-26 13:46:39 - DataIntegrator - INFO - Обработка тикера NVTK...
2025-04-26 13:46:39 - DataIntegrator - INFO - Данные для NVTK загружены за период: 2024-01-02 - 2025-04-14
2025-04-26 13:46:39 - DataIntegrator - INFO -   - Обнаружено 5423 пропущенных значений для NVTK
2025-04-26 13:46:39 - DataIntegrator - INFO -   - Пропущенные значения заполнены методом zero
2025-04-26 13:46:39 - DataIntegrator - INFO - Обработка тикера MVID...
2025-04-26 13:46:39 - DataIntegrator - INFO - Данные для MVID загружены за период: 2024-01-02 - 2025-04-14
2025-04-26 13:46:39 - DataIntegrator - INFO -   - Обнаружено 6154 пропущенных значений для MVID
2025-04-26 13:46:39 - DataIntegrator - INFO -   - Пропущенные значения заполнены методом zero
2025-04-26 13:46:39 - DataIntegrator - INFO - Обработка тикера PHOR...
2025-04-26 13:46:39 - DataIntegrator - INFO - Данные для PHOR загружены за период: 2024-03-22 - 2025-04-14
2025-04-26 13:46:39 - DataIntegrator - INFO -   - Обнаружено 1112 пропущенных значений для PHOR
2025-04-26 13:46:39 - DataIntegrator - INFO -   - Пропущенные значения заполнены методом zero
2025-04-26 13:46:39 - DataIntegrator - INFO - Обработка тикера SIBN...
2025-04-26 13:46:39 - DataIntegrator - INFO - Данные для SIBN загружены за период: 2024-01-02 - 2025-04-14
2025-04-26 13:46:39 - DataIntegrator - INFO -   - Обнаружено 5424 пропущенных значений для SIBN
2025-04-26 13:46:39 - DataIntegrator - INFO -   - Пропущенные значения заполнены методом zero
2025-04-26 13:46:39 - DataIntegrator - INFO - Обработка тикера AFKS...
2025-04-26 13:46:39 - DataIntegrator - INFO - Данные для AFKS загружены за период: 2024-01-02 - 2025-04-14
2025-04-26 13:46:39 - DataIntegrator - INFO -   - Обнаружено 5811 пропущенных значений для AFKS
2025-04-26 13:46:40 - DataIntegrator - INFO -   - Пропущенные значения заполнены методом zero
2025-04-26 13:46:40 - DataIntegrator - INFO - Обработка тикера MAGN...
2025-04-26 13:46:40 - DataIntegrator - INFO - Данные для MAGN загружены за период: 2024-01-02 - 2025-04-14
2025-04-26 13:46:40 - DataIntegrator - INFO -   - Обнаружено 5994 пропущенных значений для MAGN
2025-04-26 13:46:40 - DataIntegrator - INFO -   - Пропущенные значения заполнены методом zero
2025-04-26 13:46:40 - DataIntegrator - INFO - Обработка тикера RUAL...
2025-04-26 13:46:40 - DataIntegrator - INFO - Данные для RUAL загружены за период: 2024-01-02 - 2025-04-14
2025-04-26 13:46:40 - DataIntegrator - INFO -   - Обнаружено 5670 пропущенных значений для RUAL
2025-04-26 13:46:40 - DataIntegrator - INFO -   - Пропущенные значения заполнены методом zero
2025-04-26 13:46:41 - DataIntegrator - INFO - Данные успешно объединены и сохранены в /Users/aeshef/Documents/GitHub/kursach/data/df.csv
2025-04-26 13:46:41 - DataIntegrator - INFO - Форма объединенного датасета: (7110, 384)
2025-04-26 13:46:41 - DataIntegrator - INFO - Количество уникальных тикеров: 16
