2025-04-25 21:43:59 - KBDAnalyzer - INFO - КБД данные загружены, 6 записей
2025-04-25 21:43:59 - KBDAnalyzer - WARNING - Недостаточно данных для построения кривой
2025-04-25 21:43:59 - KBDAnalyzer - INFO - КБД данные загружены, 6 записей
2025-04-25 21:43:59 - KBDAnalyzer - WARNING - Недостаточно данных для построения кривой
2025-04-25 21:43:59 - KBDAnalyzer - INFO - Сформированы метрики КБД: {'date': Timestamp('2025-04-15 00:00:00'), 'market_state': 'unknown', 'optimal_duration': (0.5, 4.0), 'yield_threshold': 1.5, 'kbd_values': {}}
2025-04-25 21:43:59 - KBDAnalyzer - INFO - Сформированы рекомендации для облигаций: {'min_yield': 1.5, 'max_yield': 17.5, 'min_duration': 0.5, 'max_duration': 4.0, 'market_condition': 'unknown'}
2025-04-25 21:43:59 - KBDAnalyzer - INFO - Сформированы метрики КБД: {'date': Timestamp('2025-04-15 00:00:00'), 'market_state': 'unknown', 'optimal_duration': (0.5, 4.0), 'yield_threshold': 1.5, 'kbd_values': {}}
2025-04-25 21:43:59 - KBDAnalyzer - INFO - Сформированы метрики КБД: {'date': Timestamp('2025-04-15 00:00:00'), 'market_state': 'unknown', 'optimal_duration': (0.5, 4.0), 'yield_threshold': 1.5, 'kbd_values': {}}
2025-04-25 21:43:59 - KBDAnalyzer - INFO - Сформированы метрики КБД: {'date': Timestamp('2025-04-15 00:00:00'), 'market_state': 'unknown', 'optimal_duration': (0.5, 4.0), 'yield_threshold': 1.5, 'kbd_values': {}}
2025-04-25 21:43:59 - KBDAnalyzer - INFO - Сформированы рекомендации для облигаций: {'min_yield': 1.5, 'max_yield': 17.5, 'min_duration': 0.5, 'max_duration': 4.0, 'market_condition': 'unknown'}
2025-04-25 21:43:59 - KBDAnalyzer - INFO - КБД данные загружены, 6 записей
2025-04-25 21:43:59 - KBDAnalyzer - WARNING - Недостаточно данных для построения кривой
2025-04-25 21:43:59 - KBDAnalyzer - INFO - Сформированы метрики КБД: {'date': Timestamp('2025-04-15 00:00:00'), 'market_state': 'unknown', 'optimal_duration': (0.5, 4.0), 'yield_threshold': 1.5, 'kbd_values': {}}
2025-04-25 21:43:59 - KBDAnalyzer - INFO - Сформированы рекомендации для облигаций: {'min_yield': 1.5, 'max_yield': 17.5, 'min_duration': 0.5, 'max_duration': 4.0, 'market_condition': 'unknown'}
2025-04-25 21:43:59 - KBDAnalyzer - INFO - Сформированы метрики КБД: {'date': Timestamp('2025-04-15 00:00:00'), 'market_state': 'unknown', 'optimal_duration': (0.5, 4.0), 'yield_threshold': 1.5, 'kbd_values': {}}
2025-04-25 21:52:21 - KBDAnalyzer - INFO - КБД данные загружены, 3 записей
2025-04-25 21:52:21 - KBDAnalyzer - WARNING - Недостаточно данных для построения кривой
2025-04-25 21:52:21 - KBDAnalyzer - INFO - Сформированы метрики КБД: {'date': Timestamp('2025-04-18 00:00:00'), 'market_state': 'unknown', 'optimal_duration': (0.5, 4.0), 'yield_threshold': 1.5, 'kbd_values': {}}
2025-04-25 21:52:21 - KBDAnalyzer - INFO - Сформированы метрики КБД: {'date': Timestamp('2025-04-18 00:00:00'), 'market_state': 'unknown', 'optimal_duration': (0.5, 4.0), 'yield_threshold': 1.5, 'kbd_values': {}}
2025-04-25 21:52:21 - KBDAnalyzer - INFO - Сформированы рекомендации для облигаций: {'min_yield': 1.5, 'max_yield': 17.5, 'min_duration': 0.5, 'max_duration': 4.0, 'market_condition': 'unknown'}
2025-04-25 21:52:21 - KBDAnalyzer - INFO - КБД данные загружены, 3 записей
2025-04-25 21:52:21 - KBDAnalyzer - WARNING - Недостаточно данных для построения кривой
2025-04-25 21:52:21 - KBDAnalyzer - INFO - Сформированы метрики КБД: {'date': Timestamp('2025-04-18 00:00:00'), 'market_state': 'unknown', 'optimal_duration': (0.5, 4.0), 'yield_threshold': 1.5, 'kbd_values': {}}
2025-04-25 21:52:21 - KBDAnalyzer - INFO - Сформированы рекомендации для облигаций: {'min_yield': 1.5, 'max_yield': 17.5, 'min_duration': 0.5, 'max_duration': 4.0, 'market_condition': 'unknown'}
2025-04-25 21:52:21 - KBDAnalyzer - INFO - Сформированы метрики КБД: {'date': Timestamp('2025-04-18 00:00:00'), 'market_state': 'unknown', 'optimal_duration': (0.5, 4.0), 'yield_threshold': 1.5, 'kbd_values': {}}
2025-04-25 22:43:00 - KBDAnalyzer - INFO - КБД данные загружены, 3 записей
2025-04-25 22:43:00 - KBDAnalyzer - WARNING - Недостаточно данных для построения кривой
2025-04-25 22:43:00 - KBDAnalyzer - INFO - Сформированы метрики КБД: {'date': Timestamp('2025-04-18 00:00:00'), 'market_state': 'unknown', 'optimal_duration': (0.5, 4.0), 'yield_threshold': 1.5, 'kbd_values': {}}
2025-04-25 22:43:00 - KBDAnalyzer - INFO - Сформированы метрики КБД: {'date': Timestamp('2025-04-18 00:00:00'), 'market_state': 'unknown', 'optimal_duration': (0.5, 4.0), 'yield_threshold': 1.5, 'kbd_values': {}}
2025-04-25 22:43:00 - KBDAnalyzer - INFO - Сформированы рекомендации для облигаций: {'min_yield': 1.5, 'max_yield': 17.5, 'min_duration': 0.5, 'max_duration': 4.0, 'market_condition': 'unknown'}
2025-04-25 22:43:00 - KBDAnalyzer - INFO - КБД данные загружены, 6 записей
2025-04-25 22:43:00 - KBDAnalyzer - WARNING - Недостаточно данных для построения кривой
2025-04-25 22:43:00 - KBDAnalyzer - INFO - Сформированы метрики КБД: {'date': Timestamp('2025-04-18 00:00:00'), 'market_state': 'unknown', 'optimal_duration': (0.5, 4.0), 'yield_threshold': 1.5, 'kbd_values': {}}
2025-04-25 22:43:00 - KBDAnalyzer - INFO - Сформированы рекомендации для облигаций: {'min_yield': 1.5, 'max_yield': 17.5, 'min_duration': 0.5, 'max_duration': 4.0, 'market_condition': 'unknown'}
2025-04-25 22:43:00 - KBDAnalyzer - INFO - Сформированы метрики КБД: {'date': Timestamp('2025-04-18 00:00:00'), 'market_state': 'unknown', 'optimal_duration': (0.5, 4.0), 'yield_threshold': 1.5, 'kbd_values': {}}
2025-04-25 22:44:50 - KBDAnalyzer - INFO - КБД данные загружены, 3 записей
2025-04-25 22:44:50 - KBDAnalyzer - WARNING - Недостаточно данных для построения кривой
2025-04-25 22:44:50 - KBDAnalyzer - INFO - Сформированы метрики КБД: {'date': Timestamp('2025-04-18 00:00:00'), 'market_state': 'unknown', 'optimal_duration': (0.5, 4.0), 'yield_threshold': 6.0, 'kbd_values': {}}
2025-04-25 22:44:50 - KBDAnalyzer - INFO - Сформированы метрики КБД: {'date': Timestamp('2025-04-18 00:00:00'), 'market_state': 'unknown', 'optimal_duration': (0.5, 4.0), 'yield_threshold': 6.0, 'kbd_values': {}}
2025-04-25 22:44:50 - KBDAnalyzer - INFO - Сформированы рекомендации для облигаций: {'min_yield': 6.0, 'max_yield': 22.0, 'min_duration': 0.5, 'max_duration': 4.0, 'market_condition': 'unknown'}
2025-04-25 22:44:50 - KBDAnalyzer - INFO - КБД данные загружены, 6 записей
2025-04-25 22:44:50 - KBDAnalyzer - WARNING - Недостаточно данных для построения кривой
2025-04-25 22:44:50 - KBDAnalyzer - INFO - Сформированы метрики КБД: {'date': Timestamp('2025-04-25 00:00:00'), 'market_state': 'unknown', 'optimal_duration': (0.5, 4.0), 'yield_threshold': 6.0, 'kbd_values': {}}
2025-04-25 22:44:50 - KBDAnalyzer - INFO - Сформированы рекомендации для облигаций: {'min_yield': 6.0, 'max_yield': 22.0, 'min_duration': 0.5, 'max_duration': 4.0, 'market_condition': 'unknown'}
2025-04-25 22:44:50 - KBDAnalyzer - INFO - Сформированы метрики КБД: {'date': Timestamp('2025-04-25 00:00:00'), 'market_state': 'unknown', 'optimal_duration': (0.5, 4.0), 'yield_threshold': 6.0, 'kbd_values': {}}
2025-04-25 22:45:53 - KBDAnalyzer - INFO - КБД данные загружены, 3 записей
2025-04-25 22:45:53 - KBDAnalyzer - WARNING - Недостаточно данных для построения кривой
2025-04-25 22:45:53 - KBDAnalyzer - INFO - Сформированы метрики КБД: {'date': Timestamp('2025-04-18 00:00:00'), 'market_state': 'unknown', 'optimal_duration': (0.5, 4.0), 'yield_threshold': 6.0, 'kbd_values': {}}
2025-04-25 22:45:53 - KBDAnalyzer - INFO - Сформированы метрики КБД: {'date': Timestamp('2025-04-18 00:00:00'), 'market_state': 'unknown', 'optimal_duration': (0.5, 4.0), 'yield_threshold': 6.0, 'kbd_values': {}}
2025-04-25 22:45:53 - KBDAnalyzer - INFO - Сформированы рекомендации для облигаций: {'min_yield': 6.0, 'max_yield': 22.0, 'min_duration': 0.5, 'max_duration': 4.0, 'market_condition': 'unknown'}
2025-04-25 22:45:53 - KBDAnalyzer - INFO - КБД данные загружены, 6 записей
2025-04-25 22:45:53 - KBDAnalyzer - WARNING - Недостаточно данных для построения кривой
2025-04-25 22:45:53 - KBDAnalyzer - INFO - Сформированы метрики КБД: {'date': Timestamp('2025-04-25 00:00:00'), 'market_state': 'unknown', 'optimal_duration': (0.5, 4.0), 'yield_threshold': 6.0, 'kbd_values': {}}
2025-04-25 22:45:53 - KBDAnalyzer - INFO - Сформированы рекомендации для облигаций: {'min_yield': 6.0, 'max_yield': 22.0, 'min_duration': 0.5, 'max_duration': 4.0, 'market_condition': 'unknown'}
2025-04-25 22:45:53 - KBDAnalyzer - INFO - Сформированы метрики КБД: {'date': Timestamp('2025-04-25 00:00:00'), 'market_state': 'unknown', 'optimal_duration': (0.5, 4.0), 'yield_threshold': 6.0, 'kbd_values': {}}
2025-04-25 23:36:49 - KBDAnalyzer - INFO - КБД данные загружены, 3 записей
2025-04-25 23:36:49 - KBDAnalyzer - WARNING - Недостаточно данных для построения кривой
2025-04-25 23:36:49 - KBDAnalyzer - INFO - Сформированы метрики КБД: {'date': Timestamp('2025-04-18 00:00:00'), 'market_state': 'unknown', 'optimal_duration': (0.5, 4.0), 'yield_threshold': 6.0, 'kbd_values': {}}
2025-04-25 23:36:49 - KBDAnalyzer - INFO - Сформированы метрики КБД: {'date': Timestamp('2025-04-18 00:00:00'), 'market_state': 'unknown', 'optimal_duration': (0.5, 4.0), 'yield_threshold': 6.0, 'kbd_values': {}}
2025-04-25 23:36:49 - KBDAnalyzer - INFO - Сформированы рекомендации для облигаций: {'min_yield': 6.0, 'max_yield': 22.0, 'min_duration': 0.5, 'max_duration': 4.0, 'market_condition': 'unknown'}
2025-04-25 23:36:49 - KBDAnalyzer - INFO - КБД данные загружены, 6 записей
2025-04-25 23:36:49 - KBDAnalyzer - WARNING - Недостаточно данных для построения кривой
2025-04-25 23:36:49 - KBDAnalyzer - INFO - Сформированы метрики КБД: {'date': Timestamp('2025-04-25 00:00:00'), 'market_state': 'unknown', 'optimal_duration': (0.5, 4.0), 'yield_threshold': 6.0, 'kbd_values': {}}
2025-04-25 23:36:49 - KBDAnalyzer - INFO - Сформированы рекомендации для облигаций: {'min_yield': 6.0, 'max_yield': 22.0, 'min_duration': 0.5, 'max_duration': 4.0, 'market_condition': 'unknown'}
2025-04-25 23:36:49 - KBDAnalyzer - INFO - Сформированы метрики КБД: {'date': Timestamp('2025-04-25 00:00:00'), 'market_state': 'unknown', 'optimal_duration': (0.5, 4.0), 'yield_threshold': 6.0, 'kbd_values': {}}
2025-04-25 23:37:30 - KBDAnalyzer - INFO - КБД данные загружены, 6 записей
2025-04-25 23:37:30 - KBDAnalyzer - WARNING - Недостаточно данных для построения кривой
2025-04-25 23:37:30 - KBDAnalyzer - INFO - Сформированы метрики КБД: {'date': Timestamp('2025-04-25 00:00:00'), 'market_state': 'unknown', 'optimal_duration': (0.5, 4.0), 'yield_threshold': 6.0, 'kbd_values': {}}
2025-04-25 23:37:30 - KBDAnalyzer - INFO - Сформированы метрики КБД: {'date': Timestamp('2025-04-25 00:00:00'), 'market_state': 'unknown', 'optimal_duration': (0.5, 4.0), 'yield_threshold': 6.0, 'kbd_values': {}}
2025-04-25 23:37:30 - KBDAnalyzer - INFO - Сформированы рекомендации для облигаций: {'min_yield': 6.0, 'max_yield': 22.0, 'min_duration': 0.5, 'max_duration': 4.0, 'market_condition': 'unknown'}
2025-04-25 23:37:30 - KBDAnalyzer - WARNING - Не удалось загрузить данные КБД
2025-04-25 23:37:30 - KBDAnalyzer - WARNING - Нет данных КБД для визуализации
2025-04-25 23:37:48 - KBDAnalyzer - WARNING - Не удалось загрузить данные КБД
2025-04-25 23:37:48 - KBDAnalyzer - WARNING - Нет данных КБД для визуализации
2025-04-25 23:37:48 - KBDAnalyzer - WARNING - Не удалось загрузить данные КБД
2025-04-25 23:37:48 - KBDAnalyzer - WARNING - Нет данных КБД для визуализации
2025-04-26 00:00:05 - KBDAnalyzer - WARNING - Не удалось загрузить данные КБД
2025-04-26 00:00:05 - KBDAnalyzer - WARNING - Нет данных КБД для визуализации
2025-04-26 00:30:59 - KBDAnalyzer - INFO - КБД данные загружены, 256 записей
2025-04-26 00:30:59 - KBDAnalyzer - INFO - КБД визуализация сохранена в /Users/aeshef/Documents/GitHub/kursach/data/processed_data/BONDS/results/kbd_curve_20250426.png
2025-04-26 00:30:59 - KBDAnalyzer - INFO - Сформированы метрики КБД: {'date': Timestamp('2024-12-30 00:00:00'), 'market_state': 'inverted', 'optimal_duration': (0.1, 2.0), 'yield_threshold': np.float64(21.58), 'kbd_values': {'0.5Y': np.float64(18.75), '0.75Y': np.float64(18.68), '1Y': np.float64(18.58), '2Y': np.float64(18.06), '3Y': np.float64(17.48), '5Y': np.float64(16.53), '7Y': np.float64(15.87), '10Y': np.float64(15.22), '15Y': np.float64(14.57), '20Y': np.float64(14.22), '30Y': np.float64(13.9)}}
2025-04-26 00:30:59 - KBDAnalyzer - INFO - Сформированы рекомендации для облигаций: {'min_yield': np.float64(21.58), 'max_yield': np.float64(37.58), 'min_duration': 0.1, 'max_duration': 2.0, 'market_condition': 'inverted'}
2025-04-26 00:30:59 - KBDAnalyzer - INFO - Сформированы метрики КБД: {'date': Timestamp('2024-12-30 00:00:00'), 'market_state': 'inverted', 'optimal_duration': (0.1, 2.0), 'yield_threshold': np.float64(21.58), 'kbd_values': {'0.5Y': np.float64(18.75), '0.75Y': np.float64(18.68), '1Y': np.float64(18.58), '2Y': np.float64(18.06), '3Y': np.float64(17.48), '5Y': np.float64(16.53), '7Y': np.float64(15.87), '10Y': np.float64(15.22), '15Y': np.float64(14.57), '20Y': np.float64(14.22), '30Y': np.float64(13.9)}}
2025-04-26 00:47:14 - KBDAnalyzer - INFO - КБД данные загружены, 256 записей
2025-04-26 00:47:14 - KBDAnalyzer - INFO - КБД визуализация сохранена в /Users/aeshef/Documents/GitHub/kursach/data/processed_data/BONDS/kbd/viz/kbd_curve_20250426.png
2025-04-26 00:47:14 - KBDAnalyzer - INFO - Сформированы метрики КБД: {'date': Timestamp('2024-12-30 00:00:00'), 'market_state': 'inverted', 'optimal_duration': (0.1, 2.0), 'yield_threshold': np.float64(21.58), 'kbd_values': {'0.5Y': np.float64(18.75), '0.75Y': np.float64(18.68), '1Y': np.float64(18.58), '2Y': np.float64(18.06), '3Y': np.float64(17.48), '5Y': np.float64(16.53), '7Y': np.float64(15.87), '10Y': np.float64(15.22), '15Y': np.float64(14.57), '20Y': np.float64(14.22), '30Y': np.float64(13.9)}}
2025-04-26 00:47:14 - KBDAnalyzer - INFO - Сформированы рекомендации для облигаций: {'min_yield': np.float64(21.58), 'max_yield': np.float64(37.58), 'min_duration': 0.1, 'max_duration': 2.0, 'market_condition': 'inverted'}
2025-04-26 00:47:14 - KBDAnalyzer - INFO - Сформированы метрики КБД: {'date': Timestamp('2024-12-30 00:00:00'), 'market_state': 'inverted', 'optimal_duration': (0.1, 2.0), 'yield_threshold': np.float64(21.58), 'kbd_values': {'0.5Y': np.float64(18.75), '0.75Y': np.float64(18.68), '1Y': np.float64(18.58), '2Y': np.float64(18.06), '3Y': np.float64(17.48), '5Y': np.float64(16.53), '7Y': np.float64(15.87), '10Y': np.float64(15.22), '15Y': np.float64(14.57), '20Y': np.float64(14.22), '30Y': np.float64(13.9)}}
2025-04-26 01:03:39 - KBDAnalyzer - INFO - КБД данные загружены, 256 записей
2025-04-26 01:03:39 - KBDAnalyzer - INFO - КБД визуализация сохранена в /Users/aeshef/Documents/GitHub/kursach/data/processed_data/BONDS/kbd/viz/kbd_curve_20250426.png
2025-04-26 01:03:39 - KBDAnalyzer - INFO - Сформированы метрики КБД: {'date': Timestamp('2024-12-30 00:00:00'), 'market_state': 'inverted', 'optimal_duration': (0.1, 2.0), 'yield_threshold': np.float64(21.58), 'kbd_values': {'0.5Y': np.float64(18.75), '0.75Y': np.float64(18.68), '1Y': np.float64(18.58), '2Y': np.float64(18.06), '3Y': np.float64(17.48), '5Y': np.float64(16.53), '7Y': np.float64(15.87), '10Y': np.float64(15.22), '15Y': np.float64(14.57), '20Y': np.float64(14.22), '30Y': np.float64(13.9)}}
2025-04-26 01:03:39 - KBDAnalyzer - INFO - Сформированы рекомендации для облигаций: {'min_yield': np.float64(21.58), 'max_yield': np.float64(37.58), 'min_duration': 0.1, 'max_duration': 2.0, 'market_condition': 'inverted'}
2025-04-26 01:03:39 - KBDAnalyzer - INFO - Сформированы метрики КБД: {'date': Timestamp('2024-12-30 00:00:00'), 'market_state': 'inverted', 'optimal_duration': (0.1, 2.0), 'yield_threshold': np.float64(21.58), 'kbd_values': {'0.5Y': np.float64(18.75), '0.75Y': np.float64(18.68), '1Y': np.float64(18.58), '2Y': np.float64(18.06), '3Y': np.float64(17.48), '5Y': np.float64(16.53), '7Y': np.float64(15.87), '10Y': np.float64(15.22), '15Y': np.float64(14.57), '20Y': np.float64(14.22), '30Y': np.float64(13.9)}}
2025-04-26 01:17:53 - KBDAnalyzer - INFO - КБД данные загружены, 256 записей
2025-04-26 01:17:54 - KBDAnalyzer - INFO - КБД визуализация сохранена в /Users/aeshef/Documents/GitHub/kursach/data/processed_data/BONDS/kbd/viz/kbd_curve_20250426_011753.png
2025-04-26 01:17:54 - KBDAnalyzer - INFO - Сформированы метрики КБД: {'date': Timestamp('2024-12-30 00:00:00'), 'market_state': 'inverted', 'optimal_duration': (0.1, 2.0), 'yield_threshold': np.float64(21.58), 'kbd_values': {'0.5Y': np.float64(18.75), '0.75Y': np.float64(18.68), '1Y': np.float64(18.58), '2Y': np.float64(18.06), '3Y': np.float64(17.48), '5Y': np.float64(16.53), '7Y': np.float64(15.87), '10Y': np.float64(15.22), '15Y': np.float64(14.57), '20Y': np.float64(14.22), '30Y': np.float64(13.9)}}
2025-04-26 01:17:54 - KBDAnalyzer - INFO - Сформированы метрики КБД: {'date': Timestamp('2024-12-30 00:00:00'), 'market_state': 'inverted', 'optimal_duration': (0.1, 2.0), 'yield_threshold': np.float64(21.58), 'kbd_values': {'0.5Y': np.float64(18.75), '0.75Y': np.float64(18.68), '1Y': np.float64(18.58), '2Y': np.float64(18.06), '3Y': np.float64(17.48), '5Y': np.float64(16.53), '7Y': np.float64(15.87), '10Y': np.float64(15.22), '15Y': np.float64(14.57), '20Y': np.float64(14.22), '30Y': np.float64(13.9)}}
2025-04-26 01:17:54 - KBDAnalyzer - INFO - Сформированы рекомендации для облигаций: {'min_yield': np.float64(21.58), 'max_yield': np.float64(37.58), 'min_duration': 0.1, 'max_duration': 2.0, 'market_condition': 'inverted'}
2025-04-26 01:17:54 - KBDAnalyzer - INFO - Сформированы комплексные рекомендации: {'min_yield': np.float64(21.58), 'max_yield': np.float64(37.58), 'min_duration': 0.1, 'max_duration': 2.0, 'market_condition': 'inverted', 'weighting_strategy': 'equal', 'strategy_reason': 'inverted_curve', 'strategy_description': 'Равное взвешивание для защиты от инверсии кривой доходности'}
2025-04-26 01:17:54 - KBDAnalyzer - INFO - Сформированы метрики КБД: {'date': Timestamp('2024-12-30 00:00:00'), 'market_state': 'inverted', 'optimal_duration': (0.1, 2.0), 'yield_threshold': np.float64(21.58), 'kbd_values': {'0.5Y': np.float64(18.75), '0.75Y': np.float64(18.68), '1Y': np.float64(18.58), '2Y': np.float64(18.06), '3Y': np.float64(17.48), '5Y': np.float64(16.53), '7Y': np.float64(15.87), '10Y': np.float64(15.22), '15Y': np.float64(14.57), '20Y': np.float64(14.22), '30Y': np.float64(13.9)}}
2025-04-26 01:20:01 - KBDAnalyzer - INFO - КБД данные загружены, 256 записей
2025-04-26 01:20:01 - KBDAnalyzer - INFO - КБД визуализация сохранена в /Users/aeshef/Documents/GitHub/kursach/data/processed_data/BONDS/kbd/viz/kbd_curve_20250426_012001.png
2025-04-26 01:20:01 - KBDAnalyzer - INFO - Сформированы метрики КБД: {'date': Timestamp('2024-12-30 00:00:00'), 'market_state': 'inverted', 'optimal_duration': (0.1, 2.0), 'yield_threshold': np.float64(21.58), 'kbd_values': {'0.5Y': np.float64(18.75), '0.75Y': np.float64(18.68), '1Y': np.float64(18.58), '2Y': np.float64(18.06), '3Y': np.float64(17.48), '5Y': np.float64(16.53), '7Y': np.float64(15.87), '10Y': np.float64(15.22), '15Y': np.float64(14.57), '20Y': np.float64(14.22), '30Y': np.float64(13.9)}}
2025-04-26 01:20:01 - KBDAnalyzer - INFO - Сформированы метрики КБД: {'date': Timestamp('2024-12-30 00:00:00'), 'market_state': 'inverted', 'optimal_duration': (0.1, 2.0), 'yield_threshold': np.float64(21.58), 'kbd_values': {'0.5Y': np.float64(18.75), '0.75Y': np.float64(18.68), '1Y': np.float64(18.58), '2Y': np.float64(18.06), '3Y': np.float64(17.48), '5Y': np.float64(16.53), '7Y': np.float64(15.87), '10Y': np.float64(15.22), '15Y': np.float64(14.57), '20Y': np.float64(14.22), '30Y': np.float64(13.9)}}
2025-04-26 01:20:01 - KBDAnalyzer - INFO - Сформированы рекомендации для облигаций: {'min_yield': np.float64(21.58), 'max_yield': np.float64(37.58), 'min_duration': 0.1, 'max_duration': 2.0, 'market_condition': 'inverted'}
2025-04-26 01:20:01 - KBDAnalyzer - INFO - Сформированы комплексные рекомендации: {'min_yield': np.float64(21.58), 'max_yield': np.float64(37.58), 'min_duration': 0.1, 'max_duration': 2.0, 'market_condition': 'inverted', 'weighting_strategy': 'equal', 'strategy_reason': 'inverted_curve', 'strategy_description': 'Равное взвешивание для защиты от инверсии кривой доходности'}
2025-04-26 01:20:01 - KBDAnalyzer - INFO - Сформированы метрики КБД: {'date': Timestamp('2024-12-30 00:00:00'), 'market_state': 'inverted', 'optimal_duration': (0.1, 2.0), 'yield_threshold': np.float64(21.58), 'kbd_values': {'0.5Y': np.float64(18.75), '0.75Y': np.float64(18.68), '1Y': np.float64(18.58), '2Y': np.float64(18.06), '3Y': np.float64(17.48), '5Y': np.float64(16.53), '7Y': np.float64(15.87), '10Y': np.float64(15.22), '15Y': np.float64(14.57), '20Y': np.float64(14.22), '30Y': np.float64(13.9)}}
2025-04-26 01:20:07 - KBDAnalyzer - INFO - КБД данные загружены, 256 записей
2025-04-26 01:20:07 - KBDAnalyzer - INFO - КБД визуализация сохранена в /Users/aeshef/Documents/GitHub/kursach/data/processed_data/BONDS/kbd/viz/kbd_curve_20250426_012007.png
2025-04-26 01:20:07 - KBDAnalyzer - INFO - Сформированы метрики КБД: {'date': Timestamp('2024-12-30 00:00:00'), 'market_state': 'inverted', 'optimal_duration': (0.1, 2.0), 'yield_threshold': np.float64(21.58), 'kbd_values': {'0.5Y': np.float64(18.75), '0.75Y': np.float64(18.68), '1Y': np.float64(18.58), '2Y': np.float64(18.06), '3Y': np.float64(17.48), '5Y': np.float64(16.53), '7Y': np.float64(15.87), '10Y': np.float64(15.22), '15Y': np.float64(14.57), '20Y': np.float64(14.22), '30Y': np.float64(13.9)}}
2025-04-26 01:20:07 - KBDAnalyzer - INFO - Сформированы метрики КБД: {'date': Timestamp('2024-12-30 00:00:00'), 'market_state': 'inverted', 'optimal_duration': (0.1, 2.0), 'yield_threshold': np.float64(21.58), 'kbd_values': {'0.5Y': np.float64(18.75), '0.75Y': np.float64(18.68), '1Y': np.float64(18.58), '2Y': np.float64(18.06), '3Y': np.float64(17.48), '5Y': np.float64(16.53), '7Y': np.float64(15.87), '10Y': np.float64(15.22), '15Y': np.float64(14.57), '20Y': np.float64(14.22), '30Y': np.float64(13.9)}}
2025-04-26 01:20:07 - KBDAnalyzer - INFO - Сформированы рекомендации для облигаций: {'min_yield': np.float64(21.58), 'max_yield': np.float64(37.58), 'min_duration': 0.1, 'max_duration': 2.0, 'market_condition': 'inverted'}
2025-04-26 01:20:07 - KBDAnalyzer - INFO - Сформированы комплексные рекомендации: {'min_yield': np.float64(21.58), 'max_yield': np.float64(37.58), 'min_duration': 0.1, 'max_duration': 2.0, 'market_condition': 'inverted', 'weighting_strategy': 'equal', 'strategy_reason': 'inverted_curve', 'strategy_description': 'Равное взвешивание для защиты от инверсии кривой доходности'}
2025-04-26 01:20:07 - KBDAnalyzer - INFO - Сформированы метрики КБД: {'date': Timestamp('2024-12-30 00:00:00'), 'market_state': 'inverted', 'optimal_duration': (0.1, 2.0), 'yield_threshold': np.float64(21.58), 'kbd_values': {'0.5Y': np.float64(18.75), '0.75Y': np.float64(18.68), '1Y': np.float64(18.58), '2Y': np.float64(18.06), '3Y': np.float64(17.48), '5Y': np.float64(16.53), '7Y': np.float64(15.87), '10Y': np.float64(15.22), '15Y': np.float64(14.57), '20Y': np.float64(14.22), '30Y': np.float64(13.9)}}
2025-04-26 01:20:44 - KBDAnalyzer - INFO - КБД данные загружены, 256 записей
2025-04-26 01:20:44 - KBDAnalyzer - INFO - КБД визуализация сохранена в /Users/aeshef/Documents/GitHub/kursach/data/processed_data/BONDS/kbd/viz/kbd_curve_20250426_012044.png
2025-04-26 01:20:44 - KBDAnalyzer - INFO - Сформированы метрики КБД: {'date': Timestamp('2024-12-30 00:00:00'), 'market_state': 'inverted', 'optimal_duration': (0.1, 2.0), 'yield_threshold': np.float64(21.58), 'kbd_values': {'0.5Y': np.float64(18.75), '0.75Y': np.float64(18.68), '1Y': np.float64(18.58), '2Y': np.float64(18.06), '3Y': np.float64(17.48), '5Y': np.float64(16.53), '7Y': np.float64(15.87), '10Y': np.float64(15.22), '15Y': np.float64(14.57), '20Y': np.float64(14.22), '30Y': np.float64(13.9)}}
2025-04-26 01:20:44 - KBDAnalyzer - INFO - Сформированы метрики КБД: {'date': Timestamp('2024-12-30 00:00:00'), 'market_state': 'inverted', 'optimal_duration': (0.1, 2.0), 'yield_threshold': np.float64(21.58), 'kbd_values': {'0.5Y': np.float64(18.75), '0.75Y': np.float64(18.68), '1Y': np.float64(18.58), '2Y': np.float64(18.06), '3Y': np.float64(17.48), '5Y': np.float64(16.53), '7Y': np.float64(15.87), '10Y': np.float64(15.22), '15Y': np.float64(14.57), '20Y': np.float64(14.22), '30Y': np.float64(13.9)}}
2025-04-26 01:20:44 - KBDAnalyzer - INFO - Сформированы рекомендации для облигаций: {'min_yield': np.float64(21.58), 'max_yield': np.float64(37.58), 'min_duration': 0.1, 'max_duration': 2.0, 'market_condition': 'inverted'}
2025-04-26 01:20:44 - KBDAnalyzer - INFO - Сформированы комплексные рекомендации: {'min_yield': np.float64(21.58), 'max_yield': np.float64(37.58), 'min_duration': 0.1, 'max_duration': 2.0, 'market_condition': 'inverted', 'weighting_strategy': 'equal', 'strategy_reason': 'inverted_curve', 'strategy_description': 'Равное взвешивание для защиты от инверсии кривой доходности'}
2025-04-26 01:20:44 - KBDAnalyzer - INFO - Сформированы метрики КБД: {'date': Timestamp('2024-12-30 00:00:00'), 'market_state': 'inverted', 'optimal_duration': (0.1, 2.0), 'yield_threshold': np.float64(21.58), 'kbd_values': {'0.5Y': np.float64(18.75), '0.75Y': np.float64(18.68), '1Y': np.float64(18.58), '2Y': np.float64(18.06), '3Y': np.float64(17.48), '5Y': np.float64(16.53), '7Y': np.float64(15.87), '10Y': np.float64(15.22), '15Y': np.float64(14.57), '20Y': np.float64(14.22), '30Y': np.float64(13.9)}}
2025-04-26 01:21:25 - KBDAnalyzer - INFO - КБД данные загружены, 256 записей
2025-04-26 01:21:26 - KBDAnalyzer - INFO - КБД визуализация сохранена в /Users/aeshef/Documents/GitHub/kursach/data/processed_data/BONDS/kbd/viz/kbd_curve_20250426_012125.png
2025-04-26 01:21:26 - KBDAnalyzer - INFO - Сформированы метрики КБД: {'date': Timestamp('2024-12-30 00:00:00'), 'market_state': 'inverted', 'optimal_duration': (0.1, 2.0), 'yield_threshold': np.float64(21.58), 'kbd_values': {'0.5Y': np.float64(18.75), '0.75Y': np.float64(18.68), '1Y': np.float64(18.58), '2Y': np.float64(18.06), '3Y': np.float64(17.48), '5Y': np.float64(16.53), '7Y': np.float64(15.87), '10Y': np.float64(15.22), '15Y': np.float64(14.57), '20Y': np.float64(14.22), '30Y': np.float64(13.9)}}
2025-04-26 01:21:26 - KBDAnalyzer - INFO - Сформированы метрики КБД: {'date': Timestamp('2024-12-30 00:00:00'), 'market_state': 'inverted', 'optimal_duration': (0.1, 2.0), 'yield_threshold': np.float64(21.58), 'kbd_values': {'0.5Y': np.float64(18.75), '0.75Y': np.float64(18.68), '1Y': np.float64(18.58), '2Y': np.float64(18.06), '3Y': np.float64(17.48), '5Y': np.float64(16.53), '7Y': np.float64(15.87), '10Y': np.float64(15.22), '15Y': np.float64(14.57), '20Y': np.float64(14.22), '30Y': np.float64(13.9)}}
2025-04-26 01:21:26 - KBDAnalyzer - INFO - Сформированы рекомендации для облигаций: {'min_yield': np.float64(21.58), 'max_yield': np.float64(37.58), 'min_duration': 0.1, 'max_duration': 2.0, 'market_condition': 'inverted'}
2025-04-26 01:21:26 - KBDAnalyzer - INFO - Сформированы комплексные рекомендации: {'min_yield': np.float64(21.58), 'max_yield': np.float64(37.58), 'min_duration': 0.1, 'max_duration': 2.0, 'market_condition': 'inverted', 'weighting_strategy': 'equal', 'strategy_reason': 'inverted_curve', 'strategy_description': 'Равное взвешивание для защиты от инверсии кривой доходности'}
2025-04-26 01:21:26 - KBDAnalyzer - INFO - Сформированы метрики КБД: {'date': Timestamp('2024-12-30 00:00:00'), 'market_state': 'inverted', 'optimal_duration': (0.1, 2.0), 'yield_threshold': np.float64(21.58), 'kbd_values': {'0.5Y': np.float64(18.75), '0.75Y': np.float64(18.68), '1Y': np.float64(18.58), '2Y': np.float64(18.06), '3Y': np.float64(17.48), '5Y': np.float64(16.53), '7Y': np.float64(15.87), '10Y': np.float64(15.22), '15Y': np.float64(14.57), '20Y': np.float64(14.22), '30Y': np.float64(13.9)}}
2025-04-26 01:22:26 - KBDAnalyzer - INFO - КБД данные загружены, 256 записей
2025-04-26 01:22:26 - KBDAnalyzer - INFO - КБД визуализация сохранена в /Users/aeshef/Documents/GitHub/kursach/data/processed_data/BONDS/kbd/viz/kbd_curve_20250426_012226.png
2025-04-26 01:22:26 - KBDAnalyzer - INFO - Сформированы метрики КБД: {'date': Timestamp('2024-12-30 00:00:00'), 'market_state': 'inverted', 'optimal_duration': (0.1, 2.0), 'yield_threshold': np.float64(21.58), 'kbd_values': {'0.5Y': np.float64(18.75), '0.75Y': np.float64(18.68), '1Y': np.float64(18.58), '2Y': np.float64(18.06), '3Y': np.float64(17.48), '5Y': np.float64(16.53), '7Y': np.float64(15.87), '10Y': np.float64(15.22), '15Y': np.float64(14.57), '20Y': np.float64(14.22), '30Y': np.float64(13.9)}}
2025-04-26 01:22:26 - KBDAnalyzer - INFO - Сформированы метрики КБД: {'date': Timestamp('2024-12-30 00:00:00'), 'market_state': 'inverted', 'optimal_duration': (0.1, 2.0), 'yield_threshold': np.float64(21.58), 'kbd_values': {'0.5Y': np.float64(18.75), '0.75Y': np.float64(18.68), '1Y': np.float64(18.58), '2Y': np.float64(18.06), '3Y': np.float64(17.48), '5Y': np.float64(16.53), '7Y': np.float64(15.87), '10Y': np.float64(15.22), '15Y': np.float64(14.57), '20Y': np.float64(14.22), '30Y': np.float64(13.9)}}
2025-04-26 01:22:26 - KBDAnalyzer - INFO - Сформированы рекомендации для облигаций: {'min_yield': np.float64(21.58), 'max_yield': np.float64(37.58), 'min_duration': 0.1, 'max_duration': 2.0, 'market_condition': 'inverted'}
2025-04-26 01:22:26 - KBDAnalyzer - INFO - Сформированы комплексные рекомендации: {'min_yield': np.float64(21.58), 'max_yield': np.float64(37.58), 'min_duration': 0.1, 'max_duration': 2.0, 'market_condition': 'inverted', 'weighting_strategy': 'equal', 'strategy_reason': 'inverted_curve', 'strategy_description': 'Равное взвешивание для защиты от инверсии кривой доходности'}
2025-04-26 01:22:26 - KBDAnalyzer - INFO - Сформированы метрики КБД: {'date': Timestamp('2024-12-30 00:00:00'), 'market_state': 'inverted', 'optimal_duration': (0.1, 2.0), 'yield_threshold': np.float64(21.58), 'kbd_values': {'0.5Y': np.float64(18.75), '0.75Y': np.float64(18.68), '1Y': np.float64(18.58), '2Y': np.float64(18.06), '3Y': np.float64(17.48), '5Y': np.float64(16.53), '7Y': np.float64(15.87), '10Y': np.float64(15.22), '15Y': np.float64(14.57), '20Y': np.float64(14.22), '30Y': np.float64(13.9)}}
2025-04-26 01:23:30 - KBDAnalyzer - INFO - КБД данные загружены, 256 записей
2025-04-26 01:23:30 - KBDAnalyzer - INFO - КБД визуализация сохранена в /Users/aeshef/Documents/GitHub/kursach/data/processed_data/BONDS/kbd/viz/kbd_curve_20250426_012330.png
2025-04-26 01:23:30 - KBDAnalyzer - INFO - Сформированы метрики КБД: {'date': Timestamp('2024-12-30 00:00:00'), 'market_state': 'inverted', 'optimal_duration': (0.1, 2.0), 'yield_threshold': np.float64(21.58), 'kbd_values': {'0.5Y': np.float64(18.75), '0.75Y': np.float64(18.68), '1Y': np.float64(18.58), '2Y': np.float64(18.06), '3Y': np.float64(17.48), '5Y': np.float64(16.53), '7Y': np.float64(15.87), '10Y': np.float64(15.22), '15Y': np.float64(14.57), '20Y': np.float64(14.22), '30Y': np.float64(13.9)}}
2025-04-26 01:23:30 - KBDAnalyzer - INFO - Сформированы метрики КБД: {'date': Timestamp('2024-12-30 00:00:00'), 'market_state': 'inverted', 'optimal_duration': (0.1, 2.0), 'yield_threshold': np.float64(21.58), 'kbd_values': {'0.5Y': np.float64(18.75), '0.75Y': np.float64(18.68), '1Y': np.float64(18.58), '2Y': np.float64(18.06), '3Y': np.float64(17.48), '5Y': np.float64(16.53), '7Y': np.float64(15.87), '10Y': np.float64(15.22), '15Y': np.float64(14.57), '20Y': np.float64(14.22), '30Y': np.float64(13.9)}}
2025-04-26 01:23:30 - KBDAnalyzer - INFO - Сформированы рекомендации для облигаций: {'min_yield': np.float64(21.58), 'max_yield': np.float64(37.58), 'min_duration': 0.1, 'max_duration': 2.0, 'market_condition': 'inverted'}
2025-04-26 01:23:30 - KBDAnalyzer - INFO - Сформированы комплексные рекомендации: {'min_yield': np.float64(21.58), 'max_yield': np.float64(37.58), 'min_duration': 0.1, 'max_duration': 2.0, 'market_condition': 'inverted', 'weighting_strategy': 'equal', 'strategy_reason': 'inverted_curve', 'strategy_description': 'Равное взвешивание для защиты от инверсии кривой доходности'}
2025-04-26 01:23:30 - KBDAnalyzer - INFO - Сформированы метрики КБД: {'date': Timestamp('2024-12-30 00:00:00'), 'market_state': 'inverted', 'optimal_duration': (0.1, 2.0), 'yield_threshold': np.float64(21.58), 'kbd_values': {'0.5Y': np.float64(18.75), '0.75Y': np.float64(18.68), '1Y': np.float64(18.58), '2Y': np.float64(18.06), '3Y': np.float64(17.48), '5Y': np.float64(16.53), '7Y': np.float64(15.87), '10Y': np.float64(15.22), '15Y': np.float64(14.57), '20Y': np.float64(14.22), '30Y': np.float64(13.9)}}
2025-04-26 01:25:25 - KBDAnalyzer - INFO - КБД данные загружены, 256 записей
2025-04-26 01:25:25 - KBDAnalyzer - INFO - КБД визуализация сохранена в /Users/aeshef/Documents/GitHub/kursach/data/processed_data/BONDS/kbd/viz/kbd_curve_20250426_012525.png
2025-04-26 01:25:25 - KBDAnalyzer - INFO - Сформированы метрики КБД: {'date': Timestamp('2024-12-30 00:00:00'), 'market_state': 'inverted', 'optimal_duration': (0.1, 2.0), 'yield_threshold': np.float64(21.58), 'kbd_values': {'0.5Y': np.float64(18.75), '0.75Y': np.float64(18.68), '1Y': np.float64(18.58), '2Y': np.float64(18.06), '3Y': np.float64(17.48), '5Y': np.float64(16.53), '7Y': np.float64(15.87), '10Y': np.float64(15.22), '15Y': np.float64(14.57), '20Y': np.float64(14.22), '30Y': np.float64(13.9)}}
2025-04-26 01:25:25 - KBDAnalyzer - INFO - Сформированы метрики КБД: {'date': Timestamp('2024-12-30 00:00:00'), 'market_state': 'inverted', 'optimal_duration': (0.1, 2.0), 'yield_threshold': np.float64(21.58), 'kbd_values': {'0.5Y': np.float64(18.75), '0.75Y': np.float64(18.68), '1Y': np.float64(18.58), '2Y': np.float64(18.06), '3Y': np.float64(17.48), '5Y': np.float64(16.53), '7Y': np.float64(15.87), '10Y': np.float64(15.22), '15Y': np.float64(14.57), '20Y': np.float64(14.22), '30Y': np.float64(13.9)}}
2025-04-26 01:25:25 - KBDAnalyzer - INFO - Сформированы рекомендации для облигаций: {'min_yield': np.float64(21.58), 'max_yield': np.float64(37.58), 'min_duration': 0.1, 'max_duration': 2.0, 'market_condition': 'inverted'}
2025-04-26 01:25:25 - KBDAnalyzer - INFO - Сформированы комплексные рекомендации: {'min_yield': np.float64(21.58), 'max_yield': np.float64(37.58), 'min_duration': 0.1, 'max_duration': 2.0, 'market_condition': 'inverted', 'weighting_strategy': 'equal', 'strategy_reason': 'inverted_curve', 'strategy_description': 'Равное взвешивание для защиты от инверсии кривой доходности'}
2025-04-26 01:25:25 - KBDAnalyzer - INFO - Сформированы метрики КБД: {'date': Timestamp('2024-12-30 00:00:00'), 'market_state': 'inverted', 'optimal_duration': (0.1, 2.0), 'yield_threshold': np.float64(21.58), 'kbd_values': {'0.5Y': np.float64(18.75), '0.75Y': np.float64(18.68), '1Y': np.float64(18.58), '2Y': np.float64(18.06), '3Y': np.float64(17.48), '5Y': np.float64(16.53), '7Y': np.float64(15.87), '10Y': np.float64(15.22), '15Y': np.float64(14.57), '20Y': np.float64(14.22), '30Y': np.float64(13.9)}}
2025-04-26 15:26:52 - KBDAnalyzer - INFO - КБД данные загружены, 176 записей
2025-04-26 15:26:52 - KBDAnalyzer - INFO - КБД визуализация сохранена в /Users/aeshef/Documents/GitHub/kursach/data/processed_data/BONDS/kbd/viz/kbd_curve_20250426_152651.png
2025-04-26 15:26:52 - KBDAnalyzer - INFO - Сформированы метрики КБД: {'date': Timestamp('2024-12-30 00:00:00'), 'market_state': 'inverted', 'optimal_duration': (0.1, 2.0), 'yield_threshold': np.float64(21.58), 'kbd_values': {'0.5Y': np.float64(18.75), '0.75Y': np.float64(18.68), '1Y': np.float64(18.58), '2Y': np.float64(18.06), '3Y': np.float64(17.48), '5Y': np.float64(16.53), '7Y': np.float64(15.87), '10Y': np.float64(15.22), '15Y': np.float64(14.57), '20Y': np.float64(14.22), '30Y': np.float64(13.9)}}
2025-04-26 15:26:52 - KBDAnalyzer - INFO - Сформированы метрики КБД: {'date': Timestamp('2024-12-30 00:00:00'), 'market_state': 'inverted', 'optimal_duration': (0.1, 2.0), 'yield_threshold': np.float64(21.58), 'kbd_values': {'0.5Y': np.float64(18.75), '0.75Y': np.float64(18.68), '1Y': np.float64(18.58), '2Y': np.float64(18.06), '3Y': np.float64(17.48), '5Y': np.float64(16.53), '7Y': np.float64(15.87), '10Y': np.float64(15.22), '15Y': np.float64(14.57), '20Y': np.float64(14.22), '30Y': np.float64(13.9)}}
2025-04-26 15:26:52 - KBDAnalyzer - INFO - Сформированы рекомендации для облигаций: {'min_yield': np.float64(21.58), 'max_yield': np.float64(37.58), 'min_duration': 0.1, 'max_duration': 2.0, 'market_condition': 'inverted'}
2025-04-26 15:26:52 - KBDAnalyzer - INFO - Сформированы комплексные рекомендации: {'min_yield': np.float64(21.58), 'max_yield': np.float64(37.58), 'min_duration': 0.1, 'max_duration': 2.0, 'market_condition': 'inverted', 'weighting_strategy': 'equal', 'strategy_reason': 'inverted_curve', 'strategy_description': 'Равное взвешивание для защиты от инверсии кривой доходности'}
2025-04-26 15:26:52 - KBDAnalyzer - INFO - Сформированы метрики КБД: {'date': Timestamp('2024-12-30 00:00:00'), 'market_state': 'inverted', 'optimal_duration': (0.1, 2.0), 'yield_threshold': np.float64(21.58), 'kbd_values': {'0.5Y': np.float64(18.75), '0.75Y': np.float64(18.68), '1Y': np.float64(18.58), '2Y': np.float64(18.06), '3Y': np.float64(17.48), '5Y': np.float64(16.53), '7Y': np.float64(15.87), '10Y': np.float64(15.22), '15Y': np.float64(14.57), '20Y': np.float64(14.22), '30Y': np.float64(13.9)}}
2025-04-26 16:27:25 - KBDAnalyzer - INFO - КБД данные загружены, 176 записей
2025-04-26 16:27:25 - KBDAnalyzer - INFO - КБД визуализация сохранена в /Users/aeshef/Documents/GitHub/kursach/data/processed_data/BONDS/kbd/viz/kbd_curve_20250426_162725.png
2025-04-26 16:27:25 - KBDAnalyzer - INFO - Сформированы метрики КБД: {'date': Timestamp('2024-12-30 00:00:00'), 'market_state': 'inverted', 'optimal_duration': (0.1, 2.0), 'yield_threshold': np.float64(21.58), 'kbd_values': {'0.5Y': np.float64(18.75), '0.75Y': np.float64(18.68), '1Y': np.float64(18.58), '2Y': np.float64(18.06), '3Y': np.float64(17.48), '5Y': np.float64(16.53), '7Y': np.float64(15.87), '10Y': np.float64(15.22), '15Y': np.float64(14.57), '20Y': np.float64(14.22), '30Y': np.float64(13.9)}}
2025-04-26 16:27:25 - KBDAnalyzer - INFO - Сформированы метрики КБД: {'date': Timestamp('2024-12-30 00:00:00'), 'market_state': 'inverted', 'optimal_duration': (0.1, 2.0), 'yield_threshold': np.float64(21.58), 'kbd_values': {'0.5Y': np.float64(18.75), '0.75Y': np.float64(18.68), '1Y': np.float64(18.58), '2Y': np.float64(18.06), '3Y': np.float64(17.48), '5Y': np.float64(16.53), '7Y': np.float64(15.87), '10Y': np.float64(15.22), '15Y': np.float64(14.57), '20Y': np.float64(14.22), '30Y': np.float64(13.9)}}
2025-04-26 16:27:25 - KBDAnalyzer - INFO - Сформированы рекомендации для облигаций: {'min_yield': np.float64(21.58), 'max_yield': np.float64(37.58), 'min_duration': 0.1, 'max_duration': 2.0, 'market_condition': 'inverted'}
2025-04-26 16:27:25 - KBDAnalyzer - INFO - Сформированы комплексные рекомендации: {'min_yield': np.float64(21.58), 'max_yield': np.float64(37.58), 'min_duration': 0.1, 'max_duration': 2.0, 'market_condition': 'inverted', 'weighting_strategy': 'equal', 'strategy_reason': 'inverted_curve', 'strategy_description': 'Равное взвешивание для защиты от инверсии кривой доходности'}
2025-04-26 16:27:25 - KBDAnalyzer - INFO - Сформированы метрики КБД: {'date': Timestamp('2024-12-30 00:00:00'), 'market_state': 'inverted', 'optimal_duration': (0.1, 2.0), 'yield_threshold': np.float64(21.58), 'kbd_values': {'0.5Y': np.float64(18.75), '0.75Y': np.float64(18.68), '1Y': np.float64(18.58), '2Y': np.float64(18.06), '3Y': np.float64(17.48), '5Y': np.float64(16.53), '7Y': np.float64(15.87), '10Y': np.float64(15.22), '15Y': np.float64(14.57), '20Y': np.float64(14.22), '30Y': np.float64(13.9)}}
2025-04-26 16:34:02 - KBDAnalyzer - INFO - КБД данные загружены, 176 записей
2025-04-26 16:34:02 - KBDAnalyzer - INFO - КБД визуализация сохранена в /Users/aeshef/Documents/GitHub/kursach/data/processed_data/BONDS/kbd/viz/kbd_curve_20250426_163402.png
2025-04-26 16:34:02 - KBDAnalyzer - INFO - Сформированы метрики КБД: {'date': Timestamp('2024-12-30 00:00:00'), 'market_state': 'inverted', 'optimal_duration': (0.1, 2.0), 'yield_threshold': np.float64(21.58), 'kbd_values': {'0.5Y': np.float64(18.75), '0.75Y': np.float64(18.68), '1Y': np.float64(18.58), '2Y': np.float64(18.06), '3Y': np.float64(17.48), '5Y': np.float64(16.53), '7Y': np.float64(15.87), '10Y': np.float64(15.22), '15Y': np.float64(14.57), '20Y': np.float64(14.22), '30Y': np.float64(13.9)}}
2025-04-26 16:34:02 - KBDAnalyzer - INFO - Сформированы метрики КБД: {'date': Timestamp('2024-12-30 00:00:00'), 'market_state': 'inverted', 'optimal_duration': (0.1, 2.0), 'yield_threshold': np.float64(21.58), 'kbd_values': {'0.5Y': np.float64(18.75), '0.75Y': np.float64(18.68), '1Y': np.float64(18.58), '2Y': np.float64(18.06), '3Y': np.float64(17.48), '5Y': np.float64(16.53), '7Y': np.float64(15.87), '10Y': np.float64(15.22), '15Y': np.float64(14.57), '20Y': np.float64(14.22), '30Y': np.float64(13.9)}}
2025-04-26 16:34:02 - KBDAnalyzer - INFO - Сформированы рекомендации для облигаций: {'min_yield': np.float64(21.58), 'max_yield': np.float64(37.58), 'min_duration': 0.1, 'max_duration': 2.0, 'market_condition': 'inverted'}
2025-04-26 16:34:02 - KBDAnalyzer - INFO - Сформированы комплексные рекомендации: {'min_yield': np.float64(21.58), 'max_yield': np.float64(37.58), 'min_duration': 0.1, 'max_duration': 2.0, 'market_condition': 'inverted', 'weighting_strategy': 'equal', 'strategy_reason': 'inverted_curve', 'strategy_description': 'Равное взвешивание для защиты от инверсии кривой доходности'}
2025-04-26 16:34:02 - KBDAnalyzer - INFO - Сформированы метрики КБД: {'date': Timestamp('2024-12-30 00:00:00'), 'market_state': 'inverted', 'optimal_duration': (0.1, 2.0), 'yield_threshold': np.float64(21.58), 'kbd_values': {'0.5Y': np.float64(18.75), '0.75Y': np.float64(18.68), '1Y': np.float64(18.58), '2Y': np.float64(18.06), '3Y': np.float64(17.48), '5Y': np.float64(16.53), '7Y': np.float64(15.87), '10Y': np.float64(15.22), '15Y': np.float64(14.57), '20Y': np.float64(14.22), '30Y': np.float64(13.9)}}
2025-04-26 16:34:12 - KBDAnalyzer - INFO - КБД данные загружены, 176 записей
2025-04-26 16:34:12 - KBDAnalyzer - INFO - КБД визуализация сохранена в /Users/aeshef/Documents/GitHub/kursach/data/processed_data/BONDS/kbd/viz/kbd_curve_20250426_163412.png
2025-04-26 16:34:12 - KBDAnalyzer - INFO - Сформированы метрики КБД: {'date': Timestamp('2024-12-30 00:00:00'), 'market_state': 'inverted', 'optimal_duration': (0.1, 2.0), 'yield_threshold': np.float64(21.58), 'kbd_values': {'0.5Y': np.float64(18.75), '0.75Y': np.float64(18.68), '1Y': np.float64(18.58), '2Y': np.float64(18.06), '3Y': np.float64(17.48), '5Y': np.float64(16.53), '7Y': np.float64(15.87), '10Y': np.float64(15.22), '15Y': np.float64(14.57), '20Y': np.float64(14.22), '30Y': np.float64(13.9)}}
2025-04-26 16:34:12 - KBDAnalyzer - INFO - Сформированы метрики КБД: {'date': Timestamp('2024-12-30 00:00:00'), 'market_state': 'inverted', 'optimal_duration': (0.1, 2.0), 'yield_threshold': np.float64(21.58), 'kbd_values': {'0.5Y': np.float64(18.75), '0.75Y': np.float64(18.68), '1Y': np.float64(18.58), '2Y': np.float64(18.06), '3Y': np.float64(17.48), '5Y': np.float64(16.53), '7Y': np.float64(15.87), '10Y': np.float64(15.22), '15Y': np.float64(14.57), '20Y': np.float64(14.22), '30Y': np.float64(13.9)}}
2025-04-26 16:34:12 - KBDAnalyzer - INFO - Сформированы рекомендации для облигаций: {'min_yield': np.float64(21.58), 'max_yield': np.float64(37.58), 'min_duration': 0.1, 'max_duration': 2.0, 'market_condition': 'inverted'}
2025-04-26 16:34:12 - KBDAnalyzer - INFO - Сформированы комплексные рекомендации: {'min_yield': np.float64(21.58), 'max_yield': np.float64(37.58), 'min_duration': 0.1, 'max_duration': 2.0, 'market_condition': 'inverted', 'weighting_strategy': 'equal', 'strategy_reason': 'inverted_curve', 'strategy_description': 'Равное взвешивание для защиты от инверсии кривой доходности'}
2025-04-26 16:34:12 - KBDAnalyzer - INFO - Сформированы метрики КБД: {'date': Timestamp('2024-12-30 00:00:00'), 'market_state': 'inverted', 'optimal_duration': (0.1, 2.0), 'yield_threshold': np.float64(21.58), 'kbd_values': {'0.5Y': np.float64(18.75), '0.75Y': np.float64(18.68), '1Y': np.float64(18.58), '2Y': np.float64(18.06), '3Y': np.float64(17.48), '5Y': np.float64(16.53), '7Y': np.float64(15.87), '10Y': np.float64(15.22), '15Y': np.float64(14.57), '20Y': np.float64(14.22), '30Y': np.float64(13.9)}}
2025-04-26 16:35:36 - KBDAnalyzer - INFO - КБД данные загружены, 176 записей
2025-04-26 16:35:37 - KBDAnalyzer - INFO - КБД визуализация сохранена в /Users/aeshef/Documents/GitHub/kursach/data/processed_data/BONDS/kbd/viz/kbd_curve_20250426_163536.png
2025-04-26 16:35:37 - KBDAnalyzer - INFO - Сформированы метрики КБД: {'date': Timestamp('2024-12-30 00:00:00'), 'market_state': 'inverted', 'optimal_duration': (0.1, 2.0), 'yield_threshold': np.float64(21.58), 'kbd_values': {'0.5Y': np.float64(18.75), '0.75Y': np.float64(18.68), '1Y': np.float64(18.58), '2Y': np.float64(18.06), '3Y': np.float64(17.48), '5Y': np.float64(16.53), '7Y': np.float64(15.87), '10Y': np.float64(15.22), '15Y': np.float64(14.57), '20Y': np.float64(14.22), '30Y': np.float64(13.9)}}
2025-04-26 16:35:37 - KBDAnalyzer - INFO - Сформированы метрики КБД: {'date': Timestamp('2024-12-30 00:00:00'), 'market_state': 'inverted', 'optimal_duration': (0.1, 2.0), 'yield_threshold': np.float64(21.58), 'kbd_values': {'0.5Y': np.float64(18.75), '0.75Y': np.float64(18.68), '1Y': np.float64(18.58), '2Y': np.float64(18.06), '3Y': np.float64(17.48), '5Y': np.float64(16.53), '7Y': np.float64(15.87), '10Y': np.float64(15.22), '15Y': np.float64(14.57), '20Y': np.float64(14.22), '30Y': np.float64(13.9)}}
2025-04-26 16:35:37 - KBDAnalyzer - INFO - Сформированы рекомендации для облигаций: {'min_yield': np.float64(21.58), 'max_yield': np.float64(37.58), 'min_duration': 0.1, 'max_duration': 2.0, 'market_condition': 'inverted'}
2025-04-26 16:35:37 - KBDAnalyzer - INFO - Сформированы комплексные рекомендации: {'min_yield': np.float64(21.58), 'max_yield': np.float64(37.58), 'min_duration': 0.1, 'max_duration': 2.0, 'market_condition': 'inverted', 'weighting_strategy': 'equal', 'strategy_reason': 'inverted_curve', 'strategy_description': 'Равное взвешивание для защиты от инверсии кривой доходности'}
2025-04-26 16:35:37 - KBDAnalyzer - INFO - Сформированы метрики КБД: {'date': Timestamp('2024-12-30 00:00:00'), 'market_state': 'inverted', 'optimal_duration': (0.1, 2.0), 'yield_threshold': np.float64(21.58), 'kbd_values': {'0.5Y': np.float64(18.75), '0.75Y': np.float64(18.68), '1Y': np.float64(18.58), '2Y': np.float64(18.06), '3Y': np.float64(17.48), '5Y': np.float64(16.53), '7Y': np.float64(15.87), '10Y': np.float64(15.22), '15Y': np.float64(14.57), '20Y': np.float64(14.22), '30Y': np.float64(13.9)}}
2025-04-26 18:58:07 - KBDAnalyzer - INFO - КБД данные загружены, 176 записей
2025-04-26 18:58:08 - KBDAnalyzer - INFO - КБД визуализация сохранена в /Users/aeshef/Documents/GitHub/kursach/data/processed_data/BONDS/kbd/viz/kbd_curve_20250426_185807.png
2025-04-26 18:58:08 - KBDAnalyzer - INFO - Сформированы метрики КБД: {'date': Timestamp('2024-12-30 00:00:00'), 'market_state': 'inverted', 'optimal_duration': (0.1, 2.0), 'yield_threshold': np.float64(21.58), 'kbd_values': {'0.5Y': np.float64(18.75), '0.75Y': np.float64(18.68), '1Y': np.float64(18.58), '2Y': np.float64(18.06), '3Y': np.float64(17.48), '5Y': np.float64(16.53), '7Y': np.float64(15.87), '10Y': np.float64(15.22), '15Y': np.float64(14.57), '20Y': np.float64(14.22), '30Y': np.float64(13.9)}}
2025-04-26 18:58:08 - KBDAnalyzer - INFO - Сформированы метрики КБД: {'date': Timestamp('2024-12-30 00:00:00'), 'market_state': 'inverted', 'optimal_duration': (0.1, 2.0), 'yield_threshold': np.float64(21.58), 'kbd_values': {'0.5Y': np.float64(18.75), '0.75Y': np.float64(18.68), '1Y': np.float64(18.58), '2Y': np.float64(18.06), '3Y': np.float64(17.48), '5Y': np.float64(16.53), '7Y': np.float64(15.87), '10Y': np.float64(15.22), '15Y': np.float64(14.57), '20Y': np.float64(14.22), '30Y': np.float64(13.9)}}
2025-04-26 18:58:08 - KBDAnalyzer - INFO - Сформированы рекомендации для облигаций: {'min_yield': np.float64(21.58), 'max_yield': np.float64(37.58), 'min_duration': 0.1, 'max_duration': 2.0, 'market_condition': 'inverted'}
2025-04-26 18:58:08 - KBDAnalyzer - INFO - Сформированы комплексные рекомендации: {'min_yield': np.float64(21.58), 'max_yield': np.float64(37.58), 'min_duration': 0.1, 'max_duration': 2.0, 'market_condition': 'inverted', 'weighting_strategy': 'equal', 'strategy_reason': 'inverted_curve', 'strategy_description': 'Равное взвешивание для защиты от инверсии кривой доходности'}
2025-04-26 18:58:08 - KBDAnalyzer - INFO - Сформированы метрики КБД: {'date': Timestamp('2024-12-30 00:00:00'), 'market_state': 'inverted', 'optimal_duration': (0.1, 2.0), 'yield_threshold': np.float64(21.58), 'kbd_values': {'0.5Y': np.float64(18.75), '0.75Y': np.float64(18.68), '1Y': np.float64(18.58), '2Y': np.float64(18.06), '3Y': np.float64(17.48), '5Y': np.float64(16.53), '7Y': np.float64(15.87), '10Y': np.float64(15.22), '15Y': np.float64(14.57), '20Y': np.float64(14.22), '30Y': np.float64(13.9)}}
2025-04-26 19:21:29 - KBDAnalyzer - INFO - КБД данные загружены, 176 записей
2025-04-26 19:21:29 - KBDAnalyzer - INFO - КБД визуализация сохранена в /Users/aeshef/Documents/GitHub/kursach/data/processed_data/BONDS/kbd/viz/kbd_curve_20250426_192129.png
2025-04-26 19:21:29 - KBDAnalyzer - INFO - Сформированы метрики КБД: {'date': Timestamp('2024-12-30 00:00:00'), 'market_state': 'inverted', 'optimal_duration': (0.1, 2.0), 'yield_threshold': np.float64(21.58), 'kbd_values': {'0.5Y': np.float64(18.75), '0.75Y': np.float64(18.68), '1Y': np.float64(18.58), '2Y': np.float64(18.06), '3Y': np.float64(17.48), '5Y': np.float64(16.53), '7Y': np.float64(15.87), '10Y': np.float64(15.22), '15Y': np.float64(14.57), '20Y': np.float64(14.22), '30Y': np.float64(13.9)}}
2025-04-26 19:21:29 - KBDAnalyzer - INFO - Сформированы метрики КБД: {'date': Timestamp('2024-12-30 00:00:00'), 'market_state': 'inverted', 'optimal_duration': (0.1, 2.0), 'yield_threshold': np.float64(21.58), 'kbd_values': {'0.5Y': np.float64(18.75), '0.75Y': np.float64(18.68), '1Y': np.float64(18.58), '2Y': np.float64(18.06), '3Y': np.float64(17.48), '5Y': np.float64(16.53), '7Y': np.float64(15.87), '10Y': np.float64(15.22), '15Y': np.float64(14.57), '20Y': np.float64(14.22), '30Y': np.float64(13.9)}}
2025-04-26 19:21:29 - KBDAnalyzer - INFO - Сформированы рекомендации для облигаций: {'min_yield': np.float64(21.58), 'max_yield': np.float64(37.58), 'min_duration': 0.1, 'max_duration': 2.0, 'market_condition': 'inverted'}
2025-04-26 19:21:29 - KBDAnalyzer - INFO - Сформированы комплексные рекомендации: {'min_yield': np.float64(21.58), 'max_yield': np.float64(37.58), 'min_duration': 0.1, 'max_duration': 2.0, 'market_condition': 'inverted', 'weighting_strategy': 'equal', 'strategy_reason': 'inverted_curve', 'strategy_description': 'Равное взвешивание для защиты от инверсии кривой доходности'}
2025-04-26 19:21:29 - KBDAnalyzer - INFO - Сформированы метрики КБД: {'date': Timestamp('2024-12-30 00:00:00'), 'market_state': 'inverted', 'optimal_duration': (0.1, 2.0), 'yield_threshold': np.float64(21.58), 'kbd_values': {'0.5Y': np.float64(18.75), '0.75Y': np.float64(18.68), '1Y': np.float64(18.58), '2Y': np.float64(18.06), '3Y': np.float64(17.48), '5Y': np.float64(16.53), '7Y': np.float64(15.87), '10Y': np.float64(15.22), '15Y': np.float64(14.57), '20Y': np.float64(14.22), '30Y': np.float64(13.9)}}
2025-04-26 19:43:19 - KBDAnalyzer - INFO - КБД данные загружены, 176 записей
2025-04-26 19:43:19 - KBDAnalyzer - INFO - КБД визуализация сохранена в /Users/aeshef/Documents/GitHub/kursach/data/processed_data/BONDS/kbd/viz/kbd_curve_20250426_194318.png
2025-04-26 19:43:19 - KBDAnalyzer - INFO - Сформированы метрики КБД: {'date': Timestamp('2024-12-30 00:00:00'), 'market_state': 'inverted', 'optimal_duration': (0.1, 2.0), 'yield_threshold': np.float64(21.58), 'kbd_values': {'0.5Y': np.float64(18.75), '0.75Y': np.float64(18.68), '1Y': np.float64(18.58), '2Y': np.float64(18.06), '3Y': np.float64(17.48), '5Y': np.float64(16.53), '7Y': np.float64(15.87), '10Y': np.float64(15.22), '15Y': np.float64(14.57), '20Y': np.float64(14.22), '30Y': np.float64(13.9)}}
2025-04-26 19:43:19 - KBDAnalyzer - INFO - Сформированы метрики КБД: {'date': Timestamp('2024-12-30 00:00:00'), 'market_state': 'inverted', 'optimal_duration': (0.1, 2.0), 'yield_threshold': np.float64(21.58), 'kbd_values': {'0.5Y': np.float64(18.75), '0.75Y': np.float64(18.68), '1Y': np.float64(18.58), '2Y': np.float64(18.06), '3Y': np.float64(17.48), '5Y': np.float64(16.53), '7Y': np.float64(15.87), '10Y': np.float64(15.22), '15Y': np.float64(14.57), '20Y': np.float64(14.22), '30Y': np.float64(13.9)}}
2025-04-26 19:43:19 - KBDAnalyzer - INFO - Сформированы рекомендации для облигаций: {'min_yield': np.float64(21.58), 'max_yield': np.float64(37.58), 'min_duration': 0.1, 'max_duration': 2.0, 'market_condition': 'inverted'}
2025-04-26 19:43:19 - KBDAnalyzer - INFO - Сформированы комплексные рекомендации: {'min_yield': np.float64(21.58), 'max_yield': np.float64(37.58), 'min_duration': 0.1, 'max_duration': 2.0, 'market_condition': 'inverted', 'weighting_strategy': 'equal', 'strategy_reason': 'inverted_curve', 'strategy_description': 'Равное взвешивание для защиты от инверсии кривой доходности'}
2025-04-26 19:43:19 - KBDAnalyzer - INFO - Сформированы метрики КБД: {'date': Timestamp('2024-12-30 00:00:00'), 'market_state': 'inverted', 'optimal_duration': (0.1, 2.0), 'yield_threshold': np.float64(21.58), 'kbd_values': {'0.5Y': np.float64(18.75), '0.75Y': np.float64(18.68), '1Y': np.float64(18.58), '2Y': np.float64(18.06), '3Y': np.float64(17.48), '5Y': np.float64(16.53), '7Y': np.float64(15.87), '10Y': np.float64(15.22), '15Y': np.float64(14.57), '20Y': np.float64(14.22), '30Y': np.float64(13.9)}}
2025-04-26 19:44:54 - KBDAnalyzer - INFO - КБД данные загружены, 176 записей
2025-04-26 19:44:55 - KBDAnalyzer - INFO - КБД визуализация сохранена в /Users/aeshef/Documents/GitHub/kursach/data/processed_data/BONDS/kbd/viz/kbd_curve_20250426_194454.png
2025-04-26 19:44:55 - KBDAnalyzer - INFO - Сформированы метрики КБД: {'date': Timestamp('2024-12-30 00:00:00'), 'market_state': 'inverted', 'optimal_duration': (0.1, 2.0), 'yield_threshold': np.float64(21.58), 'kbd_values': {'0.5Y': np.float64(18.75), '0.75Y': np.float64(18.68), '1Y': np.float64(18.58), '2Y': np.float64(18.06), '3Y': np.float64(17.48), '5Y': np.float64(16.53), '7Y': np.float64(15.87), '10Y': np.float64(15.22), '15Y': np.float64(14.57), '20Y': np.float64(14.22), '30Y': np.float64(13.9)}}
2025-04-26 19:44:55 - KBDAnalyzer - INFO - Сформированы метрики КБД: {'date': Timestamp('2024-12-30 00:00:00'), 'market_state': 'inverted', 'optimal_duration': (0.1, 2.0), 'yield_threshold': np.float64(21.58), 'kbd_values': {'0.5Y': np.float64(18.75), '0.75Y': np.float64(18.68), '1Y': np.float64(18.58), '2Y': np.float64(18.06), '3Y': np.float64(17.48), '5Y': np.float64(16.53), '7Y': np.float64(15.87), '10Y': np.float64(15.22), '15Y': np.float64(14.57), '20Y': np.float64(14.22), '30Y': np.float64(13.9)}}
2025-04-26 19:44:55 - KBDAnalyzer - INFO - Сформированы рекомендации для облигаций: {'min_yield': np.float64(21.58), 'max_yield': np.float64(37.58), 'min_duration': 0.1, 'max_duration': 2.0, 'market_condition': 'inverted'}
2025-04-26 19:44:55 - KBDAnalyzer - INFO - Сформированы комплексные рекомендации: {'min_yield': np.float64(21.58), 'max_yield': np.float64(37.58), 'min_duration': 0.1, 'max_duration': 2.0, 'market_condition': 'inverted', 'weighting_strategy': 'equal', 'strategy_reason': 'inverted_curve', 'strategy_description': 'Равное взвешивание для защиты от инверсии кривой доходности'}
2025-04-26 19:44:55 - KBDAnalyzer - INFO - Сформированы метрики КБД: {'date': Timestamp('2024-12-30 00:00:00'), 'market_state': 'inverted', 'optimal_duration': (0.1, 2.0), 'yield_threshold': np.float64(21.58), 'kbd_values': {'0.5Y': np.float64(18.75), '0.75Y': np.float64(18.68), '1Y': np.float64(18.58), '2Y': np.float64(18.06), '3Y': np.float64(17.48), '5Y': np.float64(16.53), '7Y': np.float64(15.87), '10Y': np.float64(15.22), '15Y': np.float64(14.57), '20Y': np.float64(14.22), '30Y': np.float64(13.9)}}
2025-04-27 15:54:51 - KBDAnalyzer - INFO - КБД данные загружены, 256 записей
2025-04-27 15:54:51 - KBDAnalyzer - INFO - КБД визуализация сохранена в /Users/aeshef/Documents/GitHub/kursach/data/processed_data/BONDS/kbd/viz/kbd_curve_20250427_155451.png
2025-04-27 15:54:51 - KBDAnalyzer - INFO - Сформированы метрики КБД: {'date': Timestamp('2024-12-30 00:00:00'), 'market_state': 'inverted', 'optimal_duration': (0.1, 2.0), 'yield_threshold': np.float64(21.58), 'kbd_values': {'0.5Y': np.float64(18.75), '0.75Y': np.float64(18.68), '1Y': np.float64(18.58), '2Y': np.float64(18.06), '3Y': np.float64(17.48), '5Y': np.float64(16.53), '7Y': np.float64(15.87), '10Y': np.float64(15.22), '15Y': np.float64(14.57), '20Y': np.float64(14.22), '30Y': np.float64(13.9)}}
2025-04-27 15:54:51 - KBDAnalyzer - INFO - Сформированы метрики КБД: {'date': Timestamp('2024-12-30 00:00:00'), 'market_state': 'inverted', 'optimal_duration': (0.1, 2.0), 'yield_threshold': np.float64(21.58), 'kbd_values': {'0.5Y': np.float64(18.75), '0.75Y': np.float64(18.68), '1Y': np.float64(18.58), '2Y': np.float64(18.06), '3Y': np.float64(17.48), '5Y': np.float64(16.53), '7Y': np.float64(15.87), '10Y': np.float64(15.22), '15Y': np.float64(14.57), '20Y': np.float64(14.22), '30Y': np.float64(13.9)}}
2025-04-27 15:54:51 - KBDAnalyzer - INFO - Сформированы рекомендации для облигаций: {'min_yield': np.float64(21.58), 'max_yield': np.float64(37.58), 'min_duration': 0.1, 'max_duration': 2.0, 'market_condition': 'inverted'}
2025-04-27 15:54:51 - KBDAnalyzer - INFO - Сформированы комплексные рекомендации: {'min_yield': np.float64(21.58), 'max_yield': np.float64(37.58), 'min_duration': 0.1, 'max_duration': 2.0, 'market_condition': 'inverted', 'weighting_strategy': 'equal', 'strategy_reason': 'inverted_curve', 'strategy_description': 'Равное взвешивание для защиты от инверсии кривой доходности'}
2025-04-27 15:54:51 - KBDAnalyzer - INFO - Сформированы метрики КБД: {'date': Timestamp('2024-12-30 00:00:00'), 'market_state': 'inverted', 'optimal_duration': (0.1, 2.0), 'yield_threshold': np.float64(21.58), 'kbd_values': {'0.5Y': np.float64(18.75), '0.75Y': np.float64(18.68), '1Y': np.float64(18.58), '2Y': np.float64(18.06), '3Y': np.float64(17.48), '5Y': np.float64(16.53), '7Y': np.float64(15.87), '10Y': np.float64(15.22), '15Y': np.float64(14.57), '20Y': np.float64(14.22), '30Y': np.float64(13.9)}}
2025-04-27 15:55:22 - KBDAnalyzer - INFO - КБД данные загружены, 256 записей
2025-04-27 15:55:22 - KBDAnalyzer - INFO - КБД визуализация сохранена в /Users/aeshef/Documents/GitHub/kursach/data/processed_data/BONDS/kbd/viz/kbd_curve_20250427_155522.png
2025-04-27 15:55:22 - KBDAnalyzer - INFO - Сформированы метрики КБД: {'date': Timestamp('2024-12-30 00:00:00'), 'market_state': 'inverted', 'optimal_duration': (0.1, 2.0), 'yield_threshold': np.float64(21.58), 'kbd_values': {'0.5Y': np.float64(18.75), '0.75Y': np.float64(18.68), '1Y': np.float64(18.58), '2Y': np.float64(18.06), '3Y': np.float64(17.48), '5Y': np.float64(16.53), '7Y': np.float64(15.87), '10Y': np.float64(15.22), '15Y': np.float64(14.57), '20Y': np.float64(14.22), '30Y': np.float64(13.9)}}
2025-04-27 15:55:22 - KBDAnalyzer - INFO - Сформированы метрики КБД: {'date': Timestamp('2024-12-30 00:00:00'), 'market_state': 'inverted', 'optimal_duration': (0.1, 2.0), 'yield_threshold': np.float64(21.58), 'kbd_values': {'0.5Y': np.float64(18.75), '0.75Y': np.float64(18.68), '1Y': np.float64(18.58), '2Y': np.float64(18.06), '3Y': np.float64(17.48), '5Y': np.float64(16.53), '7Y': np.float64(15.87), '10Y': np.float64(15.22), '15Y': np.float64(14.57), '20Y': np.float64(14.22), '30Y': np.float64(13.9)}}
2025-04-27 15:55:22 - KBDAnalyzer - INFO - Сформированы рекомендации для облигаций: {'min_yield': np.float64(21.58), 'max_yield': np.float64(37.58), 'min_duration': 0.1, 'max_duration': 2.0, 'market_condition': 'inverted'}
2025-04-27 15:55:22 - KBDAnalyzer - INFO - Сформированы комплексные рекомендации: {'min_yield': np.float64(21.58), 'max_yield': np.float64(37.58), 'min_duration': 0.1, 'max_duration': 2.0, 'market_condition': 'inverted', 'weighting_strategy': 'equal', 'strategy_reason': 'inverted_curve', 'strategy_description': 'Равное взвешивание для защиты от инверсии кривой доходности'}
2025-04-27 15:55:22 - KBDAnalyzer - INFO - Сформированы метрики КБД: {'date': Timestamp('2024-12-30 00:00:00'), 'market_state': 'inverted', 'optimal_duration': (0.1, 2.0), 'yield_threshold': np.float64(21.58), 'kbd_values': {'0.5Y': np.float64(18.75), '0.75Y': np.float64(18.68), '1Y': np.float64(18.58), '2Y': np.float64(18.06), '3Y': np.float64(17.48), '5Y': np.float64(16.53), '7Y': np.float64(15.87), '10Y': np.float64(15.22), '15Y': np.float64(14.57), '20Y': np.float64(14.22), '30Y': np.float64(13.9)}}
2025-04-27 16:09:05 - KBDAnalyzer - INFO - КБД данные загружены, 256 записей
2025-04-27 16:09:05 - KBDAnalyzer - INFO - КБД визуализация сохранена в /Users/aeshef/Documents/GitHub/kursach/data/processed_data/BONDS/kbd/viz/kbd_curve_20250427_160905.png
2025-04-27 16:09:05 - KBDAnalyzer - INFO - Сформированы метрики КБД: {'date': Timestamp('2024-12-30 00:00:00'), 'market_state': 'inverted', 'optimal_duration': (0.1, 2.0), 'yield_threshold': np.float64(21.58), 'kbd_values': {'0.5Y': np.float64(18.75), '0.75Y': np.float64(18.68), '1Y': np.float64(18.58), '2Y': np.float64(18.06), '3Y': np.float64(17.48), '5Y': np.float64(16.53), '7Y': np.float64(15.87), '10Y': np.float64(15.22), '15Y': np.float64(14.57), '20Y': np.float64(14.22), '30Y': np.float64(13.9)}}
2025-04-27 16:09:05 - KBDAnalyzer - INFO - Сформированы метрики КБД: {'date': Timestamp('2024-12-30 00:00:00'), 'market_state': 'inverted', 'optimal_duration': (0.1, 2.0), 'yield_threshold': np.float64(21.58), 'kbd_values': {'0.5Y': np.float64(18.75), '0.75Y': np.float64(18.68), '1Y': np.float64(18.58), '2Y': np.float64(18.06), '3Y': np.float64(17.48), '5Y': np.float64(16.53), '7Y': np.float64(15.87), '10Y': np.float64(15.22), '15Y': np.float64(14.57), '20Y': np.float64(14.22), '30Y': np.float64(13.9)}}
2025-04-27 16:09:05 - KBDAnalyzer - INFO - Сформированы рекомендации для облигаций: {'min_yield': np.float64(21.58), 'max_yield': np.float64(37.58), 'min_duration': 0.1, 'max_duration': 2.0, 'market_condition': 'inverted'}
2025-04-27 16:09:05 - KBDAnalyzer - INFO - Сформированы комплексные рекомендации: {'min_yield': np.float64(21.58), 'max_yield': np.float64(37.58), 'min_duration': 0.1, 'max_duration': 2.0, 'market_condition': 'inverted', 'weighting_strategy': 'equal', 'strategy_reason': 'inverted_curve', 'strategy_description': 'Равное взвешивание для защиты от инверсии кривой доходности'}
2025-04-27 16:09:05 - KBDAnalyzer - INFO - Сформированы метрики КБД: {'date': Timestamp('2024-12-30 00:00:00'), 'market_state': 'inverted', 'optimal_duration': (0.1, 2.0), 'yield_threshold': np.float64(21.58), 'kbd_values': {'0.5Y': np.float64(18.75), '0.75Y': np.float64(18.68), '1Y': np.float64(18.58), '2Y': np.float64(18.06), '3Y': np.float64(17.48), '5Y': np.float64(16.53), '7Y': np.float64(15.87), '10Y': np.float64(15.22), '15Y': np.float64(14.57), '20Y': np.float64(14.22), '30Y': np.float64(13.9)}}
2025-04-27 16:09:19 - KBDAnalyzer - INFO - КБД данные загружены, 256 записей
2025-04-27 16:09:19 - KBDAnalyzer - INFO - КБД визуализация сохранена в /Users/aeshef/Documents/GitHub/kursach/data/processed_data/BONDS/kbd/viz/kbd_curve_20250427_160919.png
2025-04-27 16:09:19 - KBDAnalyzer - INFO - Сформированы метрики КБД: {'date': Timestamp('2024-12-30 00:00:00'), 'market_state': 'inverted', 'optimal_duration': (0.1, 2.0), 'yield_threshold': np.float64(21.58), 'kbd_values': {'0.5Y': np.float64(18.75), '0.75Y': np.float64(18.68), '1Y': np.float64(18.58), '2Y': np.float64(18.06), '3Y': np.float64(17.48), '5Y': np.float64(16.53), '7Y': np.float64(15.87), '10Y': np.float64(15.22), '15Y': np.float64(14.57), '20Y': np.float64(14.22), '30Y': np.float64(13.9)}}
2025-04-27 16:09:19 - KBDAnalyzer - INFO - Сформированы метрики КБД: {'date': Timestamp('2024-12-30 00:00:00'), 'market_state': 'inverted', 'optimal_duration': (0.1, 2.0), 'yield_threshold': np.float64(21.58), 'kbd_values': {'0.5Y': np.float64(18.75), '0.75Y': np.float64(18.68), '1Y': np.float64(18.58), '2Y': np.float64(18.06), '3Y': np.float64(17.48), '5Y': np.float64(16.53), '7Y': np.float64(15.87), '10Y': np.float64(15.22), '15Y': np.float64(14.57), '20Y': np.float64(14.22), '30Y': np.float64(13.9)}}
2025-04-27 16:09:19 - KBDAnalyzer - INFO - Сформированы рекомендации для облигаций: {'min_yield': np.float64(21.58), 'max_yield': np.float64(37.58), 'min_duration': 0.1, 'max_duration': 2.0, 'market_condition': 'inverted'}
2025-04-27 16:09:19 - KBDAnalyzer - INFO - Сформированы комплексные рекомендации: {'min_yield': np.float64(21.58), 'max_yield': np.float64(37.58), 'min_duration': 0.1, 'max_duration': 2.0, 'market_condition': 'inverted', 'weighting_strategy': 'equal', 'strategy_reason': 'inverted_curve', 'strategy_description': 'Равное взвешивание для защиты от инверсии кривой доходности'}
2025-04-27 16:09:19 - KBDAnalyzer - INFO - Сформированы метрики КБД: {'date': Timestamp('2024-12-30 00:00:00'), 'market_state': 'inverted', 'optimal_duration': (0.1, 2.0), 'yield_threshold': np.float64(21.58), 'kbd_values': {'0.5Y': np.float64(18.75), '0.75Y': np.float64(18.68), '1Y': np.float64(18.58), '2Y': np.float64(18.06), '3Y': np.float64(17.48), '5Y': np.float64(16.53), '7Y': np.float64(15.87), '10Y': np.float64(15.22), '15Y': np.float64(14.57), '20Y': np.float64(14.22), '30Y': np.float64(13.9)}}
2025-04-27 16:11:03 - KBDAnalyzer - INFO - КБД данные загружены, 256 записей
2025-04-27 16:11:03 - KBDAnalyzer - INFO - КБД визуализация сохранена в /Users/aeshef/Documents/GitHub/kursach/data/processed_data/BONDS/kbd/viz/kbd_curve_20250427_161103.png
2025-04-27 16:11:03 - KBDAnalyzer - INFO - Сформированы метрики КБД: {'date': Timestamp('2024-12-30 00:00:00'), 'market_state': 'inverted', 'optimal_duration': (0.1, 2.0), 'yield_threshold': np.float64(21.58), 'kbd_values': {'0.5Y': np.float64(18.75), '0.75Y': np.float64(18.68), '1Y': np.float64(18.58), '2Y': np.float64(18.06), '3Y': np.float64(17.48), '5Y': np.float64(16.53), '7Y': np.float64(15.87), '10Y': np.float64(15.22), '15Y': np.float64(14.57), '20Y': np.float64(14.22), '30Y': np.float64(13.9)}}
2025-04-27 16:11:03 - KBDAnalyzer - INFO - Сформированы метрики КБД: {'date': Timestamp('2024-12-30 00:00:00'), 'market_state': 'inverted', 'optimal_duration': (0.1, 2.0), 'yield_threshold': np.float64(21.58), 'kbd_values': {'0.5Y': np.float64(18.75), '0.75Y': np.float64(18.68), '1Y': np.float64(18.58), '2Y': np.float64(18.06), '3Y': np.float64(17.48), '5Y': np.float64(16.53), '7Y': np.float64(15.87), '10Y': np.float64(15.22), '15Y': np.float64(14.57), '20Y': np.float64(14.22), '30Y': np.float64(13.9)}}
2025-04-27 16:11:03 - KBDAnalyzer - INFO - Сформированы рекомендации для облигаций: {'min_yield': np.float64(21.58), 'max_yield': np.float64(37.58), 'min_duration': 0.1, 'max_duration': 2.0, 'market_condition': 'inverted'}
2025-04-27 16:11:03 - KBDAnalyzer - INFO - Сформированы комплексные рекомендации: {'min_yield': np.float64(21.58), 'max_yield': np.float64(37.58), 'min_duration': 0.1, 'max_duration': 2.0, 'market_condition': 'inverted', 'weighting_strategy': 'equal', 'strategy_reason': 'inverted_curve', 'strategy_description': 'Равное взвешивание для защиты от инверсии кривой доходности'}
2025-04-27 16:11:03 - KBDAnalyzer - INFO - Сформированы метрики КБД: {'date': Timestamp('2024-12-30 00:00:00'), 'market_state': 'inverted', 'optimal_duration': (0.1, 2.0), 'yield_threshold': np.float64(21.58), 'kbd_values': {'0.5Y': np.float64(18.75), '0.75Y': np.float64(18.68), '1Y': np.float64(18.58), '2Y': np.float64(18.06), '3Y': np.float64(17.48), '5Y': np.float64(16.53), '7Y': np.float64(15.87), '10Y': np.float64(15.22), '15Y': np.float64(14.57), '20Y': np.float64(14.22), '30Y': np.float64(13.9)}}
2025-04-27 16:11:40 - KBDAnalyzer - INFO - КБД данные загружены, 256 записей
2025-04-27 16:11:40 - KBDAnalyzer - INFO - КБД визуализация сохранена в /Users/aeshef/Documents/GitHub/kursach/data/processed_data/BONDS/kbd/viz/kbd_curve_20250427_161140.png
2025-04-27 16:11:40 - KBDAnalyzer - INFO - Сформированы метрики КБД: {'date': Timestamp('2024-12-30 00:00:00'), 'market_state': 'inverted', 'optimal_duration': (0.1, 2.0), 'yield_threshold': np.float64(21.58), 'kbd_values': {'0.5Y': np.float64(18.75), '0.75Y': np.float64(18.68), '1Y': np.float64(18.58), '2Y': np.float64(18.06), '3Y': np.float64(17.48), '5Y': np.float64(16.53), '7Y': np.float64(15.87), '10Y': np.float64(15.22), '15Y': np.float64(14.57), '20Y': np.float64(14.22), '30Y': np.float64(13.9)}}
2025-04-27 16:11:40 - KBDAnalyzer - INFO - Сформированы метрики КБД: {'date': Timestamp('2024-12-30 00:00:00'), 'market_state': 'inverted', 'optimal_duration': (0.1, 2.0), 'yield_threshold': np.float64(21.58), 'kbd_values': {'0.5Y': np.float64(18.75), '0.75Y': np.float64(18.68), '1Y': np.float64(18.58), '2Y': np.float64(18.06), '3Y': np.float64(17.48), '5Y': np.float64(16.53), '7Y': np.float64(15.87), '10Y': np.float64(15.22), '15Y': np.float64(14.57), '20Y': np.float64(14.22), '30Y': np.float64(13.9)}}
2025-04-27 16:11:40 - KBDAnalyzer - INFO - Сформированы рекомендации для облигаций: {'min_yield': np.float64(21.58), 'max_yield': np.float64(37.58), 'min_duration': 0.1, 'max_duration': 2.0, 'market_condition': 'inverted'}
2025-04-27 16:11:40 - KBDAnalyzer - INFO - Сформированы комплексные рекомендации: {'min_yield': np.float64(21.58), 'max_yield': np.float64(37.58), 'min_duration': 0.1, 'max_duration': 2.0, 'market_condition': 'inverted', 'weighting_strategy': 'equal', 'strategy_reason': 'inverted_curve', 'strategy_description': 'Равное взвешивание для защиты от инверсии кривой доходности'}
2025-04-27 16:11:40 - KBDAnalyzer - INFO - Сформированы метрики КБД: {'date': Timestamp('2024-12-30 00:00:00'), 'market_state': 'inverted', 'optimal_duration': (0.1, 2.0), 'yield_threshold': np.float64(21.58), 'kbd_values': {'0.5Y': np.float64(18.75), '0.75Y': np.float64(18.68), '1Y': np.float64(18.58), '2Y': np.float64(18.06), '3Y': np.float64(17.48), '5Y': np.float64(16.53), '7Y': np.float64(15.87), '10Y': np.float64(15.22), '15Y': np.float64(14.57), '20Y': np.float64(14.22), '30Y': np.float64(13.9)}}
2025-04-27 16:12:25 - KBDAnalyzer - INFO - КБД данные загружены, 256 записей
2025-04-27 16:12:25 - KBDAnalyzer - INFO - КБД визуализация сохранена в /Users/aeshef/Documents/GitHub/kursach/data/processed_data/BONDS/kbd/viz/kbd_curve_20250427_161225.png
2025-04-27 16:12:25 - KBDAnalyzer - INFO - Сформированы метрики КБД: {'date': Timestamp('2024-12-30 00:00:00'), 'market_state': 'inverted', 'optimal_duration': (0.1, 2.0), 'yield_threshold': np.float64(21.58), 'kbd_values': {'0.5Y': np.float64(18.75), '0.75Y': np.float64(18.68), '1Y': np.float64(18.58), '2Y': np.float64(18.06), '3Y': np.float64(17.48), '5Y': np.float64(16.53), '7Y': np.float64(15.87), '10Y': np.float64(15.22), '15Y': np.float64(14.57), '20Y': np.float64(14.22), '30Y': np.float64(13.9)}}
2025-04-27 16:12:25 - KBDAnalyzer - INFO - Сформированы метрики КБД: {'date': Timestamp('2024-12-30 00:00:00'), 'market_state': 'inverted', 'optimal_duration': (0.1, 2.0), 'yield_threshold': np.float64(21.58), 'kbd_values': {'0.5Y': np.float64(18.75), '0.75Y': np.float64(18.68), '1Y': np.float64(18.58), '2Y': np.float64(18.06), '3Y': np.float64(17.48), '5Y': np.float64(16.53), '7Y': np.float64(15.87), '10Y': np.float64(15.22), '15Y': np.float64(14.57), '20Y': np.float64(14.22), '30Y': np.float64(13.9)}}
2025-04-27 16:12:25 - KBDAnalyzer - INFO - Сформированы рекомендации для облигаций: {'min_yield': np.float64(21.58), 'max_yield': np.float64(37.58), 'min_duration': 0.1, 'max_duration': 2.0, 'market_condition': 'inverted'}
2025-04-27 16:12:25 - KBDAnalyzer - INFO - Сформированы комплексные рекомендации: {'min_yield': np.float64(21.58), 'max_yield': np.float64(37.58), 'min_duration': 0.1, 'max_duration': 2.0, 'market_condition': 'inverted', 'weighting_strategy': 'equal', 'strategy_reason': 'inverted_curve', 'strategy_description': 'Равное взвешивание для защиты от инверсии кривой доходности'}
2025-04-27 16:12:25 - KBDAnalyzer - INFO - Сформированы метрики КБД: {'date': Timestamp('2024-12-30 00:00:00'), 'market_state': 'inverted', 'optimal_duration': (0.1, 2.0), 'yield_threshold': np.float64(21.58), 'kbd_values': {'0.5Y': np.float64(18.75), '0.75Y': np.float64(18.68), '1Y': np.float64(18.58), '2Y': np.float64(18.06), '3Y': np.float64(17.48), '5Y': np.float64(16.53), '7Y': np.float64(15.87), '10Y': np.float64(15.22), '15Y': np.float64(14.57), '20Y': np.float64(14.22), '30Y': np.float64(13.9)}}
2025-04-27 16:41:05 - KBDAnalyzer - INFO - КБД данные загружены, 256 записей
2025-04-27 16:41:05 - KBDAnalyzer - INFO - КБД визуализация сохранена в /Users/aeshef/Documents/GitHub/kursach/data/processed_data/BONDS/kbd/viz/kbd_curve_20250427_164105.png
2025-04-27 16:41:05 - KBDAnalyzer - INFO - Сформированы метрики КБД: {'date': Timestamp('2024-12-30 00:00:00'), 'market_state': 'inverted', 'optimal_duration': (0.1, 2.0), 'yield_threshold': np.float64(21.58), 'kbd_values': {'0.5Y': np.float64(18.75), '0.75Y': np.float64(18.68), '1Y': np.float64(18.58), '2Y': np.float64(18.06), '3Y': np.float64(17.48), '5Y': np.float64(16.53), '7Y': np.float64(15.87), '10Y': np.float64(15.22), '15Y': np.float64(14.57), '20Y': np.float64(14.22), '30Y': np.float64(13.9)}}
2025-04-27 16:41:05 - KBDAnalyzer - INFO - Сформированы метрики КБД: {'date': Timestamp('2024-12-30 00:00:00'), 'market_state': 'inverted', 'optimal_duration': (0.1, 2.0), 'yield_threshold': np.float64(21.58), 'kbd_values': {'0.5Y': np.float64(18.75), '0.75Y': np.float64(18.68), '1Y': np.float64(18.58), '2Y': np.float64(18.06), '3Y': np.float64(17.48), '5Y': np.float64(16.53), '7Y': np.float64(15.87), '10Y': np.float64(15.22), '15Y': np.float64(14.57), '20Y': np.float64(14.22), '30Y': np.float64(13.9)}}
2025-04-27 16:41:05 - KBDAnalyzer - INFO - Сформированы рекомендации для облигаций: {'min_yield': np.float64(21.58), 'max_yield': np.float64(37.58), 'min_duration': 0.1, 'max_duration': 2.0, 'market_condition': 'inverted'}
2025-04-27 16:41:05 - KBDAnalyzer - INFO - Сформированы комплексные рекомендации: {'min_yield': np.float64(21.58), 'max_yield': np.float64(37.58), 'min_duration': 0.1, 'max_duration': 2.0, 'market_condition': 'inverted', 'weighting_strategy': 'equal', 'strategy_reason': 'inverted_curve', 'strategy_description': 'Равное взвешивание для защиты от инверсии кривой доходности'}
2025-04-27 16:41:05 - KBDAnalyzer - INFO - Сформированы метрики КБД: {'date': Timestamp('2024-12-30 00:00:00'), 'market_state': 'inverted', 'optimal_duration': (0.1, 2.0), 'yield_threshold': np.float64(21.58), 'kbd_values': {'0.5Y': np.float64(18.75), '0.75Y': np.float64(18.68), '1Y': np.float64(18.58), '2Y': np.float64(18.06), '3Y': np.float64(17.48), '5Y': np.float64(16.53), '7Y': np.float64(15.87), '10Y': np.float64(15.22), '15Y': np.float64(14.57), '20Y': np.float64(14.22), '30Y': np.float64(13.9)}}
2025-04-27 16:50:46 - KBDAnalyzer - INFO - КБД данные загружены, 256 записей
2025-04-27 16:50:46 - KBDAnalyzer - INFO - КБД визуализация сохранена в /Users/aeshef/Documents/GitHub/kursach/data/processed_data/BONDS/kbd/viz/kbd_curve_20250427_165046.png
2025-04-27 16:50:46 - KBDAnalyzer - INFO - Сформированы метрики КБД: {'date': Timestamp('2024-12-30 00:00:00'), 'market_state': 'inverted', 'optimal_duration': (0.1, 2.0), 'yield_threshold': np.float64(21.58), 'kbd_values': {'0.5Y': np.float64(18.75), '0.75Y': np.float64(18.68), '1Y': np.float64(18.58), '2Y': np.float64(18.06), '3Y': np.float64(17.48), '5Y': np.float64(16.53), '7Y': np.float64(15.87), '10Y': np.float64(15.22), '15Y': np.float64(14.57), '20Y': np.float64(14.22), '30Y': np.float64(13.9)}}
2025-04-27 16:50:46 - KBDAnalyzer - INFO - Сформированы метрики КБД: {'date': Timestamp('2024-12-30 00:00:00'), 'market_state': 'inverted', 'optimal_duration': (0.1, 2.0), 'yield_threshold': np.float64(21.58), 'kbd_values': {'0.5Y': np.float64(18.75), '0.75Y': np.float64(18.68), '1Y': np.float64(18.58), '2Y': np.float64(18.06), '3Y': np.float64(17.48), '5Y': np.float64(16.53), '7Y': np.float64(15.87), '10Y': np.float64(15.22), '15Y': np.float64(14.57), '20Y': np.float64(14.22), '30Y': np.float64(13.9)}}
2025-04-27 16:50:46 - KBDAnalyzer - INFO - Сформированы рекомендации для облигаций: {'min_yield': np.float64(21.58), 'max_yield': np.float64(37.58), 'min_duration': 0.1, 'max_duration': 2.0, 'market_condition': 'inverted'}
2025-04-27 16:50:46 - KBDAnalyzer - INFO - Сформированы комплексные рекомендации: {'min_yield': np.float64(21.58), 'max_yield': np.float64(37.58), 'min_duration': 0.1, 'max_duration': 2.0, 'market_condition': 'inverted', 'weighting_strategy': 'equal', 'strategy_reason': 'inverted_curve', 'strategy_description': 'Равное взвешивание для защиты от инверсии кривой доходности'}
2025-04-27 16:50:46 - KBDAnalyzer - INFO - Сформированы метрики КБД: {'date': Timestamp('2024-12-30 00:00:00'), 'market_state': 'inverted', 'optimal_duration': (0.1, 2.0), 'yield_threshold': np.float64(21.58), 'kbd_values': {'0.5Y': np.float64(18.75), '0.75Y': np.float64(18.68), '1Y': np.float64(18.58), '2Y': np.float64(18.06), '3Y': np.float64(17.48), '5Y': np.float64(16.53), '7Y': np.float64(15.87), '10Y': np.float64(15.22), '15Y': np.float64(14.57), '20Y': np.float64(14.22), '30Y': np.float64(13.9)}}
2025-04-27 17:47:05 - KBDAnalyzer - INFO - КБД данные загружены, 256 записей
2025-04-27 17:47:05 - KBDAnalyzer - INFO - КБД визуализация сохранена в /Users/aeshef/Documents/GitHub/kursach/data/processed_data/BONDS/kbd/viz/kbd_curve_20250427_174705.png
2025-04-27 17:47:05 - KBDAnalyzer - INFO - Сформированы метрики КБД: {'date': Timestamp('2024-12-30 00:00:00'), 'market_state': 'inverted', 'optimal_duration': (0.1, 2.0), 'yield_threshold': np.float64(21.58), 'kbd_values': {'0.5Y': np.float64(18.75), '0.75Y': np.float64(18.68), '1Y': np.float64(18.58), '2Y': np.float64(18.06), '3Y': np.float64(17.48), '5Y': np.float64(16.53), '7Y': np.float64(15.87), '10Y': np.float64(15.22), '15Y': np.float64(14.57), '20Y': np.float64(14.22), '30Y': np.float64(13.9)}}
2025-04-27 17:47:05 - KBDAnalyzer - INFO - Сформированы метрики КБД: {'date': Timestamp('2024-12-30 00:00:00'), 'market_state': 'inverted', 'optimal_duration': (0.1, 2.0), 'yield_threshold': np.float64(21.58), 'kbd_values': {'0.5Y': np.float64(18.75), '0.75Y': np.float64(18.68), '1Y': np.float64(18.58), '2Y': np.float64(18.06), '3Y': np.float64(17.48), '5Y': np.float64(16.53), '7Y': np.float64(15.87), '10Y': np.float64(15.22), '15Y': np.float64(14.57), '20Y': np.float64(14.22), '30Y': np.float64(13.9)}}
2025-04-27 17:47:05 - KBDAnalyzer - INFO - Сформированы рекомендации для облигаций: {'min_yield': np.float64(21.58), 'max_yield': np.float64(37.58), 'min_duration': 0.1, 'max_duration': 2.0, 'market_condition': 'inverted'}
2025-04-27 17:47:05 - KBDAnalyzer - INFO - Сформированы комплексные рекомендации: {'min_yield': np.float64(21.58), 'max_yield': np.float64(37.58), 'min_duration': 0.1, 'max_duration': 2.0, 'market_condition': 'inverted', 'weighting_strategy': 'equal', 'strategy_reason': 'inverted_curve', 'strategy_description': 'Равное взвешивание для защиты от инверсии кривой доходности'}
2025-04-27 17:47:05 - KBDAnalyzer - INFO - Сформированы метрики КБД: {'date': Timestamp('2024-12-30 00:00:00'), 'market_state': 'inverted', 'optimal_duration': (0.1, 2.0), 'yield_threshold': np.float64(21.58), 'kbd_values': {'0.5Y': np.float64(18.75), '0.75Y': np.float64(18.68), '1Y': np.float64(18.58), '2Y': np.float64(18.06), '3Y': np.float64(17.48), '5Y': np.float64(16.53), '7Y': np.float64(15.87), '10Y': np.float64(15.22), '15Y': np.float64(14.57), '20Y': np.float64(14.22), '30Y': np.float64(13.9)}}
2025-04-27 18:13:48 - KBDAnalyzer - INFO - КБД данные загружены, 256 записей
2025-04-27 18:13:48 - KBDAnalyzer - INFO - КБД визуализация сохранена в /Users/aeshef/Documents/GitHub/kursach/data/processed_data/BONDS/kbd/viz/kbd_curve_20250427_181348.png
2025-04-27 18:13:48 - KBDAnalyzer - INFO - Сформированы метрики КБД: {'date': Timestamp('2024-12-30 00:00:00'), 'market_state': 'inverted', 'optimal_duration': (0.1, 2.0), 'yield_threshold': np.float64(21.58), 'kbd_values': {'0.5Y': np.float64(18.75), '0.75Y': np.float64(18.68), '1Y': np.float64(18.58), '2Y': np.float64(18.06), '3Y': np.float64(17.48), '5Y': np.float64(16.53), '7Y': np.float64(15.87), '10Y': np.float64(15.22), '15Y': np.float64(14.57), '20Y': np.float64(14.22), '30Y': np.float64(13.9)}}
2025-04-27 18:13:48 - KBDAnalyzer - INFO - Сформированы метрики КБД: {'date': Timestamp('2024-12-30 00:00:00'), 'market_state': 'inverted', 'optimal_duration': (0.1, 2.0), 'yield_threshold': np.float64(21.58), 'kbd_values': {'0.5Y': np.float64(18.75), '0.75Y': np.float64(18.68), '1Y': np.float64(18.58), '2Y': np.float64(18.06), '3Y': np.float64(17.48), '5Y': np.float64(16.53), '7Y': np.float64(15.87), '10Y': np.float64(15.22), '15Y': np.float64(14.57), '20Y': np.float64(14.22), '30Y': np.float64(13.9)}}
2025-04-27 18:13:48 - KBDAnalyzer - INFO - Сформированы рекомендации для облигаций: {'min_yield': np.float64(21.58), 'max_yield': np.float64(37.58), 'min_duration': 0.1, 'max_duration': 2.0, 'market_condition': 'inverted'}
2025-04-27 18:13:48 - KBDAnalyzer - INFO - Сформированы комплексные рекомендации: {'min_yield': np.float64(21.58), 'max_yield': np.float64(37.58), 'min_duration': 0.1, 'max_duration': 2.0, 'market_condition': 'inverted', 'weighting_strategy': 'equal', 'strategy_reason': 'inverted_curve', 'strategy_description': 'Равное взвешивание для защиты от инверсии кривой доходности'}
2025-04-27 18:13:48 - KBDAnalyzer - INFO - Сформированы метрики КБД: {'date': Timestamp('2024-12-30 00:00:00'), 'market_state': 'inverted', 'optimal_duration': (0.1, 2.0), 'yield_threshold': np.float64(21.58), 'kbd_values': {'0.5Y': np.float64(18.75), '0.75Y': np.float64(18.68), '1Y': np.float64(18.58), '2Y': np.float64(18.06), '3Y': np.float64(17.48), '5Y': np.float64(16.53), '7Y': np.float64(15.87), '10Y': np.float64(15.22), '15Y': np.float64(14.57), '20Y': np.float64(14.22), '30Y': np.float64(13.9)}}
