2025-04-26 12:10:05 - MarketCapParser - INFO - Запуск пайплайна парсинга капитализаций компаний
2025-04-26 12:10:05 - MarketCapParser - INFO - Запрос данных о капитализации с MOEX API
2025-04-26 12:10:05 - MarketCapParser - INFO - Получены данные о капитализации для 259 компаний
2025-04-26 12:10:06 - MarketCapParser - INFO - Общий файл с капитализациями сохранен в /Users/aeshef/Documents/GitHub/kursach/data/processed_data/market_cap/all_caps.csv
2025-04-26 12:10:06 - MarketCapParser - INFO - Пайплайн парсинга капитализаций завершен успешно. Обработано 259 компаний.
2025-04-26 12:20:08 - MarketCapParser - INFO - Запуск пайплайна парсинга капитализаций для выбранных тикеров
2025-04-26 12:20:08 - MarketCapParser - INFO - Запрос данных о капитализации с MOEX API для выбранных тикеров
2025-04-26 12:20:08 - MarketCapParser - INFO - Получены данные о капитализации для 16 компаний
2025-04-26 12:20:08 - MarketCapParser - INFO - Общий файл с капитализациями сохранен в /Users/aeshef/Documents/GitHub/kursach/data/processed_data/market_cap/all_caps.csv
2025-04-26 12:20:08 - MarketCapParser - INFO - Пайплайн парсинга капитализаций завершен успешно. Обработано 16 компаний.
2025-04-26 13:43:08 - MarketCapParser - INFO - Запуск пайплайна парсинга капитализаций для выбранных тикеров
2025-04-26 13:43:08 - MarketCapParser - INFO - Запрос данных о капитализации с MOEX API для выбранных тикеров
2025-04-26 13:43:09 - MarketCapParser - INFO - Получены данные о капитализации для 16 компаний
2025-04-26 13:43:09 - MarketCapParser - INFO - Пайплайн парсинга капитализаций завершен успешно. Обработано 16 компаний.
2025-04-26 15:57:10 - MarketCapParser - INFO - Запуск пайплайна парсинга капитализаций для выбранных тикеров
2025-04-26 15:57:10 - MarketCapParser - INFO - Запрос данных о капитализации с MOEX API для выбранных тикеров
2025-04-26 15:57:10 - MarketCapParser - INFO - Получены данные о капитализации для 16 компаний
2025-04-26 15:57:10 - MarketCapParser - INFO - Общий файл с капитализациями сохранен в /Users/aeshef/Documents/GitHub/kursach/data/processed_data/market_cap/all_caps.csv
2025-04-26 15:57:10 - MarketCapParser - INFO - Пайплайн парсинга капитализаций завершен успешно. Обработано 16 компаний.
2025-04-26 15:57:45 - MarketCapParser - INFO - Запуск пайплайна парсинга капитализаций для выбранных тикеров
2025-04-26 15:57:45 - MarketCapParser - INFO - Запрос данных о капитализации с MOEX API для выбранных тикеров
2025-04-26 15:57:45 - MarketCapParser - INFO - Получены данные о капитализации для 16 компаний
2025-04-26 15:57:45 - MarketCapParser - INFO - Общий файл с капитализациями сохранен в /Users/aeshef/Documents/GitHub/kursach/data/processed_data/market_cap/all_caps.csv
2025-04-26 15:57:45 - MarketCapParser - INFO - Пайплайн парсинга капитализаций завершен успешно. Обработано 16 компаний.
2025-04-26 16:00:01 - MarketCapParser - INFO - Запуск пайплайна парсинга капитализаций для выбранных тикеров
2025-04-26 16:00:01 - MarketCapParser - INFO - Запрос данных о капитализации с MOEX API для выбранных тикеров
2025-04-26 16:00:01 - MarketCapParser - INFO - Получены данные о капитализации для 16 компаний
2025-04-26 16:00:01 - MarketCapParser - INFO - Общий файл с капитализациями сохранен в /Users/aeshef/Documents/GitHub/kursach/data/all_caps.csv
2025-04-26 16:00:01 - MarketCapParser - INFO - Пайплайн парсинга капитализаций завершен успешно. Обработано 16 компаний.
2025-04-26 16:10:05 - MarketCapParser - INFO - Запуск пайплайна парсинга капитализаций для выбранных тикеров
2025-04-26 16:10:05 - MarketCapParser - INFO - Запрос данных о капитализации с MOEX API для выбранных тикеров
2025-04-26 16:10:05 - MarketCapParser - INFO - Получены данные о капитализации для 16 компаний
2025-04-26 16:10:05 - MarketCapParser - INFO - Общий файл с капитализациями сохранен в /Users/aeshef/Documents/GitHub/kursach/data/all_caps.csv
2025-04-26 16:10:05 - MarketCapParser - INFO - Пайплайн парсинга капитализаций завершен успешно. Обработано 16 компаний.
2025-04-26 16:40:39 - MarketCapParser - INFO - Запуск пайплайна парсинга капитализаций для выбранных тикеров
2025-04-26 16:40:39 - MarketCapParser - INFO - Запрос данных о капитализации с MOEX API для выбранных тикеров
2025-04-26 16:40:40 - MarketCapParser - INFO - Получены данные о капитализации для 16 компаний
2025-04-26 16:40:40 - MarketCapParser - INFO - Общий файл с капитализациями сохранен в /Users/aeshef/Documents/GitHub/kursach/data/all_caps.csv
2025-04-26 16:40:40 - MarketCapParser - INFO - Пайплайн парсинга капитализаций завершен успешно. Обработано 16 компаний.
2025-04-26 18:52:09 - MarketCapParser - INFO - Запуск пайплайна парсинга капитализаций для выбранных тикеров
2025-04-26 18:52:09 - MarketCapParser - INFO - Запрос данных о капитализации с MOEX API для выбранных тикеров
2025-04-26 18:52:09 - MarketCapParser - INFO - Получены данные о капитализации для 16 компаний
2025-04-26 18:52:09 - MarketCapParser - INFO - Общий файл с капитализациями сохранен в /Users/aeshef/Documents/GitHub/kursach/data/all_caps.csv
2025-04-26 18:52:09 - MarketCapParser - INFO - Пайплайн парсинга капитализаций завершен успешно. Обработано 16 компаний.
2025-04-26 19:03:58 - MarketCapParser - INFO - Запуск пайплайна парсинга капитализаций для выбранных тикеров
2025-04-26 19:03:58 - MarketCapParser - INFO - Запрос данных о капитализации с MOEX API для выбранных тикеров
2025-04-26 19:03:58 - MarketCapParser - INFO - Получены данные о капитализации для 16 компаний
2025-04-26 19:03:58 - MarketCapParser - INFO - Общий файл с капитализациями сохранен в /Users/aeshef/Documents/GitHub/kursach/data/all_caps.csv
2025-04-26 19:03:58 - MarketCapParser - INFO - Пайплайн парсинга капитализаций завершен успешно. Обработано 16 компаний.
2025-04-26 19:12:48 - MarketCapParser - INFO - Запуск пайплайна парсинга капитализаций для выбранных тикеров
2025-04-26 19:12:48 - MarketCapParser - INFO - Запрос данных о капитализации с MOEX API для выбранных тикеров
2025-04-26 19:12:48 - MarketCapParser - INFO - Получены данные о капитализации для 16 компаний
2025-04-26 19:12:48 - MarketCapParser - INFO - Общий файл с капитализациями сохранен в /Users/aeshef/Documents/GitHub/kursach/data/all_caps.csv
2025-04-26 19:12:48 - MarketCapParser - INFO - Пайплайн парсинга капитализаций завершен успешно. Обработано 16 компаний.
2025-04-26 19:19:15 - MarketCapParser - INFO - Запуск пайплайна парсинга капитализаций для выбранных тикеров
2025-04-26 19:19:15 - MarketCapParser - INFO - Запрос данных о капитализации с MOEX API для выбранных тикеров
2025-04-26 19:19:15 - MarketCapParser - INFO - Получены данные о капитализации для 16 компаний
2025-04-26 19:19:15 - MarketCapParser - INFO - Общий файл с капитализациями сохранен в /Users/aeshef/Documents/GitHub/kursach/data/all_caps.csv
2025-04-26 19:19:15 - MarketCapParser - INFO - Пайплайн парсинга капитализаций завершен успешно. Обработано 16 компаний.
2025-04-26 19:20:31 - MarketCapParser - INFO - Запуск пайплайна парсинга капитализаций для выбранных тикеров
2025-04-26 19:20:31 - MarketCapParser - INFO - Запрос данных о капитализации с MOEX API для выбранных тикеров
2025-04-26 19:20:32 - MarketCapParser - INFO - Получены данные о капитализации для 16 компаний
2025-04-26 19:20:32 - MarketCapParser - INFO - Общий файл с капитализациями сохранен в /Users/aeshef/Documents/GitHub/kursach/data/all_caps.csv
2025-04-26 19:20:32 - MarketCapParser - INFO - Пайплайн парсинга капитализаций завершен успешно. Обработано 16 компаний.
2025-04-26 19:21:46 - MarketCapParser - INFO - Запуск пайплайна парсинга капитализаций для выбранных тикеров
2025-04-26 19:21:46 - MarketCapParser - INFO - Запрос данных о капитализации с MOEX API для выбранных тикеров
2025-04-26 19:21:47 - MarketCapParser - INFO - Получены данные о капитализации для 16 компаний
2025-04-26 19:21:47 - MarketCapParser - INFO - Общий файл с капитализациями сохранен в /Users/aeshef/Documents/GitHub/kursach/data/all_caps.csv
2025-04-26 19:21:47 - MarketCapParser - INFO - Пайплайн парсинга капитализаций завершен успешно. Обработано 16 компаний.
2025-04-26 19:43:34 - MarketCapParser - INFO - Запуск пайплайна парсинга капитализаций для выбранных тикеров
2025-04-26 19:43:34 - MarketCapParser - INFO - Запрос данных о капитализации с MOEX API для выбранных тикеров
2025-04-26 19:43:34 - MarketCapParser - INFO - Получены данные о капитализации для 16 компаний
2025-04-26 19:43:34 - MarketCapParser - INFO - Общий файл с капитализациями сохранен в /Users/aeshef/Documents/GitHub/kursach/data/all_caps.csv
2025-04-26 19:43:34 - MarketCapParser - INFO - Пайплайн парсинга капитализаций завершен успешно. Обработано 16 компаний.
2025-04-26 19:45:09 - MarketCapParser - INFO - Запуск пайплайна парсинга капитализаций для выбранных тикеров
2025-04-26 19:45:09 - MarketCapParser - INFO - Запрос данных о капитализации с MOEX API для выбранных тикеров
2025-04-26 19:45:09 - MarketCapParser - INFO - Получены данные о капитализации для 16 компаний
2025-04-26 19:45:09 - MarketCapParser - INFO - Общий файл с капитализациями сохранен в /Users/aeshef/Documents/GitHub/kursach/data/all_caps.csv
2025-04-26 19:45:09 - MarketCapParser - INFO - Пайплайн парсинга капитализаций завершен успешно. Обработано 16 компаний.
2025-04-27 16:12:44 - MarketCapParser - INFO - Запуск пайплайна парсинга капитализаций для выбранных тикеров
2025-04-27 16:12:44 - MarketCapParser - INFO - Запрос данных о капитализации с MOEX API для выбранных тикеров
2025-04-27 16:12:44 - MarketCapParser - INFO - Получены данные о капитализации для 16 компаний
2025-04-27 16:12:44 - MarketCapParser - INFO - Общий файл с капитализациями сохранен в /Users/aeshef/Documents/GitHub/kursach/data/all_caps.csv
2025-04-27 16:12:44 - MarketCapParser - INFO - Пайплайн парсинга капитализаций завершен успешно. Обработано 16 компаний.
2025-04-27 16:41:20 - MarketCapParser - INFO - Запуск пайплайна парсинга капитализаций для выбранных тикеров
2025-04-27 16:41:20 - MarketCapParser - INFO - Запрос данных о капитализации с MOEX API для выбранных тикеров
2025-04-27 16:41:20 - MarketCapParser - INFO - Получены данные о капитализации для 16 компаний
2025-04-27 16:41:20 - MarketCapParser - INFO - Общий файл с капитализациями сохранен в /Users/aeshef/Documents/GitHub/kursach/data/all_caps.csv
2025-04-27 16:41:20 - MarketCapParser - INFO - Пайплайн парсинга капитализаций завершен успешно. Обработано 16 компаний.
2025-04-27 16:51:02 - MarketCapParser - INFO - Запуск пайплайна парсинга капитализаций для выбранных тикеров
2025-04-27 16:51:02 - MarketCapParser - INFO - Запрос данных о капитализации с MOEX API для выбранных тикеров
2025-04-27 16:51:02 - MarketCapParser - INFO - Получены данные о капитализации для 16 компаний
2025-04-27 16:51:02 - MarketCapParser - INFO - Общий файл с капитализациями сохранен в /Users/aeshef/Documents/GitHub/kursach/data/all_caps.csv
2025-04-27 16:51:02 - MarketCapParser - INFO - Пайплайн парсинга капитализаций завершен успешно. Обработано 16 компаний.
2025-04-27 20:33:48 - MarketCapParser - INFO - Запуск пайплайна парсинга капитализаций для выбранных тикеров
2025-04-27 20:33:48 - MarketCapParser - INFO - Запрос данных о капитализации с MOEX API для выбранных тикеров
2025-04-27 20:33:48 - MarketCapParser - INFO - Получены данные о капитализации для 16 компаний
2025-04-27 20:33:48 - MarketCapParser - INFO - Общий файл с капитализациями сохранен в /Users/aeshef/Documents/GitHub/kursach/data/all_caps.csv
2025-04-27 20:33:48 - MarketCapParser - INFO - Пайплайн парсинга капитализаций завершен успешно. Обработано 16 компаний.
2025-04-27 20:35:06 - MarketCapParser - INFO - Запуск пайплайна парсинга капитализаций для выбранных тикеров
2025-04-27 20:35:06 - MarketCapParser - INFO - Запрос данных о капитализации с MOEX API для выбранных тикеров
2025-04-27 20:35:06 - MarketCapParser - INFO - Получены данные о капитализации для 16 компаний
2025-04-27 20:35:06 - MarketCapParser - INFO - Общий файл с капитализациями сохранен в /Users/aeshef/Documents/GitHub/kursach/data/all_caps.csv
2025-04-27 20:35:06 - MarketCapParser - INFO - Пайплайн парсинга капитализаций завершен успешно. Обработано 16 компаний.
2025-04-27 20:42:36 - MarketCapParser - INFO - Запуск пайплайна парсинга капитализаций для выбранных тикеров
2025-04-27 20:42:36 - MarketCapParser - INFO - Запрос данных о капитализации с MOEX API для выбранных тикеров
2025-04-27 20:42:36 - MarketCapParser - INFO - Получены данные о капитализации для 16 компаний
2025-04-27 20:42:36 - MarketCapParser - INFO - Общий файл с капитализациями сохранен в /Users/aeshef/Documents/GitHub/kursach/data/all_caps.csv
2025-04-27 20:42:36 - MarketCapParser - INFO - Пайплайн парсинга капитализаций завершен успешно. Обработано 16 компаний.
2025-04-27 20:44:53 - MarketCapParser - INFO - Запуск пайплайна парсинга капитализаций для выбранных тикеров
2025-04-27 20:44:53 - MarketCapParser - INFO - Запрос данных о капитализации с MOEX API для выбранных тикеров
2025-04-27 20:44:53 - MarketCapParser - INFO - Получены данные о капитализации для 16 компаний
2025-04-27 20:44:53 - MarketCapParser - INFO - Общий файл с капитализациями сохранен в /Users/aeshef/Documents/GitHub/kursach/data/all_caps.csv
2025-04-27 20:44:53 - MarketCapParser - INFO - Пайплайн парсинга капитализаций завершен успешно. Обработано 16 компаний.
2025-04-27 20:56:33 - MarketCapParser - INFO - Запуск пайплайна парсинга капитализаций для выбранных тикеров
2025-04-27 20:56:33 - MarketCapParser - INFO - Запрос данных о капитализации с MOEX API для выбранных тикеров
2025-04-27 20:56:34 - MarketCapParser - INFO - Получены данные о капитализации для 16 компаний
2025-04-27 20:56:34 - MarketCapParser - INFO - Общий файл с капитализациями сохранен в /Users/aeshef/Documents/GitHub/kursach/data/all_caps.csv
2025-04-27 20:56:34 - MarketCapParser - INFO - Пайплайн парсинга капитализаций завершен успешно. Обработано 16 компаний.
2025-04-27 21:32:26 - MarketCapParser - INFO - Запуск пайплайна парсинга капитализаций для выбранных тикеров
2025-04-27 21:32:26 - MarketCapParser - INFO - Запрос данных о капитализации с MOEX API для выбранных тикеров
2025-04-27 21:32:26 - MarketCapParser - INFO - Получены данные о капитализации для 16 компаний
2025-04-27 21:32:26 - MarketCapParser - INFO - Общий файл с капитализациями сохранен в /Users/aeshef/Documents/GitHub/kursach/data/all_caps.csv
2025-04-27 21:32:26 - MarketCapParser - INFO - Пайплайн парсинга капитализаций завершен успешно. Обработано 16 компаний.
2025-04-27 21:35:11 - MarketCapParser - INFO - Запуск пайплайна парсинга капитализаций для выбранных тикеров
2025-04-27 21:35:11 - MarketCapParser - INFO - Запрос данных о капитализации с MOEX API для выбранных тикеров
2025-04-27 21:35:11 - MarketCapParser - INFO - Получены данные о капитализации для 16 компаний
2025-04-27 21:35:11 - MarketCapParser - INFO - Общий файл с капитализациями сохранен в /Users/aeshef/Documents/GitHub/kursach/data/all_caps.csv
2025-04-27 21:35:11 - MarketCapParser - INFO - Пайплайн парсинга капитализаций завершен успешно. Обработано 16 компаний.
2025-04-27 21:38:54 - MarketCapParser - INFO - Запуск пайплайна парсинга капитализаций для выбранных тикеров
2025-04-27 21:38:54 - MarketCapParser - INFO - Запрос данных о капитализации с MOEX API для выбранных тикеров
2025-04-27 21:38:54 - MarketCapParser - INFO - Получены данные о капитализации для 16 компаний
2025-04-27 21:38:54 - MarketCapParser - INFO - Общий файл с капитализациями сохранен в /Users/aeshef/Documents/GitHub/kursach/data/all_caps.csv
2025-04-27 21:38:54 - MarketCapParser - INFO - Пайплайн парсинга капитализаций завершен успешно. Обработано 16 компаний.
2025-04-27 21:42:54 - MarketCapParser - INFO - Запуск пайплайна парсинга капитализаций для выбранных тикеров
2025-04-27 21:42:54 - MarketCapParser - INFO - Запрос данных о капитализации с MOEX API для выбранных тикеров
2025-04-27 21:42:54 - MarketCapParser - INFO - Получены данные о капитализации для 16 компаний
2025-04-27 21:42:54 - MarketCapParser - INFO - Общий файл с капитализациями сохранен в /Users/aeshef/Documents/GitHub/kursach/data/all_caps.csv
2025-04-27 21:42:54 - MarketCapParser - INFO - Пайплайн парсинга капитализаций завершен успешно. Обработано 16 компаний.
2025-04-27 21:45:44 - MarketCapParser - INFO - Запуск пайплайна парсинга капитализаций для выбранных тикеров
2025-04-27 21:45:44 - MarketCapParser - INFO - Запрос данных о капитализации с MOEX API для выбранных тикеров
2025-04-27 21:45:44 - MarketCapParser - INFO - Получены данные о капитализации для 16 компаний
2025-04-27 21:45:44 - MarketCapParser - INFO - Общий файл с капитализациями сохранен в /Users/aeshef/Documents/GitHub/kursach/data/all_caps.csv
2025-04-27 21:45:44 - MarketCapParser - INFO - Пайплайн парсинга капитализаций завершен успешно. Обработано 16 компаний.
2025-04-27 21:47:01 - MarketCapParser - INFO - Запуск пайплайна парсинга капитализаций для выбранных тикеров
2025-04-27 21:47:01 - MarketCapParser - INFO - Запрос данных о капитализации с MOEX API для выбранных тикеров
2025-04-27 21:47:01 - MarketCapParser - INFO - Получены данные о капитализации для 16 компаний
2025-04-27 21:47:01 - MarketCapParser - INFO - Общий файл с капитализациями сохранен в /Users/aeshef/Documents/GitHub/kursach/data/all_caps.csv
2025-04-27 21:47:01 - MarketCapParser - INFO - Пайплайн парсинга капитализаций завершен успешно. Обработано 16 компаний.
2025-04-27 21:59:03 - MarketCapParser - INFO - Запуск пайплайна парсинга капитализаций для выбранных тикеров
2025-04-27 21:59:03 - MarketCapParser - INFO - Запрос данных о капитализации с MOEX API для выбранных тикеров
2025-04-27 21:59:03 - MarketCapParser - INFO - Получены данные о капитализации для 16 компаний
2025-04-27 21:59:03 - MarketCapParser - INFO - Общий файл с капитализациями сохранен в /Users/aeshef/Documents/GitHub/kursach/data/all_caps.csv
2025-04-27 21:59:03 - MarketCapParser - INFO - Пайплайн парсинга капитализаций завершен успешно. Обработано 16 компаний.
2025-04-27 22:08:18 - MarketCapParser - INFO - Запуск пайплайна парсинга капитализаций для выбранных тикеров
2025-04-27 22:08:18 - MarketCapParser - INFO - Запрос данных о капитализации с MOEX API для выбранных тикеров
2025-04-27 22:08:18 - MarketCapParser - INFO - Получены данные о капитализации для 16 компаний
2025-04-27 22:08:18 - MarketCapParser - INFO - Общий файл с капитализациями сохранен в /Users/aeshef/Documents/GitHub/kursach/data/all_caps.csv
2025-04-27 22:08:18 - MarketCapParser - INFO - Пайплайн парсинга капитализаций завершен успешно. Обработано 16 компаний.
2025-04-27 23:04:28 - MarketCapParser - INFO - Запуск пайплайна парсинга капитализаций для выбранных тикеров
2025-04-27 23:04:28 - MarketCapParser - INFO - Запрос данных о капитализации с MOEX API для выбранных тикеров
2025-04-27 23:04:28 - MarketCapParser - INFO - Получены данные о капитализации для 16 компаний
2025-04-27 23:04:28 - MarketCapParser - INFO - Общий файл с капитализациями сохранен в /Users/aeshef/Documents/GitHub/kursach/data/all_caps.csv
2025-04-27 23:04:28 - MarketCapParser - INFO - Пайплайн парсинга капитализаций завершен успешно. Обработано 16 компаний.
2025-04-27 23:09:35 - MarketCapParser - INFO - Запуск пайплайна парсинга капитализаций для выбранных тикеров
2025-04-27 23:09:35 - MarketCapParser - INFO - Запрос данных о капитализации с MOEX API для выбранных тикеров
2025-04-27 23:09:35 - MarketCapParser - INFO - Получены данные о капитализации для 16 компаний
2025-04-27 23:09:35 - MarketCapParser - INFO - Общий файл с капитализациями сохранен в /Users/aeshef/Documents/GitHub/kursach/data/all_caps.csv
2025-04-27 23:09:35 - MarketCapParser - INFO - Пайплайн парсинга капитализаций завершен успешно. Обработано 16 компаний.
2025-04-27 23:42:26 - MarketCapParser - INFO - Запуск пайплайна парсинга капитализаций для выбранных тикеров
2025-04-27 23:42:26 - MarketCapParser - INFO - Запрос данных о капитализации с MOEX API для выбранных тикеров
2025-04-27 23:42:26 - MarketCapParser - INFO - Получены данные о капитализации для 16 компаний
2025-04-27 23:42:26 - MarketCapParser - INFO - Общий файл с капитализациями сохранен в /Users/aeshef/Documents/GitHub/kursach/data/all_caps.csv
2025-04-27 23:42:26 - MarketCapParser - INFO - Пайплайн парсинга капитализаций завершен успешно. Обработано 16 компаний.
