2025-04-24 19:24:04 - MOEXBondHistoricalParser - INFO - MOEX Bond Parser initialized
2025-04-24 19:24:04 - MOEXBondHistoricalParser - INFO - Запуск массового парсинга данных с 2024-01-01 по 2025-04-23
2025-04-24 19:24:04 - MOEXBondHistoricalParser - INFO - Запрошен период с 2024-01-01 по 2025-04-23
2025-04-24 19:24:04 - MOEXBondHistoricalParser - INFO - Получение облигаций за период с 2024-01-01 по 2025-04-23
2025-04-24 19:24:04 - MOEXBondHistoricalParser - INFO - Обработка даты: 2024-01-01 (рабочий день)
2025-04-24 19:24:04 - MOEXBondHistoricalParser - INFO - Получение списка облигаций на 2024-01-01
2025-04-25 14:51:12 - MOEXBondHistoricalParser - INFO - MOEX Bond Parser initialized
2025-04-25 14:51:12 - MOEXBondHistoricalParser - INFO - Запуск массового парсинга данных с 2024-01-01 по 2025-04-24
2025-04-25 14:51:12 - MOEXBondHistoricalParser - INFO - Запрошен период с 2024-01-01 по 2025-04-24
2025-04-25 14:51:12 - MOEXBondHistoricalParser - INFO - Получение облигаций за период с 2024-01-01 по 2025-04-24
2025-04-25 14:51:12 - MOEXBondHistoricalParser - INFO - Обработка даты: 2024-01-01 (рабочий день)
2025-04-25 14:51:12 - MOEXBondHistoricalParser - INFO - Получение списка облигаций на 2024-01-01
2025-04-25 14:51:23 - MOEXBondHistoricalParser - INFO - Результаты парсинга облигаций на 2024-01-01:
2025-04-25 14:51:23 - MOEXBondHistoricalParser - INFO -   Группа 58: 0 облигаций
2025-04-25 14:51:23 - MOEXBondHistoricalParser - INFO -   Группа 193: 0 облигаций
2025-04-25 14:51:23 - MOEXBondHistoricalParser - INFO -   Группа 105: 0 облигаций
2025-04-25 14:51:23 - MOEXBondHistoricalParser - INFO -   Группа 77: 0 облигаций
2025-04-25 14:51:23 - MOEXBondHistoricalParser - INFO -   Группа 207: 0 облигаций
2025-04-25 14:51:23 - MOEXBondHistoricalParser - INFO -   Группа 167: 0 облигаций
2025-04-25 14:51:23 - MOEXBondHistoricalParser - INFO -   Группа 245: 0 облигаций
2025-04-25 14:51:23 - MOEXBondHistoricalParser - INFO -   Всего: 0 облигаций
2025-04-25 14:51:23 - MOEXBondHistoricalParser - WARNING - Нет облигаций для применения фильтров
2025-04-25 14:51:23 - MOEXBondHistoricalParser - INFO - Найдено 0 облигаций после фильтрации
2025-04-25 14:51:23 - MOEXBondHistoricalParser - WARNING - На 2024-01-01 облигаций не найдено, возможно праздник или выходной
2025-04-25 14:51:23 - MOEXBondHistoricalParser - INFO - Обработка даты: 2024-01-02 (рабочий день)
2025-04-25 14:51:23 - MOEXBondHistoricalParser - INFO - Получение списка облигаций на 2024-01-02
2025-04-25 14:51:34 - MOEXBondHistoricalParser - INFO - Результаты парсинга облигаций на 2024-01-02:
2025-04-25 14:51:34 - MOEXBondHistoricalParser - INFO -   Группа 58: 0 облигаций
2025-04-25 14:51:34 - MOEXBondHistoricalParser - INFO -   Группа 193: 0 облигаций
2025-04-25 14:51:34 - MOEXBondHistoricalParser - INFO -   Группа 105: 0 облигаций
2025-04-25 14:51:34 - MOEXBondHistoricalParser - INFO -   Группа 77: 0 облигаций
2025-04-25 14:51:34 - MOEXBondHistoricalParser - INFO -   Группа 207: 0 облигаций
2025-04-25 14:51:34 - MOEXBondHistoricalParser - INFO -   Группа 167: 0 облигаций
2025-04-25 14:51:34 - MOEXBondHistoricalParser - INFO -   Группа 245: 0 облигаций
2025-04-25 14:51:34 - MOEXBondHistoricalParser - INFO -   Всего: 0 облигаций
2025-04-25 14:51:34 - MOEXBondHistoricalParser - WARNING - Нет облигаций для применения фильтров
2025-04-25 14:51:34 - MOEXBondHistoricalParser - INFO - Найдено 0 облигаций после фильтрации
2025-04-25 14:51:34 - MOEXBondHistoricalParser - WARNING - На 2024-01-02 облигаций не найдено, возможно праздник или выходной
2025-04-25 14:51:34 - MOEXBondHistoricalParser - INFO - Обработка даты: 2024-01-03 (рабочий день)
2025-04-25 14:51:34 - MOEXBondHistoricalParser - INFO - Получение списка облигаций на 2024-01-03
2025-04-25 14:51:34 - MOEXBondHistoricalParser - INFO - Используем кэшированные данные для 2024-01-03
2025-04-25 14:51:34 - MOEXBondHistoricalParser - INFO - Сохранены все облигации (244) в /Users/aeshef/Documents/GitHub/kursach/kursach/data/processed_data/BONDS/moex/2024-01-03/all.csv
2025-04-25 14:51:34 - MOEXBondHistoricalParser - INFO - Отфильтровано по базовым параметрам: 54 облигаций
2025-04-25 14:51:34 - MOEXBondHistoricalParser - INFO - Сохранены отфильтрованные облигации (54) в /Users/aeshef/Documents/GitHub/kursach/kursach/data/processed_data/BONDS/moex/2024-01-03/yieldrange_0_100__pricerange_0_100__durationrange_0_7200__volthresh_2000__bondvolthresh_60000__known_coupons/filtered.csv
2025-04-25 14:51:34 - MOEXBondHistoricalParser - INFO - Найдено 54 облигаций после фильтрации
2025-04-25 14:51:34 - MOEXBondHistoricalParser - INFO - На 2024-01-03 найдено 54 облигаций
2025-04-25 14:51:34 - MOEXBondHistoricalParser - INFO - Обработка даты: 2024-01-04 (рабочий день)
2025-04-25 14:51:34 - MOEXBondHistoricalParser - INFO - Получение списка облигаций на 2024-01-04
2025-04-25 14:51:34 - MOEXBondHistoricalParser - INFO - Используем кэшированные данные для 2024-01-04
2025-04-25 14:51:34 - MOEXBondHistoricalParser - INFO - Сохранены все облигации (244) в /Users/aeshef/Documents/GitHub/kursach/kursach/data/processed_data/BONDS/moex/2024-01-04/all.csv
2025-04-25 14:51:34 - MOEXBondHistoricalParser - INFO - Отфильтровано по базовым параметрам: 44 облигаций
2025-04-25 14:51:34 - MOEXBondHistoricalParser - INFO - Сохранены отфильтрованные облигации (44) в /Users/aeshef/Documents/GitHub/kursach/kursach/data/processed_data/BONDS/moex/2024-01-04/yieldrange_0_100__pricerange_0_100__durationrange_0_7200__volthresh_2000__bondvolthresh_60000__known_coupons/filtered.csv
2025-04-25 14:51:34 - MOEXBondHistoricalParser - INFO - Найдено 44 облигаций после фильтрации
2025-04-25 14:51:34 - MOEXBondHistoricalParser - INFO - На 2024-01-04 найдено 44 облигаций
2025-04-25 14:51:34 - MOEXBondHistoricalParser - INFO - Обработка даты: 2024-01-05 (рабочий день)
2025-04-25 14:51:34 - MOEXBondHistoricalParser - INFO - Получение списка облигаций на 2024-01-05
2025-04-25 14:51:34 - MOEXBondHistoricalParser - INFO - Используем кэшированные данные для 2024-01-05
2025-04-25 14:51:34 - MOEXBondHistoricalParser - INFO - Сохранены все облигации (244) в /Users/aeshef/Documents/GitHub/kursach/kursach/data/processed_data/BONDS/moex/2024-01-05/all.csv
2025-04-25 14:51:34 - MOEXBondHistoricalParser - INFO - Отфильтровано по базовым параметрам: 43 облигаций
2025-04-25 14:51:34 - MOEXBondHistoricalParser - INFO - Сохранены отфильтрованные облигации (43) в /Users/aeshef/Documents/GitHub/kursach/kursach/data/processed_data/BONDS/moex/2024-01-05/yieldrange_0_100__pricerange_0_100__durationrange_0_7200__volthresh_2000__bondvolthresh_60000__known_coupons/filtered.csv
2025-04-25 14:51:34 - MOEXBondHistoricalParser - INFO - Найдено 43 облигаций после фильтрации
2025-04-25 14:51:34 - MOEXBondHistoricalParser - INFO - На 2024-01-05 найдено 43 облигаций
2025-04-25 14:51:34 - MOEXBondHistoricalParser - INFO - Обработка даты: 2024-01-06 (выходной)
2025-04-25 14:51:34 - MOEXBondHistoricalParser - INFO - Использованы данные последнего торгового дня (2024-01-05) для 2024-01-06
2025-04-25 14:51:34 - MOEXBondHistoricalParser - INFO - Скопированы данные из /Users/aeshef/Documents/GitHub/kursach/kursach/data/processed_data/BONDS/moex/2024-01-05/all.csv в /Users/aeshef/Documents/GitHub/kursach/kursach/data/processed_data/BONDS/moex/2024-01-06/all.csv
2025-04-25 14:51:34 - MOEXBondHistoricalParser - INFO - Обработка даты: 2024-01-07 (выходной)
2025-04-25 14:51:34 - MOEXBondHistoricalParser - INFO - Использованы данные последнего торгового дня (2024-01-05) для 2024-01-07
2025-04-25 14:51:34 - MOEXBondHistoricalParser - INFO - Скопированы данные из /Users/aeshef/Documents/GitHub/kursach/kursach/data/processed_data/BONDS/moex/2024-01-05/all.csv в /Users/aeshef/Documents/GitHub/kursach/kursach/data/processed_data/BONDS/moex/2024-01-07/all.csv
2025-04-25 14:51:34 - MOEXBondHistoricalParser - INFO - Обработка даты: 2024-01-08 (рабочий день)
2025-04-25 14:51:34 - MOEXBondHistoricalParser - INFO - Получение списка облигаций на 2024-01-08
2025-04-25 14:51:34 - MOEXBondHistoricalParser - INFO - Используем кэшированные данные для 2024-01-08
2025-04-25 14:51:34 - MOEXBondHistoricalParser - INFO - Сохранены все облигации (244) в /Users/aeshef/Documents/GitHub/kursach/kursach/data/processed_data/BONDS/moex/2024-01-08/all.csv
2025-04-25 14:51:34 - MOEXBondHistoricalParser - INFO - Отфильтровано по базовым параметрам: 46 облигаций
2025-04-25 14:51:34 - MOEXBondHistoricalParser - INFO - Сохранены отфильтрованные облигации (46) в /Users/aeshef/Documents/GitHub/kursach/kursach/data/processed_data/BONDS/moex/2024-01-08/yieldrange_0_100__pricerange_0_100__durationrange_0_7200__volthresh_2000__bondvolthresh_60000__known_coupons/filtered.csv
2025-04-25 14:51:34 - MOEXBondHistoricalParser - INFO - Найдено 46 облигаций после фильтрации
2025-04-25 14:51:34 - MOEXBondHistoricalParser - INFO - На 2024-01-08 найдено 46 облигаций
2025-04-25 14:51:34 - MOEXBondHistoricalParser - INFO - Обработка даты: 2024-01-09 (рабочий день)
2025-04-25 14:51:34 - MOEXBondHistoricalParser - INFO - Получение списка облигаций на 2024-01-09
2025-04-25 14:51:34 - MOEXBondHistoricalParser - INFO - Используем кэшированные данные для 2024-01-09
2025-04-25 14:51:34 - MOEXBondHistoricalParser - INFO - Сохранены все облигации (244) в /Users/aeshef/Documents/GitHub/kursach/kursach/data/processed_data/BONDS/moex/2024-01-09/all.csv
2025-04-25 14:51:34 - MOEXBondHistoricalParser - INFO - Отфильтровано по базовым параметрам: 51 облигаций
2025-04-25 14:51:34 - MOEXBondHistoricalParser - INFO - Сохранены отфильтрованные облигации (51) в /Users/aeshef/Documents/GitHub/kursach/kursach/data/processed_data/BONDS/moex/2024-01-09/yieldrange_0_100__pricerange_0_100__durationrange_0_7200__volthresh_2000__bondvolthresh_60000__known_coupons/filtered.csv
2025-04-25 14:51:34 - MOEXBondHistoricalParser - INFO - Найдено 51 облигаций после фильтрации
2025-04-25 14:51:34 - MOEXBondHistoricalParser - INFO - На 2024-01-09 найдено 51 облигаций
2025-04-25 14:51:34 - MOEXBondHistoricalParser - INFO - Обработка даты: 2024-01-10 (рабочий день)
2025-04-25 14:51:34 - MOEXBondHistoricalParser - INFO - Получение списка облигаций на 2024-01-10
2025-04-25 14:51:34 - MOEXBondHistoricalParser - INFO - Используем кэшированные данные для 2024-01-10
2025-04-25 14:51:34 - MOEXBondHistoricalParser - INFO - Сохранены все облигации (244) в /Users/aeshef/Documents/GitHub/kursach/kursach/data/processed_data/BONDS/moex/2024-01-10/all.csv
2025-04-25 14:51:34 - MOEXBondHistoricalParser - INFO - Отфильтровано по базовым параметрам: 56 облигаций
2025-04-25 14:51:34 - MOEXBondHistoricalParser - INFO - Сохранены отфильтрованные облигации (56) в /Users/aeshef/Documents/GitHub/kursach/kursach/data/processed_data/BONDS/moex/2024-01-10/yieldrange_0_100__pricerange_0_100__durationrange_0_7200__volthresh_2000__bondvolthresh_60000__known_coupons/filtered.csv
2025-04-25 14:51:34 - MOEXBondHistoricalParser - INFO - Найдено 56 облигаций после фильтрации
2025-04-25 14:51:34 - MOEXBondHistoricalParser - INFO - На 2024-01-10 найдено 56 облигаций
2025-04-25 14:51:34 - MOEXBondHistoricalParser - INFO - Обработка даты: 2024-01-11 (рабочий день)
2025-04-25 14:51:34 - MOEXBondHistoricalParser - INFO - Получение списка облигаций на 2024-01-11
2025-04-25 14:51:34 - MOEXBondHistoricalParser - INFO - Используем кэшированные данные для 2024-01-11
2025-04-25 14:51:34 - MOEXBondHistoricalParser - INFO - Сохранены все облигации (245) в /Users/aeshef/Documents/GitHub/kursach/kursach/data/processed_data/BONDS/moex/2024-01-11/all.csv
2025-04-25 14:51:34 - MOEXBondHistoricalParser - INFO - Отфильтровано по базовым параметрам: 53 облигаций
2025-04-25 14:51:34 - MOEXBondHistoricalParser - INFO - Сохранены отфильтрованные облигации (53) в /Users/aeshef/Documents/GitHub/kursach/kursach/data/processed_data/BONDS/moex/2024-01-11/yieldrange_0_100__pricerange_0_100__durationrange_0_7200__volthresh_2000__bondvolthresh_60000__known_coupons/filtered.csv
2025-04-25 14:51:34 - MOEXBondHistoricalParser - INFO - Найдено 53 облигаций после фильтрации
2025-04-25 14:51:34 - MOEXBondHistoricalParser - INFO - На 2024-01-11 найдено 53 облигаций
2025-04-25 14:51:34 - MOEXBondHistoricalParser - INFO - Обработка даты: 2024-01-12 (рабочий день)
2025-04-25 14:51:34 - MOEXBondHistoricalParser - INFO - Получение списка облигаций на 2024-01-12
2025-04-25 14:51:34 - MOEXBondHistoricalParser - INFO - Используем кэшированные данные для 2024-01-12
2025-04-25 14:51:34 - MOEXBondHistoricalParser - INFO - Сохранены все облигации (245) в /Users/aeshef/Documents/GitHub/kursach/kursach/data/processed_data/BONDS/moex/2024-01-12/all.csv
2025-04-25 14:51:34 - MOEXBondHistoricalParser - INFO - Отфильтровано по базовым параметрам: 51 облигаций
2025-04-25 14:51:34 - MOEXBondHistoricalParser - INFO - Сохранены отфильтрованные облигации (51) в /Users/aeshef/Documents/GitHub/kursach/kursach/data/processed_data/BONDS/moex/2024-01-12/yieldrange_0_100__pricerange_0_100__durationrange_0_7200__volthresh_2000__bondvolthresh_60000__known_coupons/filtered.csv
2025-04-25 14:51:34 - MOEXBondHistoricalParser - INFO - Найдено 51 облигаций после фильтрации
2025-04-25 14:51:34 - MOEXBondHistoricalParser - INFO - На 2024-01-12 найдено 51 облигаций
2025-04-25 14:51:34 - MOEXBondHistoricalParser - INFO - Обработка даты: 2024-01-13 (выходной)
2025-04-25 14:51:34 - MOEXBondHistoricalParser - INFO - Использованы данные последнего торгового дня (2024-01-12) для 2024-01-13
2025-04-25 14:51:34 - MOEXBondHistoricalParser - INFO - Скопированы данные из /Users/aeshef/Documents/GitHub/kursach/kursach/data/processed_data/BONDS/moex/2024-01-12/all.csv в /Users/aeshef/Documents/GitHub/kursach/kursach/data/processed_data/BONDS/moex/2024-01-13/all.csv
2025-04-25 14:51:34 - MOEXBondHistoricalParser - INFO - Обработка даты: 2024-01-14 (выходной)
2025-04-25 14:51:34 - MOEXBondHistoricalParser - INFO - Использованы данные последнего торгового дня (2024-01-12) для 2024-01-14
2025-04-25 14:51:34 - MOEXBondHistoricalParser - INFO - Скопированы данные из /Users/aeshef/Documents/GitHub/kursach/kursach/data/processed_data/BONDS/moex/2024-01-12/all.csv в /Users/aeshef/Documents/GitHub/kursach/kursach/data/processed_data/BONDS/moex/2024-01-14/all.csv
2025-04-25 14:51:34 - MOEXBondHistoricalParser - INFO - Обработка даты: 2024-01-15 (рабочий день)
2025-04-25 14:51:34 - MOEXBondHistoricalParser - INFO - Получение списка облигаций на 2024-01-15
2025-04-25 14:51:34 - MOEXBondHistoricalParser - INFO - Используем кэшированные данные для 2024-01-15
2025-04-25 14:51:34 - MOEXBondHistoricalParser - INFO - Сохранены все облигации (245) в /Users/aeshef/Documents/GitHub/kursach/kursach/data/processed_data/BONDS/moex/2024-01-15/all.csv
2025-04-25 14:51:34 - MOEXBondHistoricalParser - INFO - Отфильтровано по базовым параметрам: 55 облигаций
2025-04-25 14:51:34 - MOEXBondHistoricalParser - INFO - Сохранены отфильтрованные облигации (55) в /Users/aeshef/Documents/GitHub/kursach/kursach/data/processed_data/BONDS/moex/2024-01-15/yieldrange_0_100__pricerange_0_100__durationrange_0_7200__volthresh_2000__bondvolthresh_60000__known_coupons/filtered.csv
2025-04-25 14:51:34 - MOEXBondHistoricalParser - INFO - Найдено 55 облигаций после фильтрации
2025-04-25 14:51:34 - MOEXBondHistoricalParser - INFO - На 2024-01-15 найдено 55 облигаций
2025-04-25 14:51:34 - MOEXBondHistoricalParser - INFO - Обработка даты: 2024-01-16 (рабочий день)
2025-04-25 14:51:34 - MOEXBondHistoricalParser - INFO - Получение списка облигаций на 2024-01-16
2025-04-25 14:51:34 - MOEXBondHistoricalParser - INFO - Используем кэшированные данные для 2024-01-16
2025-04-25 14:51:34 - MOEXBondHistoricalParser - INFO - Сохранены все облигации (245) в /Users/aeshef/Documents/GitHub/kursach/kursach/data/processed_data/BONDS/moex/2024-01-16/all.csv
2025-04-25 14:51:34 - MOEXBondHistoricalParser - INFO - Отфильтровано по базовым параметрам: 58 облигаций
2025-04-25 14:51:34 - MOEXBondHistoricalParser - INFO - Сохранены отфильтрованные облигации (58) в /Users/aeshef/Documents/GitHub/kursach/kursach/data/processed_data/BONDS/moex/2024-01-16/yieldrange_0_100__pricerange_0_100__durationrange_0_7200__volthresh_2000__bondvolthresh_60000__known_coupons/filtered.csv
2025-04-25 14:51:34 - MOEXBondHistoricalParser - INFO - Найдено 58 облигаций после фильтрации
2025-04-25 14:51:34 - MOEXBondHistoricalParser - INFO - На 2024-01-16 найдено 58 облигаций
2025-04-25 14:51:34 - MOEXBondHistoricalParser - INFO - Обработка даты: 2024-01-17 (рабочий день)
2025-04-25 14:51:34 - MOEXBondHistoricalParser - INFO - Получение списка облигаций на 2024-01-17
2025-04-25 14:51:34 - MOEXBondHistoricalParser - INFO - Используем кэшированные данные для 2024-01-17
2025-04-25 14:51:34 - MOEXBondHistoricalParser - INFO - Сохранены все облигации (245) в /Users/aeshef/Documents/GitHub/kursach/kursach/data/processed_data/BONDS/moex/2024-01-17/all.csv
2025-04-25 14:51:34 - MOEXBondHistoricalParser - INFO - Отфильтровано по базовым параметрам: 53 облигаций
2025-04-25 14:51:34 - MOEXBondHistoricalParser - INFO - Сохранены отфильтрованные облигации (53) в /Users/aeshef/Documents/GitHub/kursach/kursach/data/processed_data/BONDS/moex/2024-01-17/yieldrange_0_100__pricerange_0_100__durationrange_0_7200__volthresh_2000__bondvolthresh_60000__known_coupons/filtered.csv
2025-04-25 14:51:34 - MOEXBondHistoricalParser - INFO - Найдено 53 облигаций после фильтрации
2025-04-25 14:51:34 - MOEXBondHistoricalParser - INFO - На 2024-01-17 найдено 53 облигаций
2025-04-25 14:51:34 - MOEXBondHistoricalParser - INFO - Обработка даты: 2024-01-18 (рабочий день)
2025-04-25 14:51:34 - MOEXBondHistoricalParser - INFO - Получение списка облигаций на 2024-01-18
2025-04-25 14:51:34 - MOEXBondHistoricalParser - INFO - Используем кэшированные данные для 2024-01-18
2025-04-25 14:51:34 - MOEXBondHistoricalParser - INFO - Сохранены все облигации (245) в /Users/aeshef/Documents/GitHub/kursach/kursach/data/processed_data/BONDS/moex/2024-01-18/all.csv
2025-04-25 14:51:34 - MOEXBondHistoricalParser - INFO - Отфильтровано по базовым параметрам: 53 облигаций
2025-04-25 14:51:34 - MOEXBondHistoricalParser - INFO - Сохранены отфильтрованные облигации (53) в /Users/aeshef/Documents/GitHub/kursach/kursach/data/processed_data/BONDS/moex/2024-01-18/yieldrange_0_100__pricerange_0_100__durationrange_0_7200__volthresh_2000__bondvolthresh_60000__known_coupons/filtered.csv
2025-04-25 14:51:34 - MOEXBondHistoricalParser - INFO - Найдено 53 облигаций после фильтрации
2025-04-25 14:51:34 - MOEXBondHistoricalParser - INFO - На 2024-01-18 найдено 53 облигаций
2025-04-25 14:51:34 - MOEXBondHistoricalParser - INFO - Обработка даты: 2024-01-19 (рабочий день)
2025-04-25 14:51:34 - MOEXBondHistoricalParser - INFO - Получение списка облигаций на 2024-01-19
2025-04-25 14:51:34 - MOEXBondHistoricalParser - INFO - Используем кэшированные данные для 2024-01-19
2025-04-25 14:51:34 - MOEXBondHistoricalParser - INFO - Сохранены все облигации (245) в /Users/aeshef/Documents/GitHub/kursach/kursach/data/processed_data/BONDS/moex/2024-01-19/all.csv
2025-04-25 14:51:34 - MOEXBondHistoricalParser - INFO - Отфильтровано по базовым параметрам: 55 облигаций
2025-04-25 14:51:34 - MOEXBondHistoricalParser - INFO - Сохранены отфильтрованные облигации (55) в /Users/aeshef/Documents/GitHub/kursach/kursach/data/processed_data/BONDS/moex/2024-01-19/yieldrange_0_100__pricerange_0_100__durationrange_0_7200__volthresh_2000__bondvolthresh_60000__known_coupons/filtered.csv
2025-04-25 14:51:34 - MOEXBondHistoricalParser - INFO - Найдено 55 облигаций после фильтрации
2025-04-25 14:51:34 - MOEXBondHistoricalParser - INFO - На 2024-01-19 найдено 55 облигаций
2025-04-25 14:51:34 - MOEXBondHistoricalParser - INFO - Обработка даты: 2024-01-20 (выходной)
2025-04-25 14:51:34 - MOEXBondHistoricalParser - INFO - Использованы данные последнего торгового дня (2024-01-19) для 2024-01-20
2025-04-25 14:51:34 - MOEXBondHistoricalParser - INFO - Скопированы данные из /Users/aeshef/Documents/GitHub/kursach/kursach/data/processed_data/BONDS/moex/2024-01-19/all.csv в /Users/aeshef/Documents/GitHub/kursach/kursach/data/processed_data/BONDS/moex/2024-01-20/all.csv
2025-04-25 14:51:34 - MOEXBondHistoricalParser - INFO - Обработка даты: 2024-01-21 (выходной)
2025-04-25 14:51:34 - MOEXBondHistoricalParser - INFO - Использованы данные последнего торгового дня (2024-01-19) для 2024-01-21
2025-04-25 14:51:34 - MOEXBondHistoricalParser - INFO - Скопированы данные из /Users/aeshef/Documents/GitHub/kursach/kursach/data/processed_data/BONDS/moex/2024-01-19/all.csv в /Users/aeshef/Documents/GitHub/kursach/kursach/data/processed_data/BONDS/moex/2024-01-21/all.csv
2025-04-25 14:51:34 - MOEXBondHistoricalParser - INFO - Обработка даты: 2024-01-22 (рабочий день)
2025-04-25 14:51:34 - MOEXBondHistoricalParser - INFO - Получение списка облигаций на 2024-01-22
2025-04-25 14:51:34 - MOEXBondHistoricalParser - INFO - Используем кэшированные данные для 2024-01-22
2025-04-25 14:51:34 - MOEXBondHistoricalParser - INFO - Сохранены все облигации (245) в /Users/aeshef/Documents/GitHub/kursach/kursach/data/processed_data/BONDS/moex/2024-01-22/all.csv
2025-04-25 14:51:34 - MOEXBondHistoricalParser - INFO - Отфильтровано по базовым параметрам: 55 облигаций
2025-04-25 14:51:34 - MOEXBondHistoricalParser - INFO - Сохранены отфильтрованные облигации (55) в /Users/aeshef/Documents/GitHub/kursach/kursach/data/processed_data/BONDS/moex/2024-01-22/yieldrange_0_100__pricerange_0_100__durationrange_0_7200__volthresh_2000__bondvolthresh_60000__known_coupons/filtered.csv
2025-04-25 14:51:34 - MOEXBondHistoricalParser - INFO - Найдено 55 облигаций после фильтрации
2025-04-25 14:51:34 - MOEXBondHistoricalParser - INFO - На 2024-01-22 найдено 55 облигаций
2025-04-25 14:51:34 - MOEXBondHistoricalParser - INFO - Обработка даты: 2024-01-23 (рабочий день)
2025-04-25 14:51:34 - MOEXBondHistoricalParser - INFO - Получение списка облигаций на 2024-01-23
2025-04-25 14:51:34 - MOEXBondHistoricalParser - INFO - Используем кэшированные данные для 2024-01-23
2025-04-25 14:51:34 - MOEXBondHistoricalParser - INFO - Сохранены все облигации (245) в /Users/aeshef/Documents/GitHub/kursach/kursach/data/processed_data/BONDS/moex/2024-01-23/all.csv
2025-04-25 14:51:34 - MOEXBondHistoricalParser - INFO - Отфильтровано по базовым параметрам: 57 облигаций
2025-04-25 14:51:34 - MOEXBondHistoricalParser - INFO - Сохранены отфильтрованные облигации (57) в /Users/aeshef/Documents/GitHub/kursach/kursach/data/processed_data/BONDS/moex/2024-01-23/yieldrange_0_100__pricerange_0_100__durationrange_0_7200__volthresh_2000__bondvolthresh_60000__known_coupons/filtered.csv
2025-04-25 14:51:34 - MOEXBondHistoricalParser - INFO - Найдено 57 облигаций после фильтрации
2025-04-25 14:51:34 - MOEXBondHistoricalParser - INFO - На 2024-01-23 найдено 57 облигаций
2025-04-25 14:51:34 - MOEXBondHistoricalParser - INFO - Обработка даты: 2024-01-24 (рабочий день)
2025-04-25 14:51:34 - MOEXBondHistoricalParser - INFO - Получение списка облигаций на 2024-01-24
2025-04-25 14:51:34 - MOEXBondHistoricalParser - INFO - Используем кэшированные данные для 2024-01-24
2025-04-25 14:51:34 - MOEXBondHistoricalParser - INFO - Сохранены все облигации (245) в /Users/aeshef/Documents/GitHub/kursach/kursach/data/processed_data/BONDS/moex/2024-01-24/all.csv
2025-04-25 14:51:34 - MOEXBondHistoricalParser - INFO - Отфильтровано по базовым параметрам: 58 облигаций
2025-04-25 14:51:34 - MOEXBondHistoricalParser - INFO - Сохранены отфильтрованные облигации (58) в /Users/aeshef/Documents/GitHub/kursach/kursach/data/processed_data/BONDS/moex/2024-01-24/yieldrange_0_100__pricerange_0_100__durationrange_0_7200__volthresh_2000__bondvolthresh_60000__known_coupons/filtered.csv
2025-04-25 14:51:34 - MOEXBondHistoricalParser - INFO - Найдено 58 облигаций после фильтрации
2025-04-25 14:51:34 - MOEXBondHistoricalParser - INFO - На 2024-01-24 найдено 58 облигаций
2025-04-25 14:51:34 - MOEXBondHistoricalParser - INFO - Обработка даты: 2024-01-25 (рабочий день)
2025-04-25 14:51:34 - MOEXBondHistoricalParser - INFO - Получение списка облигаций на 2024-01-25
2025-04-25 14:51:34 - MOEXBondHistoricalParser - INFO - Используем кэшированные данные для 2024-01-25
2025-04-25 14:51:34 - MOEXBondHistoricalParser - INFO - Сохранены все облигации (245) в /Users/aeshef/Documents/GitHub/kursach/kursach/data/processed_data/BONDS/moex/2024-01-25/all.csv
2025-04-25 14:51:34 - MOEXBondHistoricalParser - INFO - Отфильтровано по базовым параметрам: 56 облигаций
2025-04-25 14:51:34 - MOEXBondHistoricalParser - INFO - Сохранены отфильтрованные облигации (56) в /Users/aeshef/Documents/GitHub/kursach/kursach/data/processed_data/BONDS/moex/2024-01-25/yieldrange_0_100__pricerange_0_100__durationrange_0_7200__volthresh_2000__bondvolthresh_60000__known_coupons/filtered.csv
2025-04-25 14:51:34 - MOEXBondHistoricalParser - INFO - Найдено 56 облигаций после фильтрации
2025-04-25 14:51:34 - MOEXBondHistoricalParser - INFO - На 2024-01-25 найдено 56 облигаций
2025-04-25 14:51:34 - MOEXBondHistoricalParser - INFO - Обработка даты: 2024-01-26 (рабочий день)
2025-04-25 14:51:34 - MOEXBondHistoricalParser - INFO - Получение списка облигаций на 2024-01-26
2025-04-25 14:51:34 - MOEXBondHistoricalParser - INFO - Используем кэшированные данные для 2024-01-26
2025-04-25 14:51:34 - MOEXBondHistoricalParser - INFO - Сохранены все облигации (245) в /Users/aeshef/Documents/GitHub/kursach/kursach/data/processed_data/BONDS/moex/2024-01-26/all.csv
2025-04-25 14:51:34 - MOEXBondHistoricalParser - INFO - Отфильтровано по базовым параметрам: 55 облигаций
2025-04-25 14:51:34 - MOEXBondHistoricalParser - INFO - Сохранены отфильтрованные облигации (55) в /Users/aeshef/Documents/GitHub/kursach/kursach/data/processed_data/BONDS/moex/2024-01-26/yieldrange_0_100__pricerange_0_100__durationrange_0_7200__volthresh_2000__bondvolthresh_60000__known_coupons/filtered.csv
2025-04-25 14:51:34 - MOEXBondHistoricalParser - INFO - Найдено 55 облигаций после фильтрации
2025-04-25 14:51:34 - MOEXBondHistoricalParser - INFO - На 2024-01-26 найдено 55 облигаций
2025-04-25 14:51:34 - MOEXBondHistoricalParser - INFO - Обработка даты: 2024-01-27 (выходной)
2025-04-25 14:51:34 - MOEXBondHistoricalParser - INFO - Использованы данные последнего торгового дня (2024-01-26) для 2024-01-27
2025-04-25 14:51:34 - MOEXBondHistoricalParser - INFO - Скопированы данные из /Users/aeshef/Documents/GitHub/kursach/kursach/data/processed_data/BONDS/moex/2024-01-26/all.csv в /Users/aeshef/Documents/GitHub/kursach/kursach/data/processed_data/BONDS/moex/2024-01-27/all.csv
2025-04-25 14:51:34 - MOEXBondHistoricalParser - INFO - Обработка даты: 2024-01-28 (выходной)
2025-04-25 14:51:34 - MOEXBondHistoricalParser - INFO - Использованы данные последнего торгового дня (2024-01-26) для 2024-01-28
2025-04-25 14:51:34 - MOEXBondHistoricalParser - INFO - Скопированы данные из /Users/aeshef/Documents/GitHub/kursach/kursach/data/processed_data/BONDS/moex/2024-01-26/all.csv в /Users/aeshef/Documents/GitHub/kursach/kursach/data/processed_data/BONDS/moex/2024-01-28/all.csv
2025-04-25 14:51:34 - MOEXBondHistoricalParser - INFO - Обработка даты: 2024-01-29 (рабочий день)
2025-04-25 14:51:34 - MOEXBondHistoricalParser - INFO - Получение списка облигаций на 2024-01-29
2025-04-25 14:51:34 - MOEXBondHistoricalParser - INFO - Используем кэшированные данные для 2024-01-29
2025-04-25 14:51:34 - MOEXBondHistoricalParser - INFO - Сохранены все облигации (245) в /Users/aeshef/Documents/GitHub/kursach/kursach/data/processed_data/BONDS/moex/2024-01-29/all.csv
2025-04-25 14:51:34 - MOEXBondHistoricalParser - INFO - Отфильтровано по базовым параметрам: 53 облигаций
2025-04-25 14:51:34 - MOEXBondHistoricalParser - INFO - Сохранены отфильтрованные облигации (53) в /Users/aeshef/Documents/GitHub/kursach/kursach/data/processed_data/BONDS/moex/2024-01-29/yieldrange_0_100__pricerange_0_100__durationrange_0_7200__volthresh_2000__bondvolthresh_60000__known_coupons/filtered.csv
2025-04-25 14:51:34 - MOEXBondHistoricalParser - INFO - Найдено 53 облигаций после фильтрации
2025-04-25 14:51:34 - MOEXBondHistoricalParser - INFO - На 2024-01-29 найдено 53 облигаций
2025-04-25 14:51:34 - MOEXBondHistoricalParser - INFO - Обработка даты: 2024-01-30 (рабочий день)
2025-04-25 14:51:34 - MOEXBondHistoricalParser - INFO - Получение списка облигаций на 2024-01-30
2025-04-25 14:51:34 - MOEXBondHistoricalParser - INFO - Используем кэшированные данные для 2024-01-30
2025-04-25 14:51:34 - MOEXBondHistoricalParser - INFO - Сохранены все облигации (245) в /Users/aeshef/Documents/GitHub/kursach/kursach/data/processed_data/BONDS/moex/2024-01-30/all.csv
2025-04-25 14:51:34 - MOEXBondHistoricalParser - INFO - Отфильтровано по базовым параметрам: 58 облигаций
2025-04-25 14:51:34 - MOEXBondHistoricalParser - INFO - Сохранены отфильтрованные облигации (58) в /Users/aeshef/Documents/GitHub/kursach/kursach/data/processed_data/BONDS/moex/2024-01-30/yieldrange_0_100__pricerange_0_100__durationrange_0_7200__volthresh_2000__bondvolthresh_60000__known_coupons/filtered.csv
2025-04-25 14:51:34 - MOEXBondHistoricalParser - INFO - Найдено 58 облигаций после фильтрации
2025-04-25 14:51:34 - MOEXBondHistoricalParser - INFO - На 2024-01-30 найдено 58 облигаций
2025-04-25 14:51:34 - MOEXBondHistoricalParser - INFO - Обработка даты: 2024-01-31 (рабочий день)
2025-04-25 14:51:34 - MOEXBondHistoricalParser - INFO - Получение списка облигаций на 2024-01-31
2025-04-25 14:51:34 - MOEXBondHistoricalParser - INFO - Используем кэшированные данные для 2024-01-31
2025-04-25 14:51:34 - MOEXBondHistoricalParser - INFO - Сохранены все облигации (245) в /Users/aeshef/Documents/GitHub/kursach/kursach/data/processed_data/BONDS/moex/2024-01-31/all.csv
2025-04-25 14:51:34 - MOEXBondHistoricalParser - INFO - Отфильтровано по базовым параметрам: 59 облигаций
2025-04-25 14:51:34 - MOEXBondHistoricalParser - INFO - Сохранены отфильтрованные облигации (59) в /Users/aeshef/Documents/GitHub/kursach/kursach/data/processed_data/BONDS/moex/2024-01-31/yieldrange_0_100__pricerange_0_100__durationrange_0_7200__volthresh_2000__bondvolthresh_60000__known_coupons/filtered.csv
2025-04-25 14:51:34 - MOEXBondHistoricalParser - INFO - Найдено 59 облигаций после фильтрации
2025-04-25 14:51:34 - MOEXBondHistoricalParser - INFO - На 2024-01-31 найдено 59 облигаций
2025-04-25 14:51:34 - MOEXBondHistoricalParser - INFO - Обработка даты: 2024-02-01 (рабочий день)
2025-04-25 14:51:34 - MOEXBondHistoricalParser - INFO - Получение списка облигаций на 2024-02-01
2025-04-25 14:51:34 - MOEXBondHistoricalParser - INFO - Используем кэшированные данные для 2024-02-01
2025-04-25 14:51:34 - MOEXBondHistoricalParser - INFO - Сохранены все облигации (245) в /Users/aeshef/Documents/GitHub/kursach/kursach/data/processed_data/BONDS/moex/2024-02-01/all.csv
2025-04-25 14:51:34 - MOEXBondHistoricalParser - INFO - Отфильтровано по базовым параметрам: 59 облигаций
2025-04-25 14:51:34 - MOEXBondHistoricalParser - INFO - Сохранены отфильтрованные облигации (59) в /Users/aeshef/Documents/GitHub/kursach/kursach/data/processed_data/BONDS/moex/2024-02-01/yieldrange_0_100__pricerange_0_100__durationrange_0_7200__volthresh_2000__bondvolthresh_60000__known_coupons/filtered.csv
2025-04-25 14:51:34 - MOEXBondHistoricalParser - INFO - Найдено 59 облигаций после фильтрации
2025-04-25 14:51:34 - MOEXBondHistoricalParser - INFO - На 2024-02-01 найдено 59 облигаций
2025-04-25 14:51:35 - MOEXBondHistoricalParser - INFO - Обработка даты: 2024-02-02 (рабочий день)
2025-04-25 14:51:35 - MOEXBondHistoricalParser - INFO - Получение списка облигаций на 2024-02-02
2025-04-25 14:51:35 - MOEXBondHistoricalParser - INFO - Используем кэшированные данные для 2024-02-02
2025-04-25 14:51:35 - MOEXBondHistoricalParser - INFO - Сохранены все облигации (245) в /Users/aeshef/Documents/GitHub/kursach/kursach/data/processed_data/BONDS/moex/2024-02-02/all.csv
2025-04-25 14:51:35 - MOEXBondHistoricalParser - INFO - Отфильтровано по базовым параметрам: 52 облигаций
2025-04-25 14:51:35 - MOEXBondHistoricalParser - INFO - Сохранены отфильтрованные облигации (52) в /Users/aeshef/Documents/GitHub/kursach/kursach/data/processed_data/BONDS/moex/2024-02-02/yieldrange_0_100__pricerange_0_100__durationrange_0_7200__volthresh_2000__bondvolthresh_60000__known_coupons/filtered.csv
2025-04-25 14:51:35 - MOEXBondHistoricalParser - INFO - Найдено 52 облигаций после фильтрации
2025-04-25 14:51:35 - MOEXBondHistoricalParser - INFO - На 2024-02-02 найдено 52 облигаций
2025-04-25 14:51:35 - MOEXBondHistoricalParser - INFO - Обработка даты: 2024-02-03 (выходной)
2025-04-25 14:51:35 - MOEXBondHistoricalParser - INFO - Использованы данные последнего торгового дня (2024-02-02) для 2024-02-03
2025-04-25 14:51:35 - MOEXBondHistoricalParser - INFO - Скопированы данные из /Users/aeshef/Documents/GitHub/kursach/kursach/data/processed_data/BONDS/moex/2024-02-02/all.csv в /Users/aeshef/Documents/GitHub/kursach/kursach/data/processed_data/BONDS/moex/2024-02-03/all.csv
2025-04-25 14:51:35 - MOEXBondHistoricalParser - INFO - Обработка даты: 2024-02-04 (выходной)
2025-04-25 14:51:35 - MOEXBondHistoricalParser - INFO - Использованы данные последнего торгового дня (2024-02-02) для 2024-02-04
2025-04-25 14:51:35 - MOEXBondHistoricalParser - INFO - Скопированы данные из /Users/aeshef/Documents/GitHub/kursach/kursach/data/processed_data/BONDS/moex/2024-02-02/all.csv в /Users/aeshef/Documents/GitHub/kursach/kursach/data/processed_data/BONDS/moex/2024-02-04/all.csv
2025-04-25 14:51:35 - MOEXBondHistoricalParser - INFO - Обработка даты: 2024-02-05 (рабочий день)
2025-04-25 14:51:35 - MOEXBondHistoricalParser - INFO - Получение списка облигаций на 2024-02-05
2025-04-25 14:51:35 - MOEXBondHistoricalParser - INFO - Используем кэшированные данные для 2024-02-05
2025-04-25 14:51:35 - MOEXBondHistoricalParser - INFO - Сохранены все облигации (245) в /Users/aeshef/Documents/GitHub/kursach/kursach/data/processed_data/BONDS/moex/2024-02-05/all.csv
2025-04-25 14:51:35 - MOEXBondHistoricalParser - INFO - Отфильтровано по базовым параметрам: 56 облигаций
2025-04-25 14:51:35 - MOEXBondHistoricalParser - INFO - Сохранены отфильтрованные облигации (56) в /Users/aeshef/Documents/GitHub/kursach/kursach/data/processed_data/BONDS/moex/2024-02-05/yieldrange_0_100__pricerange_0_100__durationrange_0_7200__volthresh_2000__bondvolthresh_60000__known_coupons/filtered.csv
2025-04-25 14:51:35 - MOEXBondHistoricalParser - INFO - Найдено 56 облигаций после фильтрации
2025-04-25 14:51:35 - MOEXBondHistoricalParser - INFO - На 2024-02-05 найдено 56 облигаций
2025-04-25 14:51:35 - MOEXBondHistoricalParser - INFO - Обработка даты: 2024-02-06 (рабочий день)
2025-04-25 14:51:35 - MOEXBondHistoricalParser - INFO - Получение списка облигаций на 2024-02-06
2025-04-25 14:51:35 - MOEXBondHistoricalParser - INFO - Используем кэшированные данные для 2024-02-06
2025-04-25 14:51:35 - MOEXBondHistoricalParser - INFO - Сохранены все облигации (245) в /Users/aeshef/Documents/GitHub/kursach/kursach/data/processed_data/BONDS/moex/2024-02-06/all.csv
2025-04-25 14:51:35 - MOEXBondHistoricalParser - INFO - Отфильтровано по базовым параметрам: 52 облигаций
2025-04-25 14:51:35 - MOEXBondHistoricalParser - INFO - Сохранены отфильтрованные облигации (52) в /Users/aeshef/Documents/GitHub/kursach/kursach/data/processed_data/BONDS/moex/2024-02-06/yieldrange_0_100__pricerange_0_100__durationrange_0_7200__volthresh_2000__bondvolthresh_60000__known_coupons/filtered.csv
2025-04-25 14:51:35 - MOEXBondHistoricalParser - INFO - Найдено 52 облигаций после фильтрации
2025-04-25 14:51:35 - MOEXBondHistoricalParser - INFO - На 2024-02-06 найдено 52 облигаций
2025-04-25 14:51:35 - MOEXBondHistoricalParser - INFO - Обработка даты: 2024-02-07 (рабочий день)
2025-04-25 14:51:35 - MOEXBondHistoricalParser - INFO - Получение списка облигаций на 2024-02-07
2025-04-25 14:51:35 - MOEXBondHistoricalParser - INFO - Используем кэшированные данные для 2024-02-07
2025-04-25 14:51:35 - MOEXBondHistoricalParser - INFO - Сохранены все облигации (246) в /Users/aeshef/Documents/GitHub/kursach/kursach/data/processed_data/BONDS/moex/2024-02-07/all.csv
2025-04-25 14:51:35 - MOEXBondHistoricalParser - INFO - Отфильтровано по базовым параметрам: 53 облигаций
2025-04-25 14:51:35 - MOEXBondHistoricalParser - INFO - Сохранены отфильтрованные облигации (53) в /Users/aeshef/Documents/GitHub/kursach/kursach/data/processed_data/BONDS/moex/2024-02-07/yieldrange_0_100__pricerange_0_100__durationrange_0_7200__volthresh_2000__bondvolthresh_60000__known_coupons/filtered.csv
2025-04-25 14:51:35 - MOEXBondHistoricalParser - INFO - Найдено 53 облигаций после фильтрации
2025-04-25 14:51:35 - MOEXBondHistoricalParser - INFO - На 2024-02-07 найдено 53 облигаций
2025-04-25 14:51:35 - MOEXBondHistoricalParser - INFO - Обработка даты: 2024-02-08 (рабочий день)
2025-04-25 14:51:35 - MOEXBondHistoricalParser - INFO - Получение списка облигаций на 2024-02-08
2025-04-25 14:51:35 - MOEXBondHistoricalParser - INFO - Используем кэшированные данные для 2024-02-08
2025-04-25 14:51:35 - MOEXBondHistoricalParser - INFO - Сохранены все облигации (246) в /Users/aeshef/Documents/GitHub/kursach/kursach/data/processed_data/BONDS/moex/2024-02-08/all.csv
2025-04-25 14:51:35 - MOEXBondHistoricalParser - INFO - Отфильтровано по базовым параметрам: 59 облигаций
2025-04-25 14:51:35 - MOEXBondHistoricalParser - INFO - Сохранены отфильтрованные облигации (59) в /Users/aeshef/Documents/GitHub/kursach/kursach/data/processed_data/BONDS/moex/2024-02-08/yieldrange_0_100__pricerange_0_100__durationrange_0_7200__volthresh_2000__bondvolthresh_60000__known_coupons/filtered.csv
2025-04-25 14:51:35 - MOEXBondHistoricalParser - INFO - Найдено 59 облигаций после фильтрации
2025-04-25 14:51:35 - MOEXBondHistoricalParser - INFO - На 2024-02-08 найдено 59 облигаций
2025-04-25 14:51:35 - MOEXBondHistoricalParser - INFO - Обработка даты: 2024-02-09 (рабочий день)
2025-04-25 14:51:35 - MOEXBondHistoricalParser - INFO - Получение списка облигаций на 2024-02-09
2025-04-25 14:51:35 - MOEXBondHistoricalParser - INFO - Используем кэшированные данные для 2024-02-09
2025-04-25 14:51:35 - MOEXBondHistoricalParser - INFO - Сохранены все облигации (246) в /Users/aeshef/Documents/GitHub/kursach/kursach/data/processed_data/BONDS/moex/2024-02-09/all.csv
2025-04-25 14:51:35 - MOEXBondHistoricalParser - INFO - Отфильтровано по базовым параметрам: 54 облигаций
2025-04-25 14:51:35 - MOEXBondHistoricalParser - INFO - Сохранены отфильтрованные облигации (54) в /Users/aeshef/Documents/GitHub/kursach/kursach/data/processed_data/BONDS/moex/2024-02-09/yieldrange_0_100__pricerange_0_100__durationrange_0_7200__volthresh_2000__bondvolthresh_60000__known_coupons/filtered.csv
2025-04-25 14:51:35 - MOEXBondHistoricalParser - INFO - Найдено 54 облигаций после фильтрации
2025-04-25 14:51:35 - MOEXBondHistoricalParser - INFO - На 2024-02-09 найдено 54 облигаций
2025-04-25 14:51:35 - MOEXBondHistoricalParser - INFO - Обработка даты: 2024-02-10 (выходной)
2025-04-25 14:51:35 - MOEXBondHistoricalParser - INFO - Использованы данные последнего торгового дня (2024-02-09) для 2024-02-10
2025-04-25 14:51:35 - MOEXBondHistoricalParser - INFO - Скопированы данные из /Users/aeshef/Documents/GitHub/kursach/kursach/data/processed_data/BONDS/moex/2024-02-09/all.csv в /Users/aeshef/Documents/GitHub/kursach/kursach/data/processed_data/BONDS/moex/2024-02-10/all.csv
2025-04-25 14:51:35 - MOEXBondHistoricalParser - INFO - Обработка даты: 2024-02-11 (выходной)
2025-04-25 14:51:35 - MOEXBondHistoricalParser - INFO - Использованы данные последнего торгового дня (2024-02-09) для 2024-02-11
2025-04-25 14:51:35 - MOEXBondHistoricalParser - INFO - Скопированы данные из /Users/aeshef/Documents/GitHub/kursach/kursach/data/processed_data/BONDS/moex/2024-02-09/all.csv в /Users/aeshef/Documents/GitHub/kursach/kursach/data/processed_data/BONDS/moex/2024-02-11/all.csv
2025-04-25 14:51:35 - MOEXBondHistoricalParser - INFO - Обработка даты: 2024-02-12 (рабочий день)
2025-04-25 14:51:35 - MOEXBondHistoricalParser - INFO - Получение списка облигаций на 2024-02-12
2025-04-25 14:51:35 - MOEXBondHistoricalParser - INFO - Используем кэшированные данные для 2024-02-12
2025-04-25 14:51:35 - MOEXBondHistoricalParser - INFO - Сохранены все облигации (246) в /Users/aeshef/Documents/GitHub/kursach/kursach/data/processed_data/BONDS/moex/2024-02-12/all.csv
2025-04-25 14:51:35 - MOEXBondHistoricalParser - INFO - Отфильтровано по базовым параметрам: 55 облигаций
2025-04-25 14:51:35 - MOEXBondHistoricalParser - INFO - Сохранены отфильтрованные облигации (55) в /Users/aeshef/Documents/GitHub/kursach/kursach/data/processed_data/BONDS/moex/2024-02-12/yieldrange_0_100__pricerange_0_100__durationrange_0_7200__volthresh_2000__bondvolthresh_60000__known_coupons/filtered.csv
2025-04-25 14:51:35 - MOEXBondHistoricalParser - INFO - Найдено 55 облигаций после фильтрации
2025-04-25 14:51:35 - MOEXBondHistoricalParser - INFO - На 2024-02-12 найдено 55 облигаций
2025-04-25 14:51:35 - MOEXBondHistoricalParser - INFO - Обработка даты: 2024-02-13 (рабочий день)
2025-04-25 14:51:35 - MOEXBondHistoricalParser - INFO - Получение списка облигаций на 2024-02-13
2025-04-25 14:51:35 - MOEXBondHistoricalParser - INFO - Используем кэшированные данные для 2024-02-13
2025-04-25 14:51:35 - MOEXBondHistoricalParser - INFO - Сохранены все облигации (246) в /Users/aeshef/Documents/GitHub/kursach/kursach/data/processed_data/BONDS/moex/2024-02-13/all.csv
2025-04-25 14:51:35 - MOEXBondHistoricalParser - INFO - Отфильтровано по базовым параметрам: 52 облигаций
2025-04-25 14:51:35 - MOEXBondHistoricalParser - INFO - Сохранены отфильтрованные облигации (52) в /Users/aeshef/Documents/GitHub/kursach/kursach/data/processed_data/BONDS/moex/2024-02-13/yieldrange_0_100__pricerange_0_100__durationrange_0_7200__volthresh_2000__bondvolthresh_60000__known_coupons/filtered.csv
2025-04-25 14:51:35 - MOEXBondHistoricalParser - INFO - Найдено 52 облигаций после фильтрации
2025-04-25 14:51:35 - MOEXBondHistoricalParser - INFO - На 2024-02-13 найдено 52 облигаций
2025-04-25 14:51:35 - MOEXBondHistoricalParser - INFO - Обработка даты: 2024-02-14 (рабочий день)
2025-04-25 14:51:35 - MOEXBondHistoricalParser - INFO - Получение списка облигаций на 2024-02-14
2025-04-25 14:51:35 - MOEXBondHistoricalParser - INFO - Используем кэшированные данные для 2024-02-14
2025-04-25 14:51:35 - MOEXBondHistoricalParser - INFO - Сохранены все облигации (246) в /Users/aeshef/Documents/GitHub/kursach/kursach/data/processed_data/BONDS/moex/2024-02-14/all.csv
2025-04-25 14:51:35 - MOEXBondHistoricalParser - INFO - Отфильтровано по базовым параметрам: 53 облигаций
2025-04-25 14:51:35 - MOEXBondHistoricalParser - INFO - Сохранены отфильтрованные облигации (53) в /Users/aeshef/Documents/GitHub/kursach/kursach/data/processed_data/BONDS/moex/2024-02-14/yieldrange_0_100__pricerange_0_100__durationrange_0_7200__volthresh_2000__bondvolthresh_60000__known_coupons/filtered.csv
2025-04-25 14:51:35 - MOEXBondHistoricalParser - INFO - Найдено 53 облигаций после фильтрации
2025-04-25 14:51:35 - MOEXBondHistoricalParser - INFO - На 2024-02-14 найдено 53 облигаций
2025-04-25 14:51:35 - MOEXBondHistoricalParser - INFO - Обработка даты: 2024-02-15 (рабочий день)
2025-04-25 14:51:35 - MOEXBondHistoricalParser - INFO - Получение списка облигаций на 2024-02-15
2025-04-25 14:51:35 - MOEXBondHistoricalParser - INFO - Используем кэшированные данные для 2024-02-15
2025-04-25 14:51:35 - MOEXBondHistoricalParser - INFO - Сохранены все облигации (246) в /Users/aeshef/Documents/GitHub/kursach/kursach/data/processed_data/BONDS/moex/2024-02-15/all.csv
2025-04-25 14:51:35 - MOEXBondHistoricalParser - INFO - Отфильтровано по базовым параметрам: 59 облигаций
2025-04-25 14:51:35 - MOEXBondHistoricalParser - INFO - Сохранены отфильтрованные облигации (59) в /Users/aeshef/Documents/GitHub/kursach/kursach/data/processed_data/BONDS/moex/2024-02-15/yieldrange_0_100__pricerange_0_100__durationrange_0_7200__volthresh_2000__bondvolthresh_60000__known_coupons/filtered.csv
2025-04-25 14:51:35 - MOEXBondHistoricalParser - INFO - Найдено 59 облигаций после фильтрации
2025-04-25 14:51:35 - MOEXBondHistoricalParser - INFO - На 2024-02-15 найдено 59 облигаций
2025-04-25 14:51:35 - MOEXBondHistoricalParser - INFO - Обработка даты: 2024-02-16 (рабочий день)
2025-04-25 14:51:35 - MOEXBondHistoricalParser - INFO - Получение списка облигаций на 2024-02-16
2025-04-25 14:51:35 - MOEXBondHistoricalParser - INFO - Используем кэшированные данные для 2024-02-16
2025-04-25 14:51:35 - MOEXBondHistoricalParser - INFO - Сохранены все облигации (246) в /Users/aeshef/Documents/GitHub/kursach/kursach/data/processed_data/BONDS/moex/2024-02-16/all.csv
2025-04-25 14:51:35 - MOEXBondHistoricalParser - INFO - Отфильтровано по базовым параметрам: 59 облигаций
2025-04-25 14:51:35 - MOEXBondHistoricalParser - INFO - Сохранены отфильтрованные облигации (59) в /Users/aeshef/Documents/GitHub/kursach/kursach/data/processed_data/BONDS/moex/2024-02-16/yieldrange_0_100__pricerange_0_100__durationrange_0_7200__volthresh_2000__bondvolthresh_60000__known_coupons/filtered.csv
2025-04-25 14:51:35 - MOEXBondHistoricalParser - INFO - Найдено 59 облигаций после фильтрации
2025-04-25 14:51:35 - MOEXBondHistoricalParser - INFO - На 2024-02-16 найдено 59 облигаций
2025-04-25 14:51:35 - MOEXBondHistoricalParser - INFO - Обработка даты: 2024-02-17 (выходной)
2025-04-25 14:51:35 - MOEXBondHistoricalParser - INFO - Использованы данные последнего торгового дня (2024-02-16) для 2024-02-17
2025-04-25 14:51:35 - MOEXBondHistoricalParser - INFO - Скопированы данные из /Users/aeshef/Documents/GitHub/kursach/kursach/data/processed_data/BONDS/moex/2024-02-16/all.csv в /Users/aeshef/Documents/GitHub/kursach/kursach/data/processed_data/BONDS/moex/2024-02-17/all.csv
2025-04-25 14:51:35 - MOEXBondHistoricalParser - INFO - Обработка даты: 2024-02-18 (выходной)
2025-04-25 14:51:35 - MOEXBondHistoricalParser - INFO - Использованы данные последнего торгового дня (2024-02-16) для 2024-02-18
2025-04-25 14:51:35 - MOEXBondHistoricalParser - INFO - Скопированы данные из /Users/aeshef/Documents/GitHub/kursach/kursach/data/processed_data/BONDS/moex/2024-02-16/all.csv в /Users/aeshef/Documents/GitHub/kursach/kursach/data/processed_data/BONDS/moex/2024-02-18/all.csv
2025-04-25 14:51:35 - MOEXBondHistoricalParser - INFO - Обработка даты: 2024-02-19 (рабочий день)
2025-04-25 14:51:35 - MOEXBondHistoricalParser - INFO - Получение списка облигаций на 2024-02-19
2025-04-25 14:51:35 - MOEXBondHistoricalParser - INFO - Используем кэшированные данные для 2024-02-19
2025-04-25 14:51:35 - MOEXBondHistoricalParser - INFO - Сохранены все облигации (246) в /Users/aeshef/Documents/GitHub/kursach/kursach/data/processed_data/BONDS/moex/2024-02-19/all.csv
2025-04-25 14:51:35 - MOEXBondHistoricalParser - INFO - Отфильтровано по базовым параметрам: 59 облигаций
2025-04-25 14:51:35 - MOEXBondHistoricalParser - INFO - Сохранены отфильтрованные облигации (59) в /Users/aeshef/Documents/GitHub/kursach/kursach/data/processed_data/BONDS/moex/2024-02-19/yieldrange_0_100__pricerange_0_100__durationrange_0_7200__volthresh_2000__bondvolthresh_60000__known_coupons/filtered.csv
2025-04-25 14:51:35 - MOEXBondHistoricalParser - INFO - Найдено 59 облигаций после фильтрации
2025-04-25 14:51:35 - MOEXBondHistoricalParser - INFO - На 2024-02-19 найдено 59 облигаций
2025-04-25 14:51:35 - MOEXBondHistoricalParser - INFO - Обработка даты: 2024-02-20 (рабочий день)
2025-04-25 14:51:35 - MOEXBondHistoricalParser - INFO - Получение списка облигаций на 2024-02-20
2025-04-25 14:51:35 - MOEXBondHistoricalParser - INFO - Используем кэшированные данные для 2024-02-20
2025-04-25 14:51:35 - MOEXBondHistoricalParser - INFO - Сохранены все облигации (246) в /Users/aeshef/Documents/GitHub/kursach/kursach/data/processed_data/BONDS/moex/2024-02-20/all.csv
2025-04-25 14:51:35 - MOEXBondHistoricalParser - INFO - Отфильтровано по базовым параметрам: 54 облигаций
2025-04-25 14:51:35 - MOEXBondHistoricalParser - INFO - Сохранены отфильтрованные облигации (54) в /Users/aeshef/Documents/GitHub/kursach/kursach/data/processed_data/BONDS/moex/2024-02-20/yieldrange_0_100__pricerange_0_100__durationrange_0_7200__volthresh_2000__bondvolthresh_60000__known_coupons/filtered.csv
2025-04-25 14:51:35 - MOEXBondHistoricalParser - INFO - Найдено 54 облигаций после фильтрации
2025-04-25 14:51:35 - MOEXBondHistoricalParser - INFO - На 2024-02-20 найдено 54 облигаций
2025-04-25 14:51:35 - MOEXBondHistoricalParser - INFO - Обработка даты: 2024-02-21 (рабочий день)
2025-04-25 14:51:35 - MOEXBondHistoricalParser - INFO - Получение списка облигаций на 2024-02-21
2025-04-25 14:51:35 - MOEXBondHistoricalParser - INFO - Используем кэшированные данные для 2024-02-21
2025-04-25 14:51:35 - MOEXBondHistoricalParser - INFO - Сохранены все облигации (245) в /Users/aeshef/Documents/GitHub/kursach/kursach/data/processed_data/BONDS/moex/2024-02-21/all.csv
2025-04-25 14:51:35 - MOEXBondHistoricalParser - INFO - Отфильтровано по базовым параметрам: 57 облигаций
2025-04-25 14:51:35 - MOEXBondHistoricalParser - INFO - Сохранены отфильтрованные облигации (57) в /Users/aeshef/Documents/GitHub/kursach/kursach/data/processed_data/BONDS/moex/2024-02-21/yieldrange_0_100__pricerange_0_100__durationrange_0_7200__volthresh_2000__bondvolthresh_60000__known_coupons/filtered.csv
2025-04-25 14:51:35 - MOEXBondHistoricalParser - INFO - Найдено 57 облигаций после фильтрации
2025-04-25 14:51:35 - MOEXBondHistoricalParser - INFO - На 2024-02-21 найдено 57 облигаций
2025-04-25 14:51:35 - MOEXBondHistoricalParser - INFO - Обработка даты: 2024-02-22 (рабочий день)
2025-04-25 14:51:35 - MOEXBondHistoricalParser - INFO - Получение списка облигаций на 2024-02-22
2025-04-25 14:51:35 - MOEXBondHistoricalParser - INFO - Используем кэшированные данные для 2024-02-22
2025-04-25 14:51:35 - MOEXBondHistoricalParser - INFO - Сохранены все облигации (246) в /Users/aeshef/Documents/GitHub/kursach/kursach/data/processed_data/BONDS/moex/2024-02-22/all.csv
2025-04-25 14:51:35 - MOEXBondHistoricalParser - INFO - Отфильтровано по базовым параметрам: 64 облигаций
2025-04-25 14:51:35 - MOEXBondHistoricalParser - INFO - Сохранены отфильтрованные облигации (64) в /Users/aeshef/Documents/GitHub/kursach/kursach/data/processed_data/BONDS/moex/2024-02-22/yieldrange_0_100__pricerange_0_100__durationrange_0_7200__volthresh_2000__bondvolthresh_60000__known_coupons/filtered.csv
2025-04-25 14:51:35 - MOEXBondHistoricalParser - INFO - Найдено 64 облигаций после фильтрации
2025-04-25 14:51:35 - MOEXBondHistoricalParser - INFO - На 2024-02-22 найдено 64 облигаций
2025-04-25 14:51:35 - MOEXBondHistoricalParser - INFO - Обработка даты: 2024-02-23 (рабочий день)
2025-04-25 14:51:35 - MOEXBondHistoricalParser - INFO - Получение списка облигаций на 2024-02-23
2025-04-25 14:52:31 - MOEXBondHistoricalParser - INFO - Поиск оптимального порога непрерывности для периода с 2024-01-01 по 2025-04-22
2025-04-25 14:52:31 - MOEXBondHistoricalParser - INFO - Анализ непрерывности данных по облигациям с 2024-01-01 по 2025-04-22
2025-04-25 14:52:31 - MOEXBondHistoricalParser - INFO - Найдено 342 рабочих дней в указанном периоде
2025-04-25 14:52:31 - MOEXBondHistoricalParser - INFO - Найдено 37 дней с доступными данными
2025-04-25 14:52:32 - MOEXBondHistoricalParser - INFO - Всего уникальных облигаций: 258
2025-04-25 14:52:32 - MOEXBondHistoricalParser - INFO - Облигаций с непрерывными данными: 231 (89.53%)
2025-04-25 14:52:32 - MOEXBondHistoricalParser - INFO - Результаты анализа сохранены в /Users/aeshef/Documents/GitHub/kursach/kursach/data/processed_data/BONDS/moex/continuity_analysis_20240101_20250422
2025-04-25 14:52:32 - MOEXBondHistoricalParser - INFO - При пороге 99%: доступно 231 облигаций
2025-04-25 14:52:32 - MOEXBondHistoricalParser - INFO - Найден оптимальный порог: 99%
2025-04-25 14:52:32 - MOEXBondHistoricalParser - INFO - Генерация датасета с порогом непрерывности 99% за период с 2024-01-01 по 2025-04-22
2025-04-25 14:52:32 - MOEXBondHistoricalParser - INFO - Анализ непрерывности данных по облигациям с 2024-01-01 по 2025-04-22
2025-04-25 14:52:32 - MOEXBondHistoricalParser - INFO - Найдено 342 рабочих дней в указанном периоде
2025-04-25 14:52:32 - MOEXBondHistoricalParser - INFO - Найдено 37 дней с доступными данными
2025-04-25 14:52:32 - MOEXBondHistoricalParser - INFO - Всего уникальных облигаций: 258
2025-04-25 14:52:32 - MOEXBondHistoricalParser - INFO - Облигаций с непрерывными данными: 231 (89.53%)
2025-04-25 14:52:32 - MOEXBondHistoricalParser - INFO - Найдено 231 облигаций с порогом непрерывности не менее 99%
2025-04-25 14:52:32 - MOEXBondHistoricalParser - INFO - Датасет с порогом непрерывности 99% создан и сохранен в /Users/aeshef/Documents/GitHub/kursach/kursach/data/processed_data/BONDS/moex/threshold_dataset_20240101_20250422_99
2025-04-25 14:52:32 - MOEXBondHistoricalParser - INFO - Всего дат: 37, облигаций: 231
2025-04-25 16:59:19 - MOEXBondHistoricalParser - INFO - MOEX Bond Parser initialized
2025-04-25 16:59:19 - MOEXBondHistoricalParser - INFO - Запуск массового парсинга данных с 2024-01-01 по 2025-04-24
2025-04-25 16:59:19 - MOEXBondHistoricalParser - INFO - Запрошен период с 2024-01-01 по 2025-04-24
2025-04-25 16:59:19 - MOEXBondHistoricalParser - INFO - Получение облигаций за период с 2024-01-01 по 2025-04-24
2025-04-25 16:59:19 - MOEXBondHistoricalParser - INFO - Обработка даты: 2024-01-01 (рабочий день)
2025-04-25 16:59:19 - MOEXBondHistoricalParser - INFO - Получение списка облигаций на 2024-01-01
2025-04-25 17:32:11 - MOEXBondHistoricalParser - INFO - MOEX Bond Parser initialized
2025-04-25 17:32:11 - MOEXBondHistoricalParser - INFO - Запуск массового парсинга данных с 2024-01-01 по 2025-04-24
2025-04-25 17:32:11 - MOEXBondHistoricalParser - INFO - Запрошен период с 2024-01-01 по 2025-04-24
2025-04-25 17:32:11 - MOEXBondHistoricalParser - INFO - Получение облигаций за период с 2024-01-01 по 2025-04-24
2025-04-25 17:32:11 - MOEXBondHistoricalParser - INFO - Обработка даты: 2024-01-01 (рабочий день)
2025-04-25 17:32:11 - MOEXBondHistoricalParser - INFO - Получение списка облигаций на 2024-01-01
2025-04-25 17:33:13 - MOEXBondHistoricalParser - INFO - MOEX Bond Parser initialized
2025-04-25 17:33:13 - MOEXBondHistoricalParser - INFO - Запуск массового парсинга данных с 2024-01-01 по 2025-04-24
2025-04-25 17:33:13 - MOEXBondHistoricalParser - INFO - Запрошен период с 2024-01-01 по 2025-04-24
2025-04-25 17:33:13 - MOEXBondHistoricalParser - INFO - Получение облигаций за период с 2024-01-01 по 2025-04-24
2025-04-25 17:33:13 - MOEXBondHistoricalParser - INFO - Обработка даты: 2024-01-01 (рабочий день)
2025-04-25 17:33:13 - MOEXBondHistoricalParser - INFO - Получение списка облигаций на 2024-01-01
2025-04-25 17:34:58 - MOEXBondHistoricalParser - INFO - MOEX Bond Parser initialized
2025-04-25 17:34:58 - MOEXBondHistoricalParser - INFO - Запуск массового парсинга данных с 2024-01-01 по 2025-04-24
2025-04-25 17:34:58 - MOEXBondHistoricalParser - INFO - Запрошен период с 2024-01-01 по 2025-04-24
2025-04-25 17:34:58 - MOEXBondHistoricalParser - INFO - Получение облигаций за период с 2024-01-01 по 2025-04-24
2025-04-25 17:34:58 - MOEXBondHistoricalParser - INFO - Обработка даты: 2024-01-01 (рабочий день)
2025-04-25 17:34:58 - MOEXBondHistoricalParser - INFO - Получение списка облигаций на 2024-01-01
2025-04-25 17:35:15 - MOEXBondHistoricalParser - INFO - MOEX Bond Parser initialized
2025-04-25 17:35:15 - MOEXBondHistoricalParser - INFO - Запуск массового парсинга данных с 2024-01-01 по 2025-04-24
2025-04-25 17:35:15 - MOEXBondHistoricalParser - INFO - Запрошен период с 2024-01-01 по 2025-04-24
2025-04-25 17:35:15 - MOEXBondHistoricalParser - INFO - Получение облигаций за период с 2024-01-01 по 2025-04-24
2025-04-25 17:35:15 - MOEXBondHistoricalParser - INFO - Обработка даты: 2024-01-01 (рабочий день)
2025-04-25 17:35:15 - MOEXBondHistoricalParser - INFO - Получение списка облигаций на 2024-01-01
2025-04-25 17:38:34 - MOEXBondHistoricalParser - INFO - MOEX Bond Parser initialized
2025-04-25 17:38:34 - MOEXBondHistoricalParser - INFO - Запуск массового парсинга данных с 2024-01-01 по 2025-04-24
2025-04-25 17:38:34 - MOEXBondHistoricalParser - INFO - Запрошен период с 2024-01-01 по 2025-04-24
2025-04-25 17:38:34 - MOEXBondHistoricalParser - INFO - Получение облигаций за период с 2024-01-01 по 2025-04-24
2025-04-25 17:38:34 - MOEXBondHistoricalParser - INFO - Обработка даты: 2024-01-01 (рабочий день)
2025-04-25 17:38:34 - MOEXBondHistoricalParser - INFO - Получение списка облигаций на 2024-01-01
2025-04-25 17:38:44 - MOEXBondHistoricalParser - INFO - Поиск оптимального порога непрерывности для периода с 2024-01-01 по 2025-04-22
2025-04-25 17:38:44 - MOEXBondHistoricalParser - INFO - Анализ непрерывности данных по облигациям с 2024-01-01 по 2025-04-22
2025-04-25 17:38:44 - MOEXBondHistoricalParser - INFO - Найдено 342 рабочих дней в указанном периоде
2025-04-25 17:38:44 - MOEXBondHistoricalParser - INFO - Найдено 340 дней с доступными данными
2025-04-25 17:38:44 - MOEXBondHistoricalParser - INFO - Всего уникальных облигаций: 355
2025-04-25 17:38:44 - MOEXBondHistoricalParser - INFO - Облигаций с непрерывными данными: 0 (0.00%)
2025-04-25 17:38:44 - MOEXBondHistoricalParser - INFO - Результаты анализа сохранены в /Users/aeshef/Documents/GitHub/kursach/data/processed_data/BONDS/moex/continuity_analysis_20240101_20250422
2025-04-25 17:38:44 - MOEXBondHistoricalParser - INFO - При пороге 99%: доступно 49 облигаций
2025-04-25 17:38:44 - MOEXBondHistoricalParser - INFO - Найден оптимальный порог: 99%
2025-04-25 17:38:44 - MOEXBondHistoricalParser - INFO - Генерация датасета с порогом непрерывности 99% за период с 2024-01-01 по 2025-04-22
2025-04-25 17:38:44 - MOEXBondHistoricalParser - INFO - Анализ непрерывности данных по облигациям с 2024-01-01 по 2025-04-22
2025-04-25 17:38:44 - MOEXBondHistoricalParser - INFO - Найдено 342 рабочих дней в указанном периоде
2025-04-25 17:38:44 - MOEXBondHistoricalParser - INFO - Найдено 340 дней с доступными данными
2025-04-25 17:38:44 - MOEXBondHistoricalParser - INFO - Всего уникальных облигаций: 355
2025-04-25 17:38:44 - MOEXBondHistoricalParser - INFO - Облигаций с непрерывными данными: 0 (0.00%)
2025-04-25 17:38:44 - MOEXBondHistoricalParser - INFO - Найдено 49 облигаций с порогом непрерывности не менее 99%
2025-04-25 17:38:45 - MOEXBondHistoricalParser - INFO - Датасет с порогом непрерывности 99% создан и сохранен в /Users/aeshef/Documents/GitHub/kursach/data/processed_data/BONDS/moex/threshold_dataset_20240101_20250422_99
2025-04-25 17:38:45 - MOEXBondHistoricalParser - INFO - Всего дат: 340, облигаций: 49
