2025-04-24 17:46:19,553 - portfolio_optimizer - INFO - Запуск пайплайна оптимизации портфеля
2025-04-24 17:46:19,553 - portfolio_optimizer - INFO - Загрузка данных из /Users/aeshef/Documents/GitHub/kursach/data/signals.csv
2025-04-24 17:46:19,710 - portfolio_optimizer - INFO - Загружено 7471 строк данных
2025-04-24 17:46:19,710 - portfolio_optimizer - INFO - Подготовка данных доходностей для оптимизации
2025-04-24 17:46:19,714 - portfolio_optimizer - INFO - Отфильтровано 7030 строк по shortlist и сигналам
2025-04-24 17:46:19,731 - portfolio_optimizer - INFO - Рассчитаны доходности для 16 тикеров
2025-04-24 17:46:19,731 - portfolio_optimizer - INFO - Запуск оптимизации портфеля для 16 активов
2025-04-24 17:46:19,763 - portfolio_optimizer - INFO - Оптимизация успешно завершена
2025-04-24 17:46:19,764 - portfolio_optimizer - INFO - Расчет итогового портфеля с долей безрисковых активов 30.0%
2025-04-24 17:46:19,764 - portfolio_optimizer - INFO - Ожидаемая доходность портфеля: 3.10%, волатильность: 14.42%, Шарп: -0.30
2025-04-24 17:46:19,765 - portfolio_optimizer - INFO - Создание визуализации портфеля
2025-04-24 17:46:19,805 - portfolio_optimizer - INFO - График весов сохранен в /Users/aeshef/Documents/GitHub/kursach/data/improved_pipeline/honest_backtest/train_portfolio/portfolio/portfolio_weights_pie.png
2025-04-24 17:46:19,806 - portfolio_optimizer - INFO - Результаты сохранены в /Users/aeshef/Documents/GitHub/kursach/data/improved_pipeline/honest_backtest/train_portfolio/portfolio
2025-04-24 17:46:49,492 - portfolio_optimizer - INFO - Запуск пайплайна оптимизации портфеля
2025-04-24 17:46:49,492 - portfolio_optimizer - INFO - Загрузка данных из /Users/aeshef/Documents/GitHub/kursach/data/signals.csv
2025-04-24 17:46:49,652 - portfolio_optimizer - INFO - Загружено 7471 строк данных
2025-04-24 17:46:49,652 - portfolio_optimizer - INFO - Подготовка данных доходностей для оптимизации с учетом шортов
2025-04-24 17:46:49,687 - portfolio_optimizer - INFO - Рассчитаны доходности для 32 тикеров (с учетом long/short)
2025-04-24 17:46:49,688 - portfolio_optimizer - INFO - Запуск оптимизации портфеля для 32 активов (с учетом long/short)
2025-04-24 17:46:49,703 - portfolio_optimizer - WARNING - Оптимизация не сошлась: Inequality constraints incompatible
2025-04-24 17:46:49,703 - portfolio_optimizer - INFO - Расчет итогового портфеля с долей безрисковых активов 30.0%
2025-04-24 17:46:49,704 - portfolio_optimizer - INFO - Ожидаемая доходность портфеля: -6.98%, волатильность: nan%, Шарп: 0.00
2025-04-24 17:46:49,705 - portfolio_optimizer - INFO - Создание визуализации портфеля
2025-04-24 17:46:49,784 - portfolio_optimizer - INFO - График весов сохранен в /Users/aeshef/Documents/GitHub/kursach/data/improved_pipeline/short_selling/portfolio/portfolio/portfolio_weights_pie.png
2025-04-24 17:46:49,785 - portfolio_optimizer - INFO - Результаты сохранены в /Users/aeshef/Documents/GitHub/kursach/data/improved_pipeline/short_selling/portfolio/portfolio
2025-04-24 18:02:01,210 - portfolio_optimizer - INFO - Запуск пайплайна оптимизации портфеля
2025-04-24 18:02:01,211 - portfolio_optimizer - INFO - Загрузка данных из /Users/aeshef/Documents/GitHub/kursach/data/signals.csv
2025-04-24 18:02:01,365 - portfolio_optimizer - INFO - Загружено 7471 строк данных
2025-04-24 18:02:01,365 - portfolio_optimizer - INFO - Подготовка данных доходностей для оптимизации
2025-04-24 18:02:01,369 - portfolio_optimizer - INFO - Отфильтровано 7030 строк по shortlist и сигналам
2025-04-24 18:02:01,386 - portfolio_optimizer - INFO - Рассчитаны доходности для 16 тикеров
2025-04-24 18:02:01,387 - portfolio_optimizer - INFO - Запуск оптимизации портфеля для 16 активов
2025-04-24 18:02:01,419 - portfolio_optimizer - INFO - Оптимизация успешно завершена
2025-04-24 18:02:01,419 - portfolio_optimizer - INFO - Расчет итогового портфеля с долей безрисковых активов 30.0%
2025-04-24 18:02:01,420 - portfolio_optimizer - INFO - Ожидаемая доходность портфеля: 3.10%, волатильность: 14.42%, Шарп: -0.30
2025-04-24 18:02:01,421 - portfolio_optimizer - INFO - Создание визуализации портфеля
2025-04-24 18:02:01,457 - portfolio_optimizer - INFO - График весов сохранен в /Users/aeshef/Documents/GitHub/kursach/data/improved_pipeline/honest_backtest/train_portfolio/portfolio/portfolio_weights_pie.png
2025-04-24 18:02:01,458 - portfolio_optimizer - INFO - Результаты сохранены в /Users/aeshef/Documents/GitHub/kursach/data/improved_pipeline/honest_backtest/train_portfolio/portfolio
2025-04-24 18:02:31,065 - portfolio_optimizer - INFO - Запуск пайплайна оптимизации портфеля
2025-04-24 18:02:31,066 - portfolio_optimizer - INFO - Загрузка данных из /Users/aeshef/Documents/GitHub/kursach/data/signals.csv
2025-04-24 18:02:31,224 - portfolio_optimizer - INFO - Загружено 7471 строк данных
2025-04-24 18:02:31,224 - portfolio_optimizer - INFO - Подготовка данных доходностей для оптимизации с учетом шортов
2025-04-24 18:02:31,236 - portfolio_optimizer - INFO - Рассчитаны доходности для 0 тикеров (с учетом long/short)
2025-04-24 18:02:31,236 - portfolio_optimizer - ERROR - Не удалось рассчитать доходности
2025-04-24 18:05:11,766 - portfolio_optimizer - INFO - Запуск пайплайна оптимизации портфеля
2025-04-24 18:05:11,766 - portfolio_optimizer - INFO - Загрузка данных из /Users/aeshef/Documents/GitHub/kursach/data/signals.csv
2025-04-24 18:05:11,926 - portfolio_optimizer - INFO - Загружено 7471 строк данных
2025-04-24 18:05:11,926 - portfolio_optimizer - INFO - Подготовка данных доходностей для оптимизации
2025-04-24 18:05:11,930 - portfolio_optimizer - INFO - Отфильтровано 7030 строк по shortlist и сигналам
2025-04-24 18:05:11,947 - portfolio_optimizer - INFO - Рассчитаны доходности для 16 тикеров
2025-04-24 18:05:11,948 - portfolio_optimizer - INFO - Запуск оптимизации портфеля для 16 активов
2025-04-24 18:05:11,979 - portfolio_optimizer - INFO - Оптимизация успешно завершена
2025-04-24 18:05:11,980 - portfolio_optimizer - INFO - Расчет итогового портфеля с долей безрисковых активов 30.0%
2025-04-24 18:05:11,981 - portfolio_optimizer - INFO - Ожидаемая доходность портфеля: 3.10%, волатильность: 14.42%, Шарп: -0.30
2025-04-24 18:05:11,981 - portfolio_optimizer - INFO - Создание визуализации портфеля
2025-04-24 18:05:12,019 - portfolio_optimizer - INFO - График весов сохранен в /Users/aeshef/Documents/GitHub/kursach/data/improved_pipeline/honest_backtest/train_portfolio/portfolio/portfolio_weights_pie.png
2025-04-24 18:05:12,020 - portfolio_optimizer - INFO - Результаты сохранены в /Users/aeshef/Documents/GitHub/kursach/data/improved_pipeline/honest_backtest/train_portfolio/portfolio
2025-04-24 18:05:41,598 - portfolio_optimizer - INFO - Запуск пайплайна оптимизации портфеля
2025-04-24 18:05:41,598 - portfolio_optimizer - INFO - Загрузка данных из /Users/aeshef/Documents/GitHub/kursach/data/signals.csv
2025-04-24 18:05:41,794 - portfolio_optimizer - INFO - Загружено 7471 строк данных
2025-04-24 18:05:41,795 - portfolio_optimizer - INFO - Подготовка данных доходностей для оптимизации с учетом шортов
2025-04-24 18:05:41,834 - portfolio_optimizer - INFO - Рассчитаны доходности для 0 тикеров (с учетом long/short)
2025-04-24 18:05:41,835 - portfolio_optimizer - ERROR - Не удалось рассчитать доходности
2025-04-24 18:11:36,484 - portfolio_optimizer - INFO - Запуск пайплайна оптимизации портфеля
2025-04-24 18:11:36,484 - portfolio_optimizer - INFO - Загрузка данных из /Users/aeshef/Documents/GitHub/kursach/data/signals.csv
2025-04-24 18:11:36,638 - portfolio_optimizer - INFO - Загружено 7471 строк данных
2025-04-24 18:11:36,639 - portfolio_optimizer - INFO - Подготовка данных доходностей для оптимизации
2025-04-24 18:11:36,643 - portfolio_optimizer - INFO - Отфильтровано 7030 строк по shortlist и сигналам
2025-04-24 18:11:36,660 - portfolio_optimizer - INFO - Рассчитаны доходности для 16 тикеров
2025-04-24 18:11:36,661 - portfolio_optimizer - INFO - Запуск оптимизации портфеля для 16 активов
2025-04-24 18:11:36,695 - portfolio_optimizer - INFO - Оптимизация успешно завершена
2025-04-24 18:11:36,695 - portfolio_optimizer - INFO - Расчет итогового портфеля с долей безрисковых активов 30.0%
2025-04-24 18:11:36,696 - portfolio_optimizer - INFO - Ожидаемая доходность портфеля: 3.10%, волатильность: 14.42%, Шарп: -0.30
2025-04-24 18:11:36,697 - portfolio_optimizer - INFO - Создание визуализации портфеля
2025-04-24 18:11:36,733 - portfolio_optimizer - INFO - График весов сохранен в /Users/aeshef/Documents/GitHub/kursach/data/improved_pipeline/honest_backtest/train_portfolio/portfolio/portfolio_weights_pie.png
2025-04-24 18:11:36,734 - portfolio_optimizer - INFO - Результаты сохранены в /Users/aeshef/Documents/GitHub/kursach/data/improved_pipeline/honest_backtest/train_portfolio/portfolio
2025-04-24 18:12:05,855 - portfolio_optimizer - INFO - Запуск пайплайна оптимизации портфеля
2025-04-24 18:12:05,855 - portfolio_optimizer - INFO - Загрузка данных из /Users/aeshef/Documents/GitHub/kursach/data/signals.csv
2025-04-24 18:12:06,058 - portfolio_optimizer - INFO - Загружено 7471 строк данных
2025-04-24 18:12:06,058 - portfolio_optimizer - INFO - Подготовка данных доходностей для оптимизации с учетом шортов
2025-04-24 18:12:06,099 - portfolio_optimizer - INFO - Тикер AFKS пропущен: нет преобладающего сигнала
2025-04-24 18:12:06,100 - portfolio_optimizer - INFO - Тикер ALRS пропущен: нет преобладающего сигнала
2025-04-24 18:12:06,101 - portfolio_optimizer - INFO - Тикер GAZP пропущен: нет преобладающего сигнала
2025-04-24 18:12:06,102 - portfolio_optimizer - INFO - Тикер GMKN пропущен: нет преобладающего сигнала
2025-04-24 18:12:06,103 - portfolio_optimizer - INFO - Тикер LKOH пропущен: нет преобладающего сигнала
2025-04-24 18:12:06,104 - portfolio_optimizer - INFO - Тикер MAGN пропущен: нет преобладающего сигнала
2025-04-24 18:12:06,104 - portfolio_optimizer - INFO - Тикер MTSS пропущен: нет преобладающего сигнала
2025-04-24 18:12:06,105 - portfolio_optimizer - INFO - Тикер MVID пропущен: нет преобладающего сигнала
2025-04-24 18:12:06,106 - portfolio_optimizer - INFO - Тикер NVTK пропущен: нет преобладающего сигнала
2025-04-24 18:12:06,107 - portfolio_optimizer - INFO - Тикер PHOR пропущен: нет преобладающего сигнала
2025-04-24 18:12:06,108 - portfolio_optimizer - INFO - Тикер ROSN пропущен: нет преобладающего сигнала
2025-04-24 18:12:06,109 - portfolio_optimizer - INFO - Тикер RUAL пропущен: нет преобладающего сигнала
2025-04-24 18:12:06,109 - portfolio_optimizer - INFO - Тикер SBER пропущен: нет преобладающего сигнала
2025-04-24 18:12:06,110 - portfolio_optimizer - INFO - Тикер SIBN пропущен: нет преобладающего сигнала
2025-04-24 18:12:06,111 - portfolio_optimizer - INFO - Тикер SNGS пропущен: нет преобладающего сигнала
2025-04-24 18:12:06,112 - portfolio_optimizer - INFO - Тикер TATN пропущен: нет преобладающего сигнала
2025-04-24 18:12:06,113 - portfolio_optimizer - WARNING - Нет подходящих тикеров для создания портфеля
2025-04-24 18:12:06,113 - portfolio_optimizer - ERROR - Не удалось рассчитать доходности
2025-04-24 18:27:07,317 - portfolio_optimizer - INFO - Запуск пайплайна оптимизации портфеля
2025-04-24 18:27:07,317 - portfolio_optimizer - INFO - Загрузка данных из /Users/aeshef/Documents/GitHub/kursach/data/signals.csv
2025-04-24 18:27:07,473 - portfolio_optimizer - INFO - Загружено 7471 строк данных
2025-04-24 18:27:07,474 - portfolio_optimizer - INFO - Подготовка данных доходностей для оптимизации
2025-04-24 18:27:07,478 - portfolio_optimizer - INFO - Отфильтровано 7030 строк по shortlist и сигналам
2025-04-24 18:27:07,494 - portfolio_optimizer - INFO - Рассчитаны доходности для 16 тикеров
2025-04-24 18:27:07,495 - portfolio_optimizer - INFO - Запуск оптимизации портфеля для 16 активов
2025-04-24 18:27:07,527 - portfolio_optimizer - INFO - Оптимизация успешно завершена
2025-04-24 18:27:07,527 - portfolio_optimizer - INFO - Расчет итогового портфеля с долей безрисковых активов 30.0%
2025-04-24 18:27:07,528 - portfolio_optimizer - INFO - Ожидаемая доходность портфеля: 3.10%, волатильность: 14.42%, Шарп: -0.30
2025-04-24 18:27:07,529 - portfolio_optimizer - INFO - Создание визуализации портфеля
2025-04-24 18:27:07,565 - portfolio_optimizer - INFO - График весов сохранен в /Users/aeshef/Documents/GitHub/kursach/data/improved_pipeline/honest_backtest/train_portfolio/portfolio/portfolio_weights_pie.png
2025-04-24 18:27:07,566 - portfolio_optimizer - INFO - Результаты сохранены в /Users/aeshef/Documents/GitHub/kursach/data/improved_pipeline/honest_backtest/train_portfolio/portfolio
2025-04-24 18:27:38,698 - portfolio_optimizer - INFO - Запуск пайплайна оптимизации портфеля
2025-04-24 18:27:38,699 - portfolio_optimizer - INFO - Загрузка данных из /Users/aeshef/Documents/GitHub/kursach/data/improved_pipeline/short_selling/signals_modified.csv
2025-04-24 18:27:38,850 - portfolio_optimizer - INFO - Загружено 7471 строк данных
2025-04-24 18:27:38,850 - portfolio_optimizer - INFO - Подготовка данных доходностей для оптимизации с учетом шортов
2025-04-24 18:27:38,862 - portfolio_optimizer - INFO - Тикер AFKS использован как LONG позиция (100.0% сигналов)
2025-04-24 18:27:38,863 - portfolio_optimizer - INFO - Тикер ALRS использован как LONG позиция (100.0% сигналов)
2025-04-24 18:27:38,864 - portfolio_optimizer - INFO - Тикер GAZP использован как LONG позиция (100.0% сигналов)
2025-04-24 18:27:38,865 - portfolio_optimizer - INFO - Тикер GMKN использован как LONG позиция (100.0% сигналов)
2025-04-24 18:27:38,866 - portfolio_optimizer - INFO - Тикер LKOH использован как LONG позиция (100.0% сигналов)
2025-04-24 18:27:38,867 - portfolio_optimizer - INFO - Тикер MAGN использован как LONG позиция (100.0% сигналов)
2025-04-24 18:27:38,868 - portfolio_optimizer - INFO - Тикер MTSS использован как LONG позиция (100.0% сигналов)
2025-04-24 18:27:38,869 - portfolio_optimizer - INFO - Тикер MVID использован как LONG позиция (100.0% сигналов)
2025-04-24 18:27:38,870 - portfolio_optimizer - INFO - Тикер NVTK использован как SHORT позиция (100.0% сигналов)
2025-04-24 18:27:38,870 - portfolio_optimizer - INFO - Тикер PHOR использован как SHORT позиция (100.0% сигналов)
2025-04-24 18:27:38,871 - portfolio_optimizer - INFO - Тикер ROSN использован как SHORT позиция (100.0% сигналов)
2025-04-24 18:27:38,872 - portfolio_optimizer - INFO - Тикер RUAL использован как SHORT позиция (100.0% сигналов)
2025-04-24 18:27:38,873 - portfolio_optimizer - INFO - Тикер SBER использован как SHORT позиция (100.0% сигналов)
2025-04-24 18:27:38,874 - portfolio_optimizer - INFO - Тикер SIBN использован как SHORT позиция (100.0% сигналов)
2025-04-24 18:27:38,875 - portfolio_optimizer - INFO - Тикер SNGS использован как SHORT позиция (100.0% сигналов)
2025-04-24 18:27:38,876 - portfolio_optimizer - INFO - Тикер TATN использован как SHORT позиция (100.0% сигналов)
2025-04-24 18:27:38,878 - portfolio_optimizer - INFO - Рассчитаны доходности для 16 позиций
2025-04-24 18:27:38,879 - portfolio_optimizer - INFO - Запуск оптимизации портфеля для 16 активов (с учетом long/short)
2025-04-24 18:27:38,949 - portfolio_optimizer - INFO - Оптимизация успешно завершена
2025-04-24 18:27:38,950 - portfolio_optimizer - INFO -   AFKS_LONG: 0.2000
2025-04-24 18:27:38,950 - portfolio_optimizer - INFO -   LKOH_LONG: 0.1283
2025-04-24 18:27:38,950 - portfolio_optimizer - INFO -   NVTK_SHORT: 0.2000
2025-04-24 18:27:38,950 - portfolio_optimizer - INFO -   ROSN_SHORT: 0.2000
2025-04-24 18:27:38,950 - portfolio_optimizer - INFO -   SIBN_SHORT: 0.2000
2025-04-24 18:27:38,951 - portfolio_optimizer - INFO -   SNGS_SHORT: 0.0717
2025-04-24 18:27:38,951 - portfolio_optimizer - INFO - Расчет итогового портфеля с долей безрисковых активов 30.0%
2025-04-24 18:27:38,952 - portfolio_optimizer - INFO - Ожидаемая доходность портфеля: 9.01%, волатильность: 6.91%, Шарп: 0.22
2025-04-24 18:27:38,952 - portfolio_optimizer - INFO - Создание визуализации портфеля
2025-04-24 18:27:38,992 - portfolio_optimizer - INFO - График весов сохранен в /Users/aeshef/Documents/GitHub/kursach/data/improved_pipeline/short_selling/portfolio/portfolio/portfolio_weights_pie.png
2025-04-24 18:27:38,993 - portfolio_optimizer - INFO - Результаты сохранены в /Users/aeshef/Documents/GitHub/kursach/data/improved_pipeline/short_selling/portfolio/portfolio
2025-04-24 18:38:33,553 - portfolio_optimizer - INFO - Запуск пайплайна оптимизации портфеля
2025-04-24 18:38:33,554 - portfolio_optimizer - INFO - Загрузка данных из /Users/aeshef/Documents/GitHub/kursach/data/signals.csv
2025-04-24 18:38:33,715 - portfolio_optimizer - INFO - Загружено 7471 строк данных
2025-04-24 18:38:33,715 - portfolio_optimizer - INFO - Подготовка данных доходностей для оптимизации
2025-04-24 18:38:33,721 - portfolio_optimizer - INFO - Отфильтровано 7030 строк по shortlist и сигналам
2025-04-24 18:38:33,737 - portfolio_optimizer - INFO - Рассчитаны доходности для 16 тикеров
2025-04-24 18:38:33,738 - portfolio_optimizer - INFO - Запуск оптимизации портфеля для 16 активов
2025-04-24 18:38:33,768 - portfolio_optimizer - INFO - Оптимизация успешно завершена
2025-04-24 18:38:33,769 - portfolio_optimizer - INFO - Расчет итогового портфеля с долей безрисковых активов 30.0%
2025-04-24 18:38:33,769 - portfolio_optimizer - INFO - Ожидаемая доходность портфеля: 3.10%, волатильность: 14.42%, Шарп: -0.30
2025-04-24 18:38:33,770 - portfolio_optimizer - INFO - Создание визуализации портфеля
2025-04-24 18:38:33,806 - portfolio_optimizer - INFO - График весов сохранен в /Users/aeshef/Documents/GitHub/kursach/data/improved_pipeline/honest_backtest/train_portfolio/portfolio/portfolio_weights_pie.png
2025-04-24 18:38:33,807 - portfolio_optimizer - INFO - Результаты сохранены в /Users/aeshef/Documents/GitHub/kursach/data/improved_pipeline/honest_backtest/train_portfolio/portfolio
2025-04-24 18:39:03,820 - portfolio_optimizer - INFO - Запуск пайплайна оптимизации портфеля
2025-04-24 18:39:03,821 - portfolio_optimizer - INFO - Загрузка данных из /Users/aeshef/Documents/GitHub/kursach/data/improved_pipeline/short_selling/signals_modified.csv
2025-04-24 18:39:03,978 - portfolio_optimizer - INFO - Загружено 7471 строк данных
2025-04-24 18:39:03,978 - portfolio_optimizer - INFO - Подготовка данных доходностей для оптимизации с учетом шортов
2025-04-24 18:39:03,991 - portfolio_optimizer - INFO - Тикер AFKS использован как LONG позиция (100.0% сигналов)
2025-04-24 18:39:03,992 - portfolio_optimizer - INFO - Тикер ALRS использован как LONG позиция (100.0% сигналов)
2025-04-24 18:39:03,993 - portfolio_optimizer - INFO - Тикер GAZP использован как LONG позиция (100.0% сигналов)
2025-04-24 18:39:03,994 - portfolio_optimizer - INFO - Тикер GMKN использован как LONG позиция (100.0% сигналов)
2025-04-24 18:39:03,995 - portfolio_optimizer - INFO - Тикер LKOH использован как LONG позиция (100.0% сигналов)
2025-04-24 18:39:03,996 - portfolio_optimizer - INFO - Тикер MAGN использован как LONG позиция (100.0% сигналов)
2025-04-24 18:39:03,997 - portfolio_optimizer - INFO - Тикер MTSS использован как LONG позиция (100.0% сигналов)
2025-04-24 18:39:03,998 - portfolio_optimizer - INFO - Тикер MVID использован как LONG позиция (100.0% сигналов)
2025-04-24 18:39:03,999 - portfolio_optimizer - INFO - Тикер NVTK использован как SHORT позиция (100.0% сигналов)
2025-04-24 18:39:04,000 - portfolio_optimizer - INFO - Тикер PHOR использован как SHORT позиция (100.0% сигналов)
2025-04-24 18:39:04,001 - portfolio_optimizer - INFO - Тикер ROSN использован как SHORT позиция (100.0% сигналов)
2025-04-24 18:39:04,002 - portfolio_optimizer - INFO - Тикер RUAL использован как SHORT позиция (100.0% сигналов)
2025-04-24 18:39:04,003 - portfolio_optimizer - INFO - Тикер SBER использован как SHORT позиция (100.0% сигналов)
2025-04-24 18:39:04,005 - portfolio_optimizer - INFO - Тикер SIBN использован как SHORT позиция (100.0% сигналов)
2025-04-24 18:39:04,006 - portfolio_optimizer - INFO - Тикер SNGS использован как SHORT позиция (100.0% сигналов)
2025-04-24 18:39:04,007 - portfolio_optimizer - INFO - Тикер TATN использован как SHORT позиция (100.0% сигналов)
2025-04-24 18:39:04,010 - portfolio_optimizer - INFO - Рассчитаны доходности для 16 позиций
2025-04-24 18:39:04,010 - portfolio_optimizer - INFO - Запуск оптимизации портфеля для 16 активов (с учетом long/short)
2025-04-24 18:39:04,078 - portfolio_optimizer - INFO - Оптимизация успешно завершена
2025-04-24 18:39:04,078 - portfolio_optimizer - INFO -   AFKS_LONG: 0.2000
2025-04-24 18:39:04,078 - portfolio_optimizer - INFO -   LKOH_LONG: 0.1283
2025-04-24 18:39:04,079 - portfolio_optimizer - INFO -   NVTK_SHORT: 0.2000
2025-04-24 18:39:04,079 - portfolio_optimizer - INFO -   ROSN_SHORT: 0.2000
2025-04-24 18:39:04,079 - portfolio_optimizer - INFO -   SIBN_SHORT: 0.2000
2025-04-24 18:39:04,079 - portfolio_optimizer - INFO -   SNGS_SHORT: 0.0717
2025-04-24 18:39:04,080 - portfolio_optimizer - INFO - Расчет итогового портфеля с долей безрисковых активов 30.0%
2025-04-24 18:39:04,080 - portfolio_optimizer - INFO - Ожидаемая доходность портфеля: 9.01%, волатильность: 6.91%, Шарп: 0.22
2025-04-24 18:39:04,081 - portfolio_optimizer - INFO - Создание визуализации портфеля
2025-04-24 18:39:04,123 - portfolio_optimizer - INFO - График весов сохранен в /Users/aeshef/Documents/GitHub/kursach/data/improved_pipeline/short_selling/portfolio/portfolio/portfolio_weights_pie.png
2025-04-24 18:39:04,124 - portfolio_optimizer - INFO - Результаты сохранены в /Users/aeshef/Documents/GitHub/kursach/data/improved_pipeline/short_selling/portfolio/portfolio
2025-04-24 18:46:03,485 - portfolio_optimizer - INFO - Запуск пайплайна оптимизации портфеля
2025-04-24 18:46:03,486 - portfolio_optimizer - INFO - Загрузка данных из /Users/aeshef/Documents/GitHub/kursach/data/signals.csv
2025-04-24 18:46:03,638 - portfolio_optimizer - INFO - Загружено 7471 строк данных
2025-04-24 18:46:03,639 - portfolio_optimizer - INFO - Подготовка данных доходностей для оптимизации
2025-04-24 18:46:03,642 - portfolio_optimizer - INFO - Отфильтровано 7030 строк по shortlist и сигналам
2025-04-24 18:46:03,656 - portfolio_optimizer - INFO - Рассчитаны доходности для 16 тикеров
2025-04-24 18:46:03,657 - portfolio_optimizer - INFO - Запуск оптимизации портфеля для 16 активов
2025-04-24 18:46:03,689 - portfolio_optimizer - INFO - Оптимизация успешно завершена
2025-04-24 18:46:03,689 - portfolio_optimizer - INFO - Расчет итогового портфеля с долей безрисковых активов 30.0%
2025-04-24 18:46:03,690 - portfolio_optimizer - INFO - Ожидаемая доходность портфеля: 3.10%, волатильность: 14.42%, Шарп: -0.30
2025-04-24 18:46:03,690 - portfolio_optimizer - INFO - Создание визуализации портфеля
2025-04-24 18:46:03,727 - portfolio_optimizer - INFO - График весов сохранен в /Users/aeshef/Documents/GitHub/kursach/data/improved_pipeline/honest_backtest/train_portfolio/portfolio/portfolio_weights_pie.png
2025-04-24 18:46:03,728 - portfolio_optimizer - INFO - Результаты сохранены в /Users/aeshef/Documents/GitHub/kursach/data/improved_pipeline/honest_backtest/train_portfolio/portfolio
2025-04-24 18:46:34,232 - portfolio_optimizer - INFO - Запуск пайплайна оптимизации портфеля
2025-04-24 18:46:34,233 - portfolio_optimizer - INFO - Загрузка данных из /Users/aeshef/Documents/GitHub/kursach/data/improved_pipeline/short_selling/signals_modified.csv
2025-04-24 18:46:34,384 - portfolio_optimizer - INFO - Загружено 7471 строк данных
2025-04-24 18:46:34,384 - portfolio_optimizer - INFO - Подготовка данных доходностей для оптимизации с учетом шортов
2025-04-24 18:46:34,394 - portfolio_optimizer - INFO - Тикер AFKS использован как LONG позиция (100.0% сигналов)
2025-04-24 18:46:34,395 - portfolio_optimizer - INFO - Тикер ALRS использован как LONG позиция (100.0% сигналов)
2025-04-24 18:46:34,397 - portfolio_optimizer - INFO - Тикер GAZP использован как LONG позиция (100.0% сигналов)
2025-04-24 18:46:34,398 - portfolio_optimizer - INFO - Тикер GMKN использован как LONG позиция (100.0% сигналов)
2025-04-24 18:46:34,399 - portfolio_optimizer - INFO - Тикер LKOH использован как LONG позиция (100.0% сигналов)
2025-04-24 18:46:34,400 - portfolio_optimizer - INFO - Тикер MAGN использован как LONG позиция (100.0% сигналов)
2025-04-24 18:46:34,401 - portfolio_optimizer - INFO - Тикер MTSS использован как LONG позиция (100.0% сигналов)
2025-04-24 18:46:34,401 - portfolio_optimizer - INFO - Тикер MVID использован как LONG позиция (100.0% сигналов)
2025-04-24 18:46:34,402 - portfolio_optimizer - INFO - Тикер NVTK использован как SHORT позиция (100.0% сигналов)
2025-04-24 18:46:34,403 - portfolio_optimizer - INFO - Тикер PHOR использован как SHORT позиция (100.0% сигналов)
2025-04-24 18:46:34,404 - portfolio_optimizer - INFO - Тикер ROSN использован как SHORT позиция (100.0% сигналов)
2025-04-24 18:46:34,405 - portfolio_optimizer - INFO - Тикер RUAL использован как SHORT позиция (100.0% сигналов)
2025-04-24 18:46:34,406 - portfolio_optimizer - INFO - Тикер SBER использован как SHORT позиция (100.0% сигналов)
2025-04-24 18:46:34,406 - portfolio_optimizer - INFO - Тикер SIBN использован как SHORT позиция (100.0% сигналов)
2025-04-24 18:46:34,407 - portfolio_optimizer - INFO - Тикер SNGS использован как SHORT позиция (100.0% сигналов)
2025-04-24 18:46:34,408 - portfolio_optimizer - INFO - Тикер TATN использован как SHORT позиция (100.0% сигналов)
2025-04-24 18:46:34,411 - portfolio_optimizer - INFO - Рассчитаны доходности для 16 позиций
2025-04-24 18:46:34,411 - portfolio_optimizer - INFO - Запуск оптимизации портфеля для 16 активов (с учетом long/short)
2025-04-24 18:46:34,479 - portfolio_optimizer - INFO - Оптимизация успешно завершена
2025-04-24 18:46:34,479 - portfolio_optimizer - INFO -   AFKS_LONG: 0.2000
2025-04-24 18:46:34,479 - portfolio_optimizer - INFO -   LKOH_LONG: 0.1283
2025-04-24 18:46:34,480 - portfolio_optimizer - INFO -   NVTK_SHORT: 0.2000
2025-04-24 18:46:34,480 - portfolio_optimizer - INFO -   ROSN_SHORT: 0.2000
2025-04-24 18:46:34,480 - portfolio_optimizer - INFO -   SIBN_SHORT: 0.2000
2025-04-24 18:46:34,481 - portfolio_optimizer - INFO -   SNGS_SHORT: 0.0717
2025-04-24 18:46:34,481 - portfolio_optimizer - INFO - Расчет итогового портфеля с долей безрисковых активов 30.0%
2025-04-24 18:46:34,482 - portfolio_optimizer - INFO - Ожидаемая доходность портфеля: 9.01%, волатильность: 6.91%, Шарп: 0.22
2025-04-24 18:46:34,482 - portfolio_optimizer - INFO - Создание визуализации портфеля
2025-04-24 18:46:34,522 - portfolio_optimizer - INFO - График весов сохранен в /Users/aeshef/Documents/GitHub/kursach/data/improved_pipeline/short_selling/portfolio/portfolio/portfolio_weights_pie.png
2025-04-24 18:46:34,524 - portfolio_optimizer - INFO - Результаты сохранены в /Users/aeshef/Documents/GitHub/kursach/data/improved_pipeline/short_selling/portfolio/portfolio
2025-04-24 18:47:51,383 - portfolio_optimizer - INFO - Запуск пайплайна оптимизации портфеля
2025-04-24 18:47:51,384 - portfolio_optimizer - INFO - Загрузка данных из /Users/aeshef/Documents/GitHub/kursach/data/signals.csv
2025-04-24 18:47:51,535 - portfolio_optimizer - INFO - Загружено 7471 строк данных
2025-04-24 18:47:51,536 - portfolio_optimizer - INFO - Подготовка данных доходностей для оптимизации
2025-04-24 18:47:51,539 - portfolio_optimizer - INFO - Отфильтровано 7030 строк по shortlist и сигналам
2025-04-24 18:47:51,555 - portfolio_optimizer - INFO - Рассчитаны доходности для 16 тикеров
2025-04-24 18:47:51,556 - portfolio_optimizer - INFO - Запуск оптимизации портфеля для 16 активов
2025-04-24 18:47:51,587 - portfolio_optimizer - INFO - Оптимизация успешно завершена
2025-04-24 18:47:51,587 - portfolio_optimizer - INFO - Расчет итогового портфеля с долей безрисковых активов 30.0%
2025-04-24 18:47:51,588 - portfolio_optimizer - INFO - Ожидаемая доходность портфеля: 3.10%, волатильность: 14.42%, Шарп: -0.30
2025-04-24 18:47:51,588 - portfolio_optimizer - INFO - Создание визуализации портфеля
2025-04-24 18:47:51,624 - portfolio_optimizer - INFO - График весов сохранен в /Users/aeshef/Documents/GitHub/kursach/data/improved_pipeline/honest_backtest/train_portfolio/portfolio/portfolio_weights_pie.png
2025-04-24 18:47:51,625 - portfolio_optimizer - INFO - Результаты сохранены в /Users/aeshef/Documents/GitHub/kursach/data/improved_pipeline/honest_backtest/train_portfolio/portfolio
2025-04-24 18:48:22,210 - portfolio_optimizer - INFO - Запуск пайплайна оптимизации портфеля
2025-04-24 18:48:22,211 - portfolio_optimizer - INFO - Загрузка данных из /Users/aeshef/Documents/GitHub/kursach/data/improved_pipeline/short_selling/signals_modified.csv
2025-04-24 18:48:22,369 - portfolio_optimizer - INFO - Загружено 7471 строк данных
2025-04-24 18:48:22,369 - portfolio_optimizer - INFO - Подготовка данных доходностей для оптимизации с учетом шортов
2025-04-24 18:48:22,380 - portfolio_optimizer - INFO - Тикер AFKS использован как LONG позиция (100.0% сигналов)
2025-04-24 18:48:22,381 - portfolio_optimizer - INFO - Тикер ALRS использован как LONG позиция (100.0% сигналов)
2025-04-24 18:48:22,382 - portfolio_optimizer - INFO - Тикер GAZP использован как LONG позиция (100.0% сигналов)
2025-04-24 18:48:22,383 - portfolio_optimizer - INFO - Тикер GMKN использован как LONG позиция (100.0% сигналов)
2025-04-24 18:48:22,384 - portfolio_optimizer - INFO - Тикер LKOH использован как LONG позиция (100.0% сигналов)
2025-04-24 18:48:22,385 - portfolio_optimizer - INFO - Тикер MAGN использован как LONG позиция (100.0% сигналов)
2025-04-24 18:48:22,386 - portfolio_optimizer - INFO - Тикер MTSS использован как LONG позиция (100.0% сигналов)
2025-04-24 18:48:22,387 - portfolio_optimizer - INFO - Тикер MVID использован как LONG позиция (100.0% сигналов)
2025-04-24 18:48:22,387 - portfolio_optimizer - INFO - Тикер NVTK использован как SHORT позиция (100.0% сигналов)
2025-04-24 18:48:22,388 - portfolio_optimizer - INFO - Тикер PHOR использован как SHORT позиция (100.0% сигналов)
2025-04-24 18:48:22,389 - portfolio_optimizer - INFO - Тикер ROSN использован как SHORT позиция (100.0% сигналов)
2025-04-24 18:48:22,390 - portfolio_optimizer - INFO - Тикер RUAL использован как SHORT позиция (100.0% сигналов)
2025-04-24 18:48:22,391 - portfolio_optimizer - INFO - Тикер SBER использован как SHORT позиция (100.0% сигналов)
2025-04-24 18:48:22,391 - portfolio_optimizer - INFO - Тикер SIBN использован как SHORT позиция (100.0% сигналов)
2025-04-24 18:48:22,392 - portfolio_optimizer - INFO - Тикер SNGS использован как SHORT позиция (100.0% сигналов)
2025-04-24 18:48:22,393 - portfolio_optimizer - INFO - Тикер TATN использован как SHORT позиция (100.0% сигналов)
2025-04-24 18:48:22,396 - portfolio_optimizer - INFO - Рассчитаны доходности для 16 позиций
2025-04-24 18:48:22,396 - portfolio_optimizer - INFO - Запуск оптимизации портфеля для 16 активов (с учетом long/short)
2025-04-24 18:48:22,463 - portfolio_optimizer - INFO - Оптимизация успешно завершена
2025-04-24 18:48:22,463 - portfolio_optimizer - INFO -   AFKS_LONG: 0.2000
2025-04-24 18:48:22,463 - portfolio_optimizer - INFO -   LKOH_LONG: 0.1283
2025-04-24 18:48:22,464 - portfolio_optimizer - INFO -   NVTK_SHORT: 0.2000
2025-04-24 18:48:22,464 - portfolio_optimizer - INFO -   ROSN_SHORT: 0.2000
2025-04-24 18:48:22,464 - portfolio_optimizer - INFO -   SIBN_SHORT: 0.2000
2025-04-24 18:48:22,465 - portfolio_optimizer - INFO -   SNGS_SHORT: 0.0717
2025-04-24 18:48:22,465 - portfolio_optimizer - INFO - Расчет итогового портфеля с долей безрисковых активов 30.0%
2025-04-24 18:48:22,466 - portfolio_optimizer - INFO - Ожидаемая доходность портфеля: 9.01%, волатильность: 6.91%, Шарп: 0.22
2025-04-24 18:48:22,466 - portfolio_optimizer - INFO - Создание визуализации портфеля
2025-04-24 18:48:22,506 - portfolio_optimizer - INFO - График весов сохранен в /Users/aeshef/Documents/GitHub/kursach/data/improved_pipeline/short_selling/portfolio/portfolio/portfolio_weights_pie.png
2025-04-24 18:48:22,507 - portfolio_optimizer - INFO - Результаты сохранены в /Users/aeshef/Documents/GitHub/kursach/data/improved_pipeline/short_selling/portfolio/portfolio
2025-04-24 18:57:10,359 - portfolio_optimizer - INFO - Запуск пайплайна оптимизации портфеля
2025-04-24 18:57:10,360 - portfolio_optimizer - INFO - Загрузка данных из /Users/aeshef/Documents/GitHub/kursach/data/signals.csv
2025-04-24 18:57:10,513 - portfolio_optimizer - INFO - Загружено 7471 строк данных
2025-04-24 18:57:10,513 - portfolio_optimizer - INFO - Подготовка данных доходностей для оптимизации
2025-04-24 18:57:10,517 - portfolio_optimizer - INFO - Отфильтровано 7030 строк по shortlist и сигналам
2025-04-24 18:57:10,535 - portfolio_optimizer - INFO - Рассчитаны доходности для 16 тикеров
2025-04-24 18:57:10,536 - portfolio_optimizer - INFO - Запуск оптимизации портфеля для 16 активов
2025-04-24 18:57:10,567 - portfolio_optimizer - INFO - Оптимизация успешно завершена
2025-04-24 18:57:10,567 - portfolio_optimizer - INFO - Расчет итогового портфеля с долей безрисковых активов 30.0%
2025-04-24 18:57:10,568 - portfolio_optimizer - INFO - Ожидаемая доходность портфеля: 3.10%, волатильность: 14.42%, Шарп: -0.30
2025-04-24 18:57:10,569 - portfolio_optimizer - INFO - Создание визуализации портфеля
2025-04-24 18:57:10,606 - portfolio_optimizer - INFO - График весов сохранен в /Users/aeshef/Documents/GitHub/kursach/data/improved_pipeline/honest_backtest/train_portfolio/portfolio/portfolio_weights_pie.png
2025-04-24 18:57:10,607 - portfolio_optimizer - INFO - Результаты сохранены в /Users/aeshef/Documents/GitHub/kursach/data/improved_pipeline/honest_backtest/train_portfolio/portfolio
2025-04-24 18:57:41,654 - portfolio_optimizer - INFO - Запуск пайплайна оптимизации портфеля
2025-04-24 18:57:41,655 - portfolio_optimizer - INFO - Загрузка данных из /Users/aeshef/Documents/GitHub/kursach/data/improved_pipeline/short_selling/signals_modified.csv
2025-04-24 18:57:41,808 - portfolio_optimizer - INFO - Загружено 7471 строк данных
2025-04-24 18:57:41,808 - portfolio_optimizer - INFO - Подготовка данных доходностей для оптимизации с учетом шортов
2025-04-24 18:57:41,819 - portfolio_optimizer - INFO - Тикер AFKS использован как LONG позиция (100.0% сигналов)
2025-04-24 18:57:41,820 - portfolio_optimizer - INFO - Тикер ALRS использован как LONG позиция (100.0% сигналов)
2025-04-24 18:57:41,821 - portfolio_optimizer - INFO - Тикер GAZP использован как LONG позиция (100.0% сигналов)
2025-04-24 18:57:41,822 - portfolio_optimizer - INFO - Тикер GMKN использован как LONG позиция (100.0% сигналов)
2025-04-24 18:57:41,823 - portfolio_optimizer - INFO - Тикер LKOH использован как LONG позиция (100.0% сигналов)
2025-04-24 18:57:41,824 - portfolio_optimizer - INFO - Тикер MAGN использован как LONG позиция (100.0% сигналов)
2025-04-24 18:57:41,825 - portfolio_optimizer - INFO - Тикер MTSS использован как LONG позиция (100.0% сигналов)
2025-04-24 18:57:41,826 - portfolio_optimizer - INFO - Тикер MVID использован как LONG позиция (100.0% сигналов)
2025-04-24 18:57:41,827 - portfolio_optimizer - INFO - Тикер NVTK использован как SHORT позиция (100.0% сигналов)
2025-04-24 18:57:41,827 - portfolio_optimizer - INFO - Тикер PHOR использован как SHORT позиция (100.0% сигналов)
2025-04-24 18:57:41,828 - portfolio_optimizer - INFO - Тикер ROSN использован как SHORT позиция (100.0% сигналов)
2025-04-24 18:57:41,829 - portfolio_optimizer - INFO - Тикер RUAL использован как SHORT позиция (100.0% сигналов)
2025-04-24 18:57:41,830 - portfolio_optimizer - INFO - Тикер SBER использован как SHORT позиция (100.0% сигналов)
2025-04-24 18:57:41,831 - portfolio_optimizer - INFO - Тикер SIBN использован как SHORT позиция (100.0% сигналов)
2025-04-24 18:57:41,832 - portfolio_optimizer - INFO - Тикер SNGS использован как SHORT позиция (100.0% сигналов)
2025-04-24 18:57:41,833 - portfolio_optimizer - INFO - Тикер TATN использован как SHORT позиция (100.0% сигналов)
2025-04-24 18:57:41,835 - portfolio_optimizer - INFO - Рассчитаны доходности для 16 позиций
2025-04-24 18:57:41,836 - portfolio_optimizer - INFO - Запуск оптимизации портфеля для 16 активов (с учетом long/short)
2025-04-24 18:57:41,902 - portfolio_optimizer - INFO - Оптимизация успешно завершена
2025-04-24 18:57:41,902 - portfolio_optimizer - INFO -   AFKS_LONG: 0.2000
2025-04-24 18:57:41,903 - portfolio_optimizer - INFO -   LKOH_LONG: 0.1283
2025-04-24 18:57:41,903 - portfolio_optimizer - INFO -   NVTK_SHORT: 0.2000
2025-04-24 18:57:41,903 - portfolio_optimizer - INFO -   ROSN_SHORT: 0.2000
2025-04-24 18:57:41,904 - portfolio_optimizer - INFO -   SIBN_SHORT: 0.2000
2025-04-24 18:57:41,904 - portfolio_optimizer - INFO -   SNGS_SHORT: 0.0717
2025-04-24 18:57:41,904 - portfolio_optimizer - INFO - Расчет итогового портфеля с долей безрисковых активов 30.0%
2025-04-24 18:57:41,905 - portfolio_optimizer - INFO - Ожидаемая доходность портфеля: 9.01%, волатильность: 6.91%, Шарп: 0.22
2025-04-24 18:57:41,905 - portfolio_optimizer - INFO - Создание визуализации портфеля
2025-04-24 18:57:41,946 - portfolio_optimizer - INFO - График весов сохранен в /Users/aeshef/Documents/GitHub/kursach/data/improved_pipeline/short_selling/portfolio/portfolio/portfolio_weights_pie.png
2025-04-24 18:57:41,947 - portfolio_optimizer - INFO - Результаты сохранены в /Users/aeshef/Documents/GitHub/kursach/data/improved_pipeline/short_selling/portfolio/portfolio
